============================= test session starts ==============================
platform linux -- Python 3.8.10, pytest-6.2.4, py-1.10.0, pluggy-0.13.1
rootdir: /dc-app-performance-toolkit/app
plugins: apiritif-0.9.8
collected 14 items

selenium_ui/jira_ui.py first driver inits
node_id:i-00e57178e78893fc7
1635152900402,469,selenium_login:open_login_page,Success,True
1635152902666,2263,selenium_login:login_and_view_dashboard,Success,True
1635152902666,2733,selenium_login,Success,True
.test_0_selenium_a_login,Total:1 Passed:1 Failed:0
1635152903166,481,selenium_browse_projects_list,Success,True
.test_1_selenium_browse_projects_list,Total:2 Passed:2 Failed:0
1635152904947,1780,selenium_browse_boards_list,Success,True
.test_1_selenium_browse_boards_list,Total:3 Passed:3 Failed:0
1635152905813,849,selenium_create_issue:open_quick_create,Success,True
1635152907067,612,selenium_create_issue:fill_and_submit_issue_form:submit_issue_form,Success,True
1635152907067,1253,selenium_create_issue:fill_and_submit_issue_form,Success,True
1635152907067,2103,selenium_create_issue,Success,True
.test_1_selenium_create_issue,Total:4 Passed:4 Failed:0
1635152907878,795,selenium_edit_issue:open_edit_issue_form,Success,True
1635152908900,541,selenium_edit_issue:save_edit_issue_form,Success,True
1635152908900,1817,selenium_edit_issue,Success,True
.test_1_selenium_edit_issue,Total:5 Passed:5 Failed:0
1635152909213,310,selenium_save_comment:open_comment_form,Success,True
1635152912468,2613,selenium_save_comment:submit_form,Success,True
1635152912468,3566,selenium_save_comment,Success,True
.test_1_selenium_save_comment,Total:6 Passed:6 Failed:0
1635152914521,2051,selenium_search_jql,Success,True
.test_1_selenium_search_jql,Total:7 Passed:7 Failed:0
1635152917913,3390,selenium_view_scrum_board_backlog,Success,True
.test_1_selenium_view_backlog_for_scrum_board,Total:8 Passed:8 Failed:0
1635152920530,2615,selenium_view_scrum_board,Success,True
.test_1_selenium_view_scrum_board,Total:9 Passed:9 Failed:0
1635152921323,791,selenium_view_kanban_board,Success,True
.test_1_selenium_view_kanban_board,Total:10 Passed:10 Failed:0
1635152921578,253,selenium_view_dashboard,Success,True
.test_1_selenium_view_dashboard,Total:11 Passed:11 Failed:0
1635152923119,1539,selenium_view_issue,Success,True
.test_1_selenium_view_issue,Total:12 Passed:12 Failed:0
1635152925178,2058,selenium_project_summary,Success,True
.test_1_selenium_view_project_summary,Total:13 Passed:13 Failed:0
1635152925483,303,selenium_log_out,Success,True
.test_2_selenium_z_log_out,Total:14 Passed:14 Failed:0


=============================== warnings summary ===============================
../../usr/local/lib/python3.8/dist-packages/_pytest/config/__init__.py:1114
  /usr/local/lib/python3.8/dist-packages/_pytest/config/__init__.py:1114: PytestAssertRewriteWarning: Module already imported so cannot be rewritten: apiritif
    self._mark_plugins_for_rewrite(hook)

-- Docs: https://docs.pytest.org/en/stable/warnings.html
======================== 14 passed, 1 warning in 26.74s ========================
============================= test session starts ==============================
platform linux -- Python 3.8.10, pytest-6.2.4, py-1.10.0, pluggy-0.13.1
rootdir: /dc-app-performance-toolkit/app
plugins: apiritif-0.9.8
collected 14 items

selenium_ui/jira_ui.py get driver from global
clear browser cookies
node_id:i-00e57178e78893fc7
1635152925665,115,selenium_login:open_login_page,Success,True
1635152926183,517,selenium_login:login_and_view_dashboard,Success,True
1635152926183,634,selenium_login,Success,True
.test_0_selenium_a_login,Total:15 Passed:15 Failed:0
1635152926442,241,selenium_browse_projects_list,Success,True
.test_1_selenium_browse_projects_list,Total:16 Passed:16 Failed:0
1635152926740,296,selenium_browse_boards_list,Success,True
.test_1_selenium_browse_boards_list,Total:17 Passed:17 Failed:0
1635152927461,705,selenium_create_issue:open_quick_create,Success,True
1635152928543,600,selenium_create_issue:fill_and_submit_issue_form:submit_issue_form,Success,True
1635152928544,1082,selenium_create_issue:fill_and_submit_issue_form,Success,True
1635152928544,1787,selenium_create_issue,Success,True
.test_1_selenium_create_issue,Total:18 Passed:18 Failed:0
1635152929018,458,selenium_edit_issue:open_edit_issue_form,Success,True
1635152930040,608,selenium_edit_issue:save_edit_issue_form,Success,True
1635152930040,1481,selenium_edit_issue,Success,True
.test_1_selenium_edit_issue,Total:19 Passed:19 Failed:0
1635152930398,356,selenium_save_comment:open_comment_form,Success,True
1635152931415,918,selenium_save_comment:submit_form,Success,True
1635152931415,1373,selenium_save_comment,Success,True
.test_1_selenium_save_comment,Total:20 Passed:20 Failed:0
1635152932602,1185,selenium_search_jql,Success,True
.test_1_selenium_search_jql,Total:21 Passed:21 Failed:0
1635152933903,1299,selenium_view_scrum_board_backlog,Success,True
.test_1_selenium_view_backlog_for_scrum_board,Total:22 Passed:22 Failed:0
1635152934666,761,selenium_view_scrum_board,Success,True
.test_1_selenium_view_scrum_board,Total:23 Passed:23 Failed:0
1635152935580,912,selenium_view_kanban_board,Success,True
.test_1_selenium_view_kanban_board,Total:24 Passed:24 Failed:0
1635152935959,377,selenium_view_dashboard,Success,True
.test_1_selenium_view_dashboard,Total:25 Passed:25 Failed:0
1635152936752,791,selenium_view_issue,Success,True
.test_1_selenium_view_issue,Total:26 Passed:26 Failed:0
1635152937128,374,selenium_project_summary,Success,True
.test_1_selenium_view_project_summary,Total:27 Passed:27 Failed:0
1635152937450,320,selenium_log_out,Success,True
.test_2_selenium_z_log_out,Total:28 Passed:28 Failed:0


=============================== warnings summary ===============================
../../usr/local/lib/python3.8/dist-packages/_pytest/config/__init__.py:1114
  /usr/local/lib/python3.8/dist-packages/_pytest/config/__init__.py:1114: PytestAssertRewriteWarning: Module already imported so cannot be rewritten: apiritif
    self._mark_plugins_for_rewrite(hook)

-- Docs: https://docs.pytest.org/en/stable/warnings.html
======================== 14 passed, 1 warning in 11.93s ========================
============================= test session starts ==============================
platform linux -- Python 3.8.10, pytest-6.2.4, py-1.10.0, pluggy-0.13.1
rootdir: /dc-app-performance-toolkit/app
plugins: apiritif-0.9.8
collected 14 items

selenium_ui/jira_ui.py get driver from global
clear browser cookies
node_id:i-00e57178e78893fc7
1635152937627,115,selenium_login:open_login_page,Success,True
1635152938087,459,selenium_login:login_and_view_dashboard,Success,True
1635152938087,575,selenium_login,Success,True
.test_0_selenium_a_login,Total:29 Passed:29 Failed:0
1635152938350,245,selenium_browse_projects_list,Success,True
.test_1_selenium_browse_projects_list,Total:30 Passed:30 Failed:0
1635152938610,259,selenium_browse_boards_list,Success,True
.test_1_selenium_browse_boards_list,Total:31 Passed:31 Failed:0
1635152939287,657,selenium_create_issue:open_quick_create,Success,True
1635152940349,600,selenium_create_issue:fill_and_submit_issue_form:submit_issue_form,Success,True
1635152940349,1062,selenium_create_issue:fill_and_submit_issue_form,Success,True
1635152940349,1719,selenium_create_issue,Success,True
.test_1_selenium_create_issue,Total:32 Passed:32 Failed:0
1635152940817,451,selenium_edit_issue:open_edit_issue_form,Success,True
1635152941818,527,selenium_edit_issue:save_edit_issue_form,Success,True
1635152941819,1452,selenium_edit_issue,Success,True
.test_1_selenium_edit_issue,Total:33 Passed:33 Failed:0
1635152942107,286,selenium_save_comment:open_comment_form,Success,True
1635152944136,1851,selenium_save_comment:submit_form,Success,True
1635152944137,2316,selenium_save_comment,Success,True
.test_1_selenium_save_comment,Total:34 Passed:34 Failed:0
1635152945369,1231,selenium_search_jql,Success,True
.test_1_selenium_search_jql,Total:35 Passed:35 Failed:0
1635152946165,794,selenium_view_scrum_board_backlog,Success,True
.test_1_selenium_view_backlog_for_scrum_board,Total:36 Passed:36 Failed:0
1635152946923,756,selenium_view_scrum_board,Success,True
.test_1_selenium_view_scrum_board,Total:37 Passed:37 Failed:0
1635152947628,704,selenium_view_kanban_board,Success,True
.test_1_selenium_view_kanban_board,Total:38 Passed:38 Failed:0
1635152948067,437,selenium_view_dashboard,Success,True
.test_1_selenium_view_dashboard,Total:39 Passed:39 Failed:0
1635152948843,773,selenium_view_issue,Success,True
.test_1_selenium_view_issue,Total:40 Passed:40 Failed:0
1635152949180,335,selenium_project_summary,Success,True
.test_1_selenium_view_project_summary,Total:41 Passed:41 Failed:0
1635152949486,305,selenium_log_out,Success,True
.test_2_selenium_z_log_out,Total:42 Passed:42 Failed:0


=============================== warnings summary ===============================
../../usr/local/lib/python3.8/dist-packages/_pytest/config/__init__.py:1114
  /usr/local/lib/python3.8/dist-packages/_pytest/config/__init__.py:1114: PytestAssertRewriteWarning: Module already imported so cannot be rewritten: apiritif
    self._mark_plugins_for_rewrite(hook)

-- Docs: https://docs.pytest.org/en/stable/warnings.html
======================== 14 passed, 1 warning in 12.00s ========================
============================= test session starts ==============================
platform linux -- Python 3.8.10, pytest-6.2.4, py-1.10.0, pluggy-0.13.1
rootdir: /dc-app-performance-toolkit/app
plugins: apiritif-0.9.8
collected 14 items

selenium_ui/jira_ui.py get driver from global
clear browser cookies
node_id:i-00e57178e78893fc7
1635152949663,113,selenium_login:open_login_page,Success,True
1635152950101,437,selenium_login:login_and_view_dashboard,Success,True
1635152950101,551,selenium_login,Success,True
.test_0_selenium_a_login,Total:43 Passed:43 Failed:0
1635152950375,255,selenium_browse_projects_list,Success,True
.test_1_selenium_browse_projects_list,Total:44 Passed:44 Failed:0
1635152950617,241,selenium_browse_boards_list,Success,True
.test_1_selenium_browse_boards_list,Total:45 Passed:45 Failed:0
1635152951368,734,selenium_create_issue:open_quick_create,Success,True
1635152952590,687,selenium_create_issue:fill_and_submit_issue_form:submit_issue_form,Success,True
1635152952590,1221,selenium_create_issue:fill_and_submit_issue_form,Success,True
1635152952591,1956,selenium_create_issue,Success,True
.test_1_selenium_create_issue,Total:46 Passed:46 Failed:0
1635152953050,443,selenium_edit_issue:open_edit_issue_form,Success,True
1635152954135,628,selenium_edit_issue:save_edit_issue_form,Success,True
1635152954135,1528,selenium_edit_issue,Success,True
.test_1_selenium_edit_issue,Total:47 Passed:47 Failed:0
1635152954438,300,selenium_save_comment:open_comment_form,Success,True
1635152955537,955,selenium_save_comment:submit_form,Success,True
1635152955538,1400,selenium_save_comment,Success,True
.test_1_selenium_save_comment,Total:48 Passed:48 Failed:0
1635152956662,1122,selenium_search_jql,Success,True
.test_1_selenium_search_jql,Total:49 Passed:49 Failed:0
1635152957931,1267,selenium_view_scrum_board_backlog,Success,True
.test_1_selenium_view_backlog_for_scrum_board,Total:50 Passed:50 Failed:0
1635152958693,761,selenium_view_scrum_board,Success,True
.test_1_selenium_view_scrum_board,Total:51 Passed:51 Failed:0
1635152959683,988,selenium_view_kanban_board,Success,True
.test_1_selenium_view_kanban_board,Total:52 Passed:52 Failed:0
1635152960026,341,selenium_view_dashboard,Success,True
.test_1_selenium_view_dashboard,Total:53 Passed:53 Failed:0
1635152960857,828,selenium_view_issue,Success,True
.test_1_selenium_view_issue,Total:54 Passed:54 Failed:0
1635152961315,456,selenium_project_summary,Success,True
.test_1_selenium_view_project_summary,Total:55 Passed:55 Failed:0
1635152961655,338,selenium_log_out,Success,True
.test_2_selenium_z_log_out,Total:56 Passed:56 Failed:0


=============================== warnings summary ===============================
../../usr/local/lib/python3.8/dist-packages/_pytest/config/__init__.py:1114
  /usr/local/lib/python3.8/dist-packages/_pytest/config/__init__.py:1114: PytestAssertRewriteWarning: Module already imported so cannot be rewritten: apiritif
    self._mark_plugins_for_rewrite(hook)

-- Docs: https://docs.pytest.org/en/stable/warnings.html
======================== 14 passed, 1 warning in 12.13s ========================
============================= test session starts ==============================
platform linux -- Python 3.8.10, pytest-6.2.4, py-1.10.0, pluggy-0.13.1
rootdir: /dc-app-performance-toolkit/app
plugins: apiritif-0.9.8
collected 14 items

selenium_ui/jira_ui.py get driver from global
clear browser cookies
node_id:i-00e57178e78893fc7
1635152961832,115,selenium_login:open_login_page,Success,True
1635152962311,479,selenium_login:login_and_view_dashboard,Success,True
1635152962311,595,selenium_login,Success,True
.test_0_selenium_a_login,Total:57 Passed:57 Failed:0
1635152962591,261,selenium_browse_projects_list,Success,True
.test_1_selenium_browse_projects_list,Total:58 Passed:58 Failed:0
1635152962829,236,selenium_browse_boards_list,Success,True
.test_1_selenium_browse_boards_list,Total:59 Passed:59 Failed:0
1635152963592,746,selenium_create_issue:open_quick_create,Success,True
1635152964736,601,selenium_create_issue:fill_and_submit_issue_form:submit_issue_form,Success,True
1635152964736,1143,selenium_create_issue:fill_and_submit_issue_form,Success,True
1635152964736,1890,selenium_create_issue,Success,True
.test_1_selenium_create_issue,Total:60 Passed:60 Failed:0
1635152965177,424,selenium_edit_issue:open_edit_issue_form,Success,True
1635152966221,559,selenium_edit_issue:save_edit_issue_form,Success,True
1635152966222,1468,selenium_edit_issue,Success,True
.test_1_selenium_edit_issue,Total:61 Passed:61 Failed:0
1635152966582,358,selenium_save_comment:open_comment_form,Success,True
1635152967730,999,selenium_save_comment:submit_form,Success,True
1635152967730,1507,selenium_save_comment,Success,True
.test_1_selenium_save_comment,Total:62 Passed:62 Failed:0
1635152968837,1105,selenium_search_jql,Success,True
.test_1_selenium_search_jql,Total:63 Passed:63 Failed:0
1635152970075,1236,selenium_view_scrum_board_backlog,Success,True
.test_1_selenium_view_backlog_for_scrum_board,Total:64 Passed:64 Failed:0
1635152970860,783,selenium_view_scrum_board,Success,True
.test_1_selenium_view_scrum_board,Total:65 Passed:65 Failed:0
1635152971572,710,selenium_view_kanban_board,Success,True
.test_1_selenium_view_kanban_board,Total:66 Passed:66 Failed:0
1635152971826,253,selenium_view_dashboard,Success,True
.test_1_selenium_view_dashboard,Total:67 Passed:67 Failed:0
1635152972694,866,selenium_view_issue,Success,True
.test_1_selenium_view_issue,Total:68 Passed:68 Failed:0
1635152973122,426,selenium_project_summary,Success,True
.test_1_selenium_view_project_summary,Total:69 Passed:69 Failed:0
1635152973418,294,selenium_log_out,Success,True
.test_2_selenium_z_log_out,Total:70 Passed:70 Failed:0


=============================== warnings summary ===============================
../../usr/local/lib/python3.8/dist-packages/_pytest/config/__init__.py:1114
  /usr/local/lib/python3.8/dist-packages/_pytest/config/__init__.py:1114: PytestAssertRewriteWarning: Module already imported so cannot be rewritten: apiritif
    self._mark_plugins_for_rewrite(hook)

-- Docs: https://docs.pytest.org/en/stable/warnings.html
======================== 14 passed, 1 warning in 11.73s ========================
============================= test session starts ==============================
platform linux -- Python 3.8.10, pytest-6.2.4, py-1.10.0, pluggy-0.13.1
rootdir: /dc-app-performance-toolkit/app
plugins: apiritif-0.9.8
collected 14 items

selenium_ui/jira_ui.py get driver from global
clear browser cookies
node_id:i-00e57178e78893fc7
1635152973593,115,selenium_login:open_login_page,Success,True
1635152974078,484,selenium_login:login_and_view_dashboard,Success,True
1635152974078,600,selenium_login,Success,True
.test_0_selenium_a_login,Total:71 Passed:71 Failed:0
1635152974346,248,selenium_browse_projects_list,Success,True
.test_1_selenium_browse_projects_list,Total:72 Passed:72 Failed:0
1635152974588,240,selenium_browse_boards_list,Success,True
.test_1_selenium_browse_boards_list,Total:73 Passed:73 Failed:0
1635152975237,632,selenium_create_issue:open_quick_create,Success,True
1635152976289,598,selenium_create_issue:fill_and_submit_issue_form:submit_issue_form,Success,True
1635152976290,1052,selenium_create_issue:fill_and_submit_issue_form,Success,True
1635152976290,1685,selenium_create_issue,Success,True
.test_1_selenium_create_issue,Total:74 Passed:74 Failed:0
1635152976786,479,selenium_edit_issue:open_edit_issue_form,Success,True
1635152977719,485,selenium_edit_issue:save_edit_issue_form,Success,True
1635152977719,1413,selenium_edit_issue,Success,True
.test_1_selenium_edit_issue,Total:75 Passed:75 Failed:0
1635152978050,329,selenium_save_comment:open_comment_form,Success,True
1635152979255,1023,selenium_save_comment:submit_form,Success,True
1635152979255,1534,selenium_save_comment,Success,True
.test_1_selenium_save_comment,Total:76 Passed:76 Failed:0
1635152980436,1179,selenium_search_jql,Success,True
.test_1_selenium_search_jql,Total:77 Passed:77 Failed:0
1635152981302,863,selenium_view_scrum_board_backlog,Success,True
.test_1_selenium_view_backlog_for_scrum_board,Total:78 Passed:78 Failed:0
1635152982161,858,selenium_view_scrum_board,Success,True
.test_1_selenium_view_scrum_board,Total:79 Passed:79 Failed:0
1635152982913,750,selenium_view_kanban_board,Success,True
.test_1_selenium_view_kanban_board,Total:80 Passed:80 Failed:0
1635152983153,238,selenium_view_dashboard,Success,True
.test_1_selenium_view_dashboard,Total:81 Passed:81 Failed:0
1635152984044,888,selenium_view_issue,Success,True
.test_1_selenium_view_issue,Total:82 Passed:82 Failed:0
1635152984511,466,selenium_project_summary,Success,True
.test_1_selenium_view_project_summary,Total:83 Passed:83 Failed:0
1635152984801,288,selenium_log_out,Success,True
.test_2_selenium_z_log_out,Total:84 Passed:84 Failed:0


=============================== warnings summary ===============================
../../usr/local/lib/python3.8/dist-packages/_pytest/config/__init__.py:1114
  /usr/local/lib/python3.8/dist-packages/_pytest/config/__init__.py:1114: PytestAssertRewriteWarning: Module already imported so cannot be rewritten: apiritif
    self._mark_plugins_for_rewrite(hook)

-- Docs: https://docs.pytest.org/en/stable/warnings.html
======================== 14 passed, 1 warning in 11.35s ========================
============================= test session starts ==============================
platform linux -- Python 3.8.10, pytest-6.2.4, py-1.10.0, pluggy-0.13.1
rootdir: /dc-app-performance-toolkit/app
plugins: apiritif-0.9.8
collected 14 items

selenium_ui/jira_ui.py get driver from global
clear browser cookies
node_id:i-00e57178e78893fc7
1635152984984,117,selenium_login:open_login_page,Success,True
1635152985460,475,selenium_login:login_and_view_dashboard,Success,True
1635152985460,593,selenium_login,Success,True
.test_0_selenium_a_login,Total:85 Passed:85 Failed:0
1635152985726,245,selenium_browse_projects_list,Success,True
.test_1_selenium_browse_projects_list,Total:86 Passed:86 Failed:0
1635152985978,250,selenium_browse_boards_list,Success,True
.test_1_selenium_browse_boards_list,Total:87 Passed:87 Failed:0
1635152986782,784,selenium_create_issue:open_quick_create,Success,True
1635152987912,610,selenium_create_issue:fill_and_submit_issue_form:submit_issue_form,Success,True
1635152987912,1129,selenium_create_issue:fill_and_submit_issue_form,Success,True
1635152987912,1914,selenium_create_issue,Success,True
.test_1_selenium_create_issue,Total:88 Passed:88 Failed:0
1635152988391,460,selenium_edit_issue:open_edit_issue_form,Success,True
1635152989633,750,selenium_edit_issue:save_edit_issue_form,Success,True
1635152989633,1702,selenium_edit_issue,Success,True
.test_1_selenium_edit_issue,Total:89 Passed:89 Failed:0
1635152989868,233,selenium_save_comment:open_comment_form,Success,True
1635152991020,1005,selenium_save_comment:submit_form,Success,True
1635152991020,1385,selenium_save_comment,Success,True
.test_1_selenium_save_comment,Total:90 Passed:90 Failed:0
1635152992166,1144,selenium_search_jql,Success,True
.test_1_selenium_search_jql,Total:91 Passed:91 Failed:0
1635152993473,1305,selenium_view_scrum_board_backlog,Success,True
.test_1_selenium_view_backlog_for_scrum_board,Total:92 Passed:92 Failed:0
1635152994265,790,selenium_view_scrum_board,Success,True
.test_1_selenium_view_scrum_board,Total:93 Passed:93 Failed:0
1635152995158,891,selenium_view_kanban_board,Success,True
.test_1_selenium_view_kanban_board,Total:94 Passed:94 Failed:0
1635152995506,345,selenium_view_dashboard,Success,True
.test_1_selenium_view_dashboard,Total:95 Passed:95 Failed:0
1635152996518,1010,selenium_view_issue,Success,True
.test_1_selenium_view_issue,Total:96 Passed:96 Failed:0
1635152996872,351,selenium_project_summary,Success,True
.test_1_selenium_view_project_summary,Total:97 Passed:97 Failed:0
1635152997184,310,selenium_log_out,Success,True
.test_2_selenium_z_log_out,Total:98 Passed:98 Failed:0


=============================== warnings summary ===============================
../../usr/local/lib/python3.8/dist-packages/_pytest/config/__init__.py:1114
  /usr/local/lib/python3.8/dist-packages/_pytest/config/__init__.py:1114: PytestAssertRewriteWarning: Module already imported so cannot be rewritten: apiritif
    self._mark_plugins_for_rewrite(hook)

-- Docs: https://docs.pytest.org/en/stable/warnings.html
======================== 14 passed, 1 warning in 12.34s ========================
============================= test session starts ==============================
platform linux -- Python 3.8.10, pytest-6.2.4, py-1.10.0, pluggy-0.13.1
rootdir: /dc-app-performance-toolkit/app
plugins: apiritif-0.9.8
collected 14 items

selenium_ui/jira_ui.py get driver from global
clear browser cookies
node_id:i-00e57178e78893fc7
1635152997375,127,selenium_login:open_login_page,Success,True
1635152997914,539,selenium_login:login_and_view_dashboard,Success,True
1635152997914,666,selenium_login,Success,True
.test_0_selenium_a_login,Total:99 Passed:99 Failed:0
1635152998190,254,selenium_browse_projects_list,Success,True
.test_1_selenium_browse_projects_list,Total:100 Passed:100 Failed:0
1635152998442,251,selenium_browse_boards_list,Success,True
.test_1_selenium_browse_boards_list,Total:101 Passed:101 Failed:0
1635152999180,718,selenium_create_issue:open_quick_create,Success,True
1635153000345,611,selenium_create_issue:fill_and_submit_issue_form:submit_issue_form,Success,True
1635153000345,1165,selenium_create_issue:fill_and_submit_issue_form,Success,True
1635153000345,1883,selenium_create_issue,Success,True
.test_1_selenium_create_issue,Total:102 Passed:102 Failed:0
1635153000794,431,selenium_edit_issue:open_edit_issue_form,Success,True
1635153001806,541,selenium_edit_issue:save_edit_issue_form,Success,True
1635153001806,1443,selenium_edit_issue,Success,True
.test_1_selenium_edit_issue,Total:103 Passed:103 Failed:0
1635153002073,265,selenium_save_comment:open_comment_form,Success,True
1635153003298,1042,selenium_save_comment:submit_form,Success,True
1635153003298,1490,selenium_save_comment,Success,True
.test_1_selenium_save_comment,Total:104 Passed:104 Failed:0
1635153004422,1123,selenium_search_jql,Success,True
.test_1_selenium_search_jql,Total:105 Passed:105 Failed:0
1635153005736,1311,selenium_view_scrum_board_backlog,Success,True
.test_1_selenium_view_backlog_for_scrum_board,Total:106 Passed:106 Failed:0
1635153006522,784,selenium_view_scrum_board,Success,True
.test_1_selenium_view_scrum_board,Total:107 Passed:107 Failed:0
1635153007495,971,selenium_view_kanban_board,Success,True
.test_1_selenium_view_kanban_board,Total:108 Passed:108 Failed:0
1635153008041,544,selenium_view_dashboard,Success,True
.test_1_selenium_view_dashboard,Total:109 Passed:109 Failed:0
1635153008762,720,selenium_view_issue,Success,True
.test_1_selenium_view_issue,Total:110 Passed:110 Failed:0
1635153009179,414,selenium_project_summary,Success,True
.test_1_selenium_view_project_summary,Total:111 Passed:111 Failed:0
1635153009472,292,selenium_log_out,Success,True
.test_2_selenium_z_log_out,Total:112 Passed:112 Failed:0


=============================== warnings summary ===============================
../../usr/local/lib/python3.8/dist-packages/_pytest/config/__init__.py:1114
  /usr/local/lib/python3.8/dist-packages/_pytest/config/__init__.py:1114: PytestAssertRewriteWarning: Module already imported so cannot be rewritten: apiritif
    self._mark_plugins_for_rewrite(hook)

-- Docs: https://docs.pytest.org/en/stable/warnings.html
======================== 14 passed, 1 warning in 12.25s ========================
============================= test session starts ==============================
platform linux -- Python 3.8.10, pytest-6.2.4, py-1.10.0, pluggy-0.13.1
rootdir: /dc-app-performance-toolkit/app
plugins: apiritif-0.9.8
collected 14 items

selenium_ui/jira_ui.py get driver from global
clear browser cookies
node_id:i-00e57178e78893fc7
1635153009647,111,selenium_login:open_login_page,Success,True
1635153010137,490,selenium_login:login_and_view_dashboard,Success,True
1635153010137,602,selenium_login,Success,True
.test_0_selenium_a_login,Total:113 Passed:113 Failed:0
1635153010403,246,selenium_browse_projects_list,Success,True
.test_1_selenium_browse_projects_list,Total:114 Passed:114 Failed:0
1635153010647,242,selenium_browse_boards_list,Success,True
.test_1_selenium_browse_boards_list,Total:115 Passed:115 Failed:0
1635153011371,706,selenium_create_issue:open_quick_create,Success,True
1635153012528,601,selenium_create_issue:fill_and_submit_issue_form:submit_issue_form,Success,True
1635153012528,1156,selenium_create_issue:fill_and_submit_issue_form,Success,True
1635153012528,1863,selenium_create_issue,Success,True
.test_1_selenium_create_issue,Total:116 Passed:116 Failed:0
1635153012970,423,selenium_edit_issue:open_edit_issue_form,Success,True
1635153013969,542,selenium_edit_issue:save_edit_issue_form,Success,True
1635153013969,1423,selenium_edit_issue,Success,True
.test_1_selenium_edit_issue,Total:117 Passed:117 Failed:0
1635153014319,348,selenium_save_comment:open_comment_form,Success,True
1635153015378,957,selenium_save_comment:submit_form,Success,True
1635153015378,1407,selenium_save_comment,Success,True
.test_1_selenium_save_comment,Total:118 Passed:118 Failed:0
1635153016676,1296,selenium_search_jql,Success,True
.test_1_selenium_search_jql,Total:119 Passed:119 Failed:0
1635153017465,787,selenium_view_scrum_board_backlog,Success,True
.test_1_selenium_view_backlog_for_scrum_board,Total:120 Passed:120 Failed:0
1635153018319,852,selenium_view_scrum_board,Success,True
.test_1_selenium_view_scrum_board,Total:121 Passed:121 Failed:0
1635153018886,565,selenium_view_kanban_board,Success,True
.test_1_selenium_view_kanban_board,Total:122 Passed:122 Failed:0
1635153019292,404,selenium_view_dashboard,Success,True
.test_1_selenium_view_dashboard,Total:123 Passed:123 Failed:0
1635153020184,891,selenium_view_issue,Success,True
.test_1_selenium_view_issue,Total:124 Passed:124 Failed:0
1635153020546,360,selenium_project_summary,Success,True
.test_1_selenium_view_project_summary,Total:125 Passed:125 Failed:0
1635153020943,394,selenium_log_out,Success,True
.test_2_selenium_z_log_out,Total:126 Passed:126 Failed:0


=============================== warnings summary ===============================
../../usr/local/lib/python3.8/dist-packages/_pytest/config/__init__.py:1114
  /usr/local/lib/python3.8/dist-packages/_pytest/config/__init__.py:1114: PytestAssertRewriteWarning: Module already imported so cannot be rewritten: apiritif
    self._mark_plugins_for_rewrite(hook)

-- Docs: https://docs.pytest.org/en/stable/warnings.html
======================== 14 passed, 1 warning in 11.44s ========================
============================= test session starts ==============================
platform linux -- Python 3.8.10, pytest-6.2.4, py-1.10.0, pluggy-0.13.1
rootdir: /dc-app-performance-toolkit/app
plugins: apiritif-0.9.8
collected 14 items

selenium_ui/jira_ui.py get driver from global
clear browser cookies
node_id:i-00e57178e78893fc7
1635153021115,114,selenium_login:open_login_page,Success,True
1635153021569,453,selenium_login:login_and_view_dashboard,Success,True
1635153021569,568,selenium_login,Success,True
.test_0_selenium_a_login,Total:127 Passed:127 Failed:0
1635153021911,320,selenium_browse_projects_list,Success,True
.test_1_selenium_browse_projects_list,Total:128 Passed:128 Failed:0
1635153022159,246,selenium_browse_boards_list,Success,True
.test_1_selenium_browse_boards_list,Total:129 Passed:129 Failed:0
1635153022904,726,selenium_create_issue:open_quick_create,Success,True
1635153023999,614,selenium_create_issue:fill_and_submit_issue_form:submit_issue_form,Success,True
1635153023999,1094,selenium_create_issue:fill_and_submit_issue_form,Success,True
1635153023999,1821,selenium_create_issue,Success,True
.test_1_selenium_create_issue,Total:130 Passed:130 Failed:0
1635153024631,613,selenium_edit_issue:open_edit_issue_form,Success,True
1635153025504,548,selenium_edit_issue:save_edit_issue_form,Success,True
1635153025504,1487,selenium_edit_issue,Success,True
.test_1_selenium_edit_issue,Total:131 Passed:131 Failed:0
1635153025868,362,selenium_save_comment:open_comment_form,Success,True
1635153026926,914,selenium_save_comment:submit_form,Success,True
1635153026927,1420,selenium_save_comment,Success,True
.test_1_selenium_save_comment,Total:132 Passed:132 Failed:0
1635153028050,1122,selenium_search_jql,Success,True
.test_1_selenium_search_jql,Total:133 Passed:133 Failed:0
1635153029065,1013,selenium_view_scrum_board_backlog,Success,True
.test_1_selenium_view_backlog_for_scrum_board,Total:134 Passed:134 Failed:0
1635153029938,872,selenium_view_scrum_board,Success,True
.test_1_selenium_view_scrum_board,Total:135 Passed:135 Failed:0
1635153030814,874,selenium_view_kanban_board,Success,True
.test_1_selenium_view_kanban_board,Total:136 Passed:136 Failed:0
1635153031206,390,selenium_view_dashboard,Success,True
.test_1_selenium_view_dashboard,Total:137 Passed:137 Failed:0
1635153031908,700,selenium_view_issue,Success,True
.test_1_selenium_view_issue,Total:138 Passed:138 Failed:0
1635153032389,479,selenium_project_summary,Success,True
.test_1_selenium_view_project_summary,Total:139 Passed:139 Failed:0
1635153032678,288,selenium_log_out,Success,True
.test_2_selenium_z_log_out,Total:140 Passed:140 Failed:0


=============================== warnings summary ===============================
../../usr/local/lib/python3.8/dist-packages/_pytest/config/__init__.py:1114
  /usr/local/lib/python3.8/dist-packages/_pytest/config/__init__.py:1114: PytestAssertRewriteWarning: Module already imported so cannot be rewritten: apiritif
    self._mark_plugins_for_rewrite(hook)

-- Docs: https://docs.pytest.org/en/stable/warnings.html
======================== 14 passed, 1 warning in 11.70s ========================
============================= test session starts ==============================
platform linux -- Python 3.8.10, pytest-6.2.4, py-1.10.0, pluggy-0.13.1
rootdir: /dc-app-performance-toolkit/app
plugins: apiritif-0.9.8
collected 14 items

selenium_ui/jira_ui.py get driver from global
clear browser cookies
node_id:i-00e57178e78893fc7
1635153032881,112,selenium_login:open_login_page,Success,True
1635153033385,503,selenium_login:login_and_view_dashboard,Success,True
1635153033386,616,selenium_login,Success,True
.test_0_selenium_a_login,Total:141 Passed:141 Failed:0
1635153033694,287,selenium_browse_projects_list,Success,True
.test_1_selenium_browse_projects_list,Total:142 Passed:142 Failed:0
1635153033940,244,selenium_browse_boards_list,Success,True
.test_1_selenium_browse_boards_list,Total:143 Passed:143 Failed:0
1635153034688,729,selenium_create_issue:open_quick_create,Success,True
1635153035777,611,selenium_create_issue:fill_and_submit_issue_form:submit_issue_form,Success,True
1635153035777,1088,selenium_create_issue:fill_and_submit_issue_form,Success,True
1635153035778,1818,selenium_create_issue,Success,True
.test_1_selenium_create_issue,Total:144 Passed:144 Failed:0
1635153036293,497,selenium_edit_issue:open_edit_issue_form,Success,True
1635153037279,575,selenium_edit_issue:save_edit_issue_form,Success,True
1635153037279,1483,selenium_edit_issue,Success,True
.test_1_selenium_edit_issue,Total:145 Passed:145 Failed:0
1635153037643,362,selenium_save_comment:open_comment_form,Success,True
1635153038729,937,selenium_save_comment:submit_form,Success,True
1635153038729,1448,selenium_save_comment,Success,True
.test_1_selenium_save_comment,Total:146 Passed:146 Failed:0
1635153039839,1108,selenium_search_jql,Success,True
.test_1_selenium_search_jql,Total:147 Passed:147 Failed:0
1635153040723,881,selenium_view_scrum_board_backlog,Success,True
.test_1_selenium_view_backlog_for_scrum_board,Total:148 Passed:148 Failed:0
1635153041488,764,selenium_view_scrum_board,Success,True
.test_1_selenium_view_scrum_board,Total:149 Passed:149 Failed:0
1635153042773,1283,selenium_view_kanban_board,Success,True
.test_1_selenium_view_kanban_board,Total:150 Passed:150 Failed:0
1635153043143,368,selenium_view_dashboard,Success,True
.test_1_selenium_view_dashboard,Total:151 Passed:151 Failed:0
1635153043986,841,selenium_view_issue,Success,True
.test_1_selenium_view_issue,Total:152 Passed:152 Failed:0
1635153044396,408,selenium_project_summary,Success,True
.test_1_selenium_view_project_summary,Total:153 Passed:153 Failed:0
1635153044725,327,selenium_log_out,Success,True
.test_2_selenium_z_log_out,Total:154 Passed:154 Failed:0


=============================== warnings summary ===============================
../../usr/local/lib/python3.8/dist-packages/_pytest/config/__init__.py:1114
  /usr/local/lib/python3.8/dist-packages/_pytest/config/__init__.py:1114: PytestAssertRewriteWarning: Module already imported so cannot be rewritten: apiritif
    self._mark_plugins_for_rewrite(hook)

-- Docs: https://docs.pytest.org/en/stable/warnings.html
======================== 14 passed, 1 warning in 11.99s ========================
============================= test session starts ==============================
platform linux -- Python 3.8.10, pytest-6.2.4, py-1.10.0, pluggy-0.13.1
rootdir: /dc-app-performance-toolkit/app
plugins: apiritif-0.9.8
collected 14 items

selenium_ui/jira_ui.py get driver from global
clear browser cookies
node_id:i-00e57178e78893fc7
1635153044900,112,selenium_login:open_login_page,Success,True
1635153045392,491,selenium_login:login_and_view_dashboard,Success,True
1635153045392,604,selenium_login,Success,True
.test_0_selenium_a_login,Total:155 Passed:155 Failed:0
1635153045685,272,selenium_browse_projects_list,Success,True
.test_1_selenium_browse_projects_list,Total:156 Passed:156 Failed:0
1635153045936,248,selenium_browse_boards_list,Success,True
.test_1_selenium_browse_boards_list,Total:157 Passed:157 Failed:0
1635153046616,660,selenium_create_issue:open_quick_create,Success,True
1635153047792,598,selenium_create_issue:fill_and_submit_issue_form:submit_issue_form,Success,True
1635153047793,1176,selenium_create_issue:fill_and_submit_issue_form,Success,True
1635153047793,1837,selenium_create_issue,Success,True
.test_1_selenium_create_issue,Total:158 Passed:158 Failed:0
1635153048220,408,selenium_edit_issue:open_edit_issue_form,Success,True
1635153049216,534,selenium_edit_issue:save_edit_issue_form,Success,True
1635153049217,1405,selenium_edit_issue,Success,True
.test_1_selenium_edit_issue,Total:159 Passed:159 Failed:0
1635153049511,293,selenium_save_comment:open_comment_form,Success,True
1635153050662,997,selenium_save_comment:submit_form,Success,True
1635153050662,1444,selenium_save_comment,Success,True
.test_1_selenium_save_comment,Total:160 Passed:160 Failed:0
1635153051976,1312,selenium_search_jql,Success,True
.test_1_selenium_search_jql,Total:161 Passed:161 Failed:0
1635153053200,1222,selenium_view_scrum_board_backlog,Success,True
.test_1_selenium_view_backlog_for_scrum_board,Total:162 Passed:162 Failed:0
1635153053990,787,selenium_view_scrum_board,Success,True
.test_1_selenium_view_scrum_board,Total:163 Passed:163 Failed:0
1635153055321,1330,selenium_view_kanban_board,Success,True
.test_1_selenium_view_kanban_board,Total:164 Passed:164 Failed:0
1635153055759,435,selenium_view_dashboard,Success,True
.test_1_selenium_view_dashboard,Total:165 Passed:165 Failed:0
1635153056588,828,selenium_view_issue,Success,True
.test_1_selenium_view_issue,Total:166 Passed:166 Failed:0
1635153056939,349,selenium_project_summary,Success,True
.test_1_selenium_view_project_summary,Total:167 Passed:167 Failed:0
1635153057474,533,selenium_log_out,Success,True
.test_2_selenium_z_log_out,Total:168 Passed:168 Failed:0


=============================== warnings summary ===============================
../../usr/local/lib/python3.8/dist-packages/_pytest/config/__init__.py:1114
  /usr/local/lib/python3.8/dist-packages/_pytest/config/__init__.py:1114: PytestAssertRewriteWarning: Module already imported so cannot be rewritten: apiritif
    self._mark_plugins_for_rewrite(hook)

-- Docs: https://docs.pytest.org/en/stable/warnings.html
======================== 14 passed, 1 warning in 12.71s ========================
============================= test session starts ==============================
platform linux -- Python 3.8.10, pytest-6.2.4, py-1.10.0, pluggy-0.13.1
rootdir: /dc-app-performance-toolkit/app
plugins: apiritif-0.9.8
collected 14 items

selenium_ui/jira_ui.py get driver from global
clear browser cookies
node_id:i-00e57178e78893fc7
1635153057787,191,selenium_login:open_login_page,Success,True
1635153058423,635,selenium_login:login_and_view_dashboard,Success,True
1635153058423,827,selenium_login,Success,True
.test_0_selenium_a_login,Total:169 Passed:169 Failed:0
1635153058702,258,selenium_browse_projects_list,Success,True
.test_1_selenium_browse_projects_list,Total:170 Passed:170 Failed:0
1635153058957,253,selenium_browse_boards_list,Success,True
.test_1_selenium_browse_boards_list,Total:171 Passed:171 Failed:0
1635153059627,651,selenium_create_issue:open_quick_create,Success,True
1635153060735,599,selenium_create_issue:fill_and_submit_issue_form:submit_issue_form,Success,True
1635153060735,1107,selenium_create_issue:fill_and_submit_issue_form,Success,True
1635153060735,1759,selenium_create_issue,Success,True
.test_1_selenium_create_issue,Total:172 Passed:172 Failed:0
1635153061169,414,selenium_edit_issue:open_edit_issue_form,Success,True
1635153062270,644,selenium_edit_issue:save_edit_issue_form,Success,True
1635153062270,1515,selenium_edit_issue,Success,True
.test_1_selenium_edit_issue,Total:173 Passed:173 Failed:0
1635153062616,344,selenium_save_comment:open_comment_form,Success,True
1635153063680,968,selenium_save_comment:submit_form,Success,True
1635153063680,1408,selenium_save_comment,Success,True
.test_1_selenium_save_comment,Total:174 Passed:174 Failed:0
1635153064906,1224,selenium_search_jql,Success,True
.test_1_selenium_search_jql,Total:175 Passed:175 Failed:0
1635153065769,861,selenium_view_scrum_board_backlog,Success,True
.test_1_selenium_view_backlog_for_scrum_board,Total:176 Passed:176 Failed:0
1635153066633,863,selenium_view_scrum_board,Success,True
.test_1_selenium_view_scrum_board,Total:177 Passed:177 Failed:0
1635153067488,853,selenium_view_kanban_board,Success,True
.test_1_selenium_view_kanban_board,Total:178 Passed:178 Failed:0
1635153068114,624,selenium_view_dashboard,Success,True
.test_1_selenium_view_dashboard,Total:179 Passed:179 Failed:0
1635153068867,751,selenium_view_issue,Success,True
.test_1_selenium_view_issue,Total:180 Passed:180 Failed:0
1635153069238,369,selenium_project_summary,Success,True
.test_1_selenium_view_project_summary,Total:181 Passed:181 Failed:0
1635153069551,311,selenium_log_out,Success,True
.test_2_selenium_z_log_out,Total:182 Passed:182 Failed:0


=============================== warnings summary ===============================
../../usr/local/lib/python3.8/dist-packages/_pytest/config/__init__.py:1114
  /usr/local/lib/python3.8/dist-packages/_pytest/config/__init__.py:1114: PytestAssertRewriteWarning: Module already imported so cannot be rewritten: apiritif
    self._mark_plugins_for_rewrite(hook)

-- Docs: https://docs.pytest.org/en/stable/warnings.html
======================== 14 passed, 1 warning in 11.99s ========================
============================= test session starts ==============================
platform linux -- Python 3.8.10, pytest-6.2.4, py-1.10.0, pluggy-0.13.1
rootdir: /dc-app-performance-toolkit/app
plugins: apiritif-0.9.8
collected 14 items

selenium_ui/jira_ui.py get driver from global
clear browser cookies
node_id:i-00e57178e78893fc7
1635153069720,115,selenium_login:open_login_page,Success,True
1635153070183,463,selenium_login:login_and_view_dashboard,Success,True
1635153070184,579,selenium_login,Success,True
.test_0_selenium_a_login,Total:183 Passed:183 Failed:0
1635153070454,248,selenium_browse_projects_list,Success,True
.test_1_selenium_browse_projects_list,Total:184 Passed:184 Failed:0
1635153070709,253,selenium_browse_boards_list,Success,True
.test_1_selenium_browse_boards_list,Total:185 Passed:185 Failed:0
1635153071428,699,selenium_create_issue:open_quick_create,Success,True
1635153072547,607,selenium_create_issue:fill_and_submit_issue_form:submit_issue_form,Success,True
1635153072548,1119,selenium_create_issue:fill_and_submit_issue_form,Success,True
1635153072548,1818,selenium_create_issue,Success,True
.test_1_selenium_create_issue,Total:186 Passed:186 Failed:0
1635153073008,441,selenium_edit_issue:open_edit_issue_form,Success,True
1635153074013,540,selenium_edit_issue:save_edit_issue_form,Success,True
1635153074013,1446,selenium_edit_issue,Success,True
.test_1_selenium_edit_issue,Total:187 Passed:187 Failed:0
1635153074324,309,selenium_save_comment:open_comment_form,Success,True
1635153075455,979,selenium_save_comment:submit_form,Success,True
1635153075455,1440,selenium_save_comment,Success,True
.test_1_selenium_save_comment,Total:188 Passed:188 Failed:0
1635153076524,1067,selenium_search_jql,Success,True
.test_1_selenium_search_jql,Total:189 Passed:189 Failed:0
1635153077375,849,selenium_view_scrum_board_backlog,Success,True
.test_1_selenium_view_backlog_for_scrum_board,Total:190 Passed:190 Failed:0
1635153078270,893,selenium_view_scrum_board,Success,True
.test_1_selenium_view_scrum_board,Total:191 Passed:191 Failed:0
1635153079327,1055,selenium_view_kanban_board,Success,True
.test_1_selenium_view_kanban_board,Total:192 Passed:192 Failed:0
1635153079781,452,selenium_view_dashboard,Success,True
.test_1_selenium_view_dashboard,Total:193 Passed:193 Failed:0
1635153080699,917,selenium_view_issue,Success,True
.test_1_selenium_view_issue,Total:194 Passed:194 Failed:0
1635153081047,347,selenium_project_summary,Success,True
.test_1_selenium_view_project_summary,Total:195 Passed:195 Failed:0
1635153081342,293,selenium_log_out,Success,True
.test_2_selenium_z_log_out,Total:196 Passed:196 Failed:0


=============================== warnings summary ===============================
../../usr/local/lib/python3.8/dist-packages/_pytest/config/__init__.py:1114
  /usr/local/lib/python3.8/dist-packages/_pytest/config/__init__.py:1114: PytestAssertRewriteWarning: Module already imported so cannot be rewritten: apiritif
    self._mark_plugins_for_rewrite(hook)

-- Docs: https://docs.pytest.org/en/stable/warnings.html
======================== 14 passed, 1 warning in 11.76s ========================
============================= test session starts ==============================
platform linux -- Python 3.8.10, pytest-6.2.4, py-1.10.0, pluggy-0.13.1
rootdir: /dc-app-performance-toolkit/app
plugins: apiritif-0.9.8
collected 14 items

selenium_ui/jira_ui.py get driver from global
clear browser cookies
node_id:i-00e57178e78893fc7
1635153081523,123,selenium_login:open_login_page,Success,True
1635153081991,467,selenium_login:login_and_view_dashboard,Success,True
1635153081991,590,selenium_login,Success,True
.test_0_selenium_a_login,Total:197 Passed:197 Failed:0
1635153082258,246,selenium_browse_projects_list,Success,True
.test_1_selenium_browse_projects_list,Total:198 Passed:198 Failed:0
1635153082511,251,selenium_browse_boards_list,Success,True
.test_1_selenium_browse_boards_list,Total:199 Passed:199 Failed:0
1635153083257,725,selenium_create_issue:open_quick_create,Success,True
1635153084365,606,selenium_create_issue:fill_and_submit_issue_form:submit_issue_form,Success,True
1635153084365,1108,selenium_create_issue:fill_and_submit_issue_form,Success,True
1635153084365,1834,selenium_create_issue,Success,True
.test_1_selenium_create_issue,Total:200 Passed:200 Failed:0
1635153085048,663,selenium_edit_issue:open_edit_issue_form,Success,True
1635153085865,565,selenium_edit_issue:save_edit_issue_form,Success,True
1635153085865,1480,selenium_edit_issue,Success,True
.test_1_selenium_edit_issue,Total:201 Passed:201 Failed:0
1635153086229,362,selenium_save_comment:open_comment_form,Success,True
1635153087376,997,selenium_save_comment:submit_form,Success,True
1635153087376,1509,selenium_save_comment,Success,True
.test_1_selenium_save_comment,Total:202 Passed:202 Failed:0
1635153088575,1197,selenium_search_jql,Success,True
.test_1_selenium_search_jql,Total:203 Passed:203 Failed:0
1635153089411,834,selenium_view_scrum_board_backlog,Success,True
.test_1_selenium_view_backlog_for_scrum_board,Total:204 Passed:204 Failed:0
1635153090270,857,selenium_view_scrum_board,Success,True
.test_1_selenium_view_scrum_board,Total:205 Passed:205 Failed:0
1635153091361,1089,selenium_view_kanban_board,Success,True
.test_1_selenium_view_kanban_board,Total:206 Passed:206 Failed:0
1635153091779,416,selenium_view_dashboard,Success,True
.test_1_selenium_view_dashboard,Total:207 Passed:207 Failed:0
1635153092617,836,selenium_view_issue,Success,True
.test_1_selenium_view_issue,Total:208 Passed:208 Failed:0
1635153092966,347,selenium_project_summary,Success,True
.test_1_selenium_view_project_summary,Total:209 Passed:209 Failed:0
1635153093285,317,selenium_log_out,Success,True
.test_2_selenium_z_log_out,Total:210 Passed:210 Failed:0


=============================== warnings summary ===============================
../../usr/local/lib/python3.8/dist-packages/_pytest/config/__init__.py:1114
  /usr/local/lib/python3.8/dist-packages/_pytest/config/__init__.py:1114: PytestAssertRewriteWarning: Module already imported so cannot be rewritten: apiritif
    self._mark_plugins_for_rewrite(hook)

-- Docs: https://docs.pytest.org/en/stable/warnings.html
======================== 14 passed, 1 warning in 11.91s ========================
============================= test session starts ==============================
platform linux -- Python 3.8.10, pytest-6.2.4, py-1.10.0, pluggy-0.13.1
rootdir: /dc-app-performance-toolkit/app
plugins: apiritif-0.9.8
collected 14 items

selenium_ui/jira_ui.py get driver from global
clear browser cookies
node_id:i-00e57178e78893fc7
1635153093468,121,selenium_login:open_login_page,Success,True
1635153093925,457,selenium_login:login_and_view_dashboard,Success,True
1635153093925,578,selenium_login,Success,True
.test_0_selenium_a_login,Total:211 Passed:211 Failed:0
1635153094197,250,selenium_browse_projects_list,Success,True
.test_1_selenium_browse_projects_list,Total:212 Passed:212 Failed:0
1635153094453,254,selenium_browse_boards_list,Success,True
.test_1_selenium_browse_boards_list,Total:213 Passed:213 Failed:0
1635153095133,660,selenium_create_issue:open_quick_create,Success,True
1635153096242,607,selenium_create_issue:fill_and_submit_issue_form:submit_issue_form,Success,True
1635153096242,1109,selenium_create_issue:fill_and_submit_issue_form,Success,True
1635153096242,1769,selenium_create_issue,Success,True
.test_1_selenium_create_issue,Total:214 Passed:214 Failed:0
1635153096670,408,selenium_edit_issue:open_edit_issue_form,Success,True
1635153097755,639,selenium_edit_issue:save_edit_issue_form,Success,True
1635153097756,1494,selenium_edit_issue,Success,True
.test_1_selenium_edit_issue,Total:215 Passed:215 Failed:0
1635153098143,386,selenium_save_comment:open_comment_form,Success,True
1635153099171,931,selenium_save_comment:submit_form,Success,True
1635153099172,1414,selenium_save_comment,Success,True
.test_1_selenium_save_comment,Total:216 Passed:216 Failed:0
1635153100357,1183,selenium_search_jql,Success,True
.test_1_selenium_search_jql,Total:217 Passed:217 Failed:0
1635153101224,865,selenium_view_scrum_board_backlog,Success,True
.test_1_selenium_view_backlog_for_scrum_board,Total:218 Passed:218 Failed:0
1635153102102,876,selenium_view_scrum_board,Success,True
.test_1_selenium_view_scrum_board,Total:219 Passed:219 Failed:0
1635153102981,878,selenium_view_kanban_board,Success,True
.test_1_selenium_view_kanban_board,Total:220 Passed:220 Failed:0
1635153103365,382,selenium_view_dashboard,Success,True
.test_1_selenium_view_dashboard,Total:221 Passed:221 Failed:0
1635153104206,839,selenium_view_issue,Success,True
.test_1_selenium_view_issue,Total:222 Passed:222 Failed:0
1635153104518,310,selenium_project_summary,Success,True
.test_1_selenium_view_project_summary,Total:223 Passed:223 Failed:0
1635153105102,582,selenium_log_out,Success,True
.test_2_selenium_z_log_out,Total:224 Passed:224 Failed:0


=============================== warnings summary ===============================
../../usr/local/lib/python3.8/dist-packages/_pytest/config/__init__.py:1114
  /usr/local/lib/python3.8/dist-packages/_pytest/config/__init__.py:1114: PytestAssertRewriteWarning: Module already imported so cannot be rewritten: apiritif
    self._mark_plugins_for_rewrite(hook)

-- Docs: https://docs.pytest.org/en/stable/warnings.html
======================== 14 passed, 1 warning in 11.78s ========================
============================= test session starts ==============================
platform linux -- Python 3.8.10, pytest-6.2.4, py-1.10.0, pluggy-0.13.1
rootdir: /dc-app-performance-toolkit/app
plugins: apiritif-0.9.8
collected 14 items

selenium_ui/jira_ui.py get driver from global
clear browser cookies
node_id:i-00e57178e78893fc7
1635153105461,238,selenium_login:open_login_page,Success,True
1635153106037,575,selenium_login:login_and_view_dashboard,Success,True
1635153106037,814,selenium_login,Success,True
.test_0_selenium_a_login,Total:225 Passed:225 Failed:0
1635153106357,297,selenium_browse_projects_list,Success,True
.test_1_selenium_browse_projects_list,Total:226 Passed:226 Failed:0
1635153106620,261,selenium_browse_boards_list,Success,True
.test_1_selenium_browse_boards_list,Total:227 Passed:227 Failed:0
1635153107397,756,selenium_create_issue:open_quick_create,Success,True
1635153108498,607,selenium_create_issue:fill_and_submit_issue_form:submit_issue_form,Success,True
1635153108498,1100,selenium_create_issue:fill_and_submit_issue_form,Success,True
1635153108498,1857,selenium_create_issue,Success,True
.test_1_selenium_create_issue,Total:228 Passed:228 Failed:0
1635153108939,421,selenium_edit_issue:open_edit_issue_form,Success,True
1635153109870,512,selenium_edit_issue:save_edit_issue_form,Success,True
1635153109870,1352,selenium_edit_issue,Success,True
.test_1_selenium_edit_issue,Total:229 Passed:229 Failed:0
1635153110173,301,selenium_save_comment:open_comment_form,Success,True
1635153111228,905,selenium_save_comment:submit_form,Success,True
1635153111228,1356,selenium_save_comment,Success,True
.test_1_selenium_save_comment,Total:230 Passed:230 Failed:0
1635153112436,1206,selenium_search_jql,Success,True
.test_1_selenium_search_jql,Total:231 Passed:231 Failed:0
1635153113225,787,selenium_view_scrum_board_backlog,Success,True
.test_1_selenium_view_backlog_for_scrum_board,Total:232 Passed:232 Failed:0
1635153114083,856,selenium_view_scrum_board,Success,True
.test_1_selenium_view_scrum_board,Total:233 Passed:233 Failed:0
1635153115223,1138,selenium_view_kanban_board,Success,True
.test_1_selenium_view_kanban_board,Total:234 Passed:234 Failed:0
1635153115451,227,selenium_view_dashboard,Success,True
.test_1_selenium_view_dashboard,Total:235 Passed:235 Failed:0
1635153116171,717,selenium_view_issue,Success,True
.test_1_selenium_view_issue,Total:236 Passed:236 Failed:0
1635153116586,413,selenium_project_summary,Success,True
.test_1_selenium_view_project_summary,Total:237 Passed:237 Failed:0
1635153116924,337,selenium_log_out,Success,True
.test_2_selenium_z_log_out,Total:238 Passed:238 Failed:0


=============================== warnings summary ===============================
../../usr/local/lib/python3.8/dist-packages/_pytest/config/__init__.py:1114
  /usr/local/lib/python3.8/dist-packages/_pytest/config/__init__.py:1114: PytestAssertRewriteWarning: Module already imported so cannot be rewritten: apiritif
    self._mark_plugins_for_rewrite(hook)

-- Docs: https://docs.pytest.org/en/stable/warnings.html
======================== 14 passed, 1 warning in 11.73s ========================
============================= test session starts ==============================
platform linux -- Python 3.8.10, pytest-6.2.4, py-1.10.0, pluggy-0.13.1
rootdir: /dc-app-performance-toolkit/app
plugins: apiritif-0.9.8
collected 14 items

selenium_ui/jira_ui.py get driver from global
clear browser cookies
node_id:i-00e57178e78893fc7
1635153117102,114,selenium_login:open_login_page,Success,True
1635153117584,481,selenium_login:login_and_view_dashboard,Success,True
1635153117584,596,selenium_login,Success,True
.test_0_selenium_a_login,Total:239 Passed:239 Failed:0
1635153117860,247,selenium_browse_projects_list,Success,True
.test_1_selenium_browse_projects_list,Total:240 Passed:240 Failed:0
1635153118102,240,selenium_browse_boards_list,Success,True
.test_1_selenium_browse_boards_list,Total:241 Passed:241 Failed:0
1635153118825,703,selenium_create_issue:open_quick_create,Success,True
1635153119913,608,selenium_create_issue:fill_and_submit_issue_form:submit_issue_form,Success,True
1635153119913,1087,selenium_create_issue:fill_and_submit_issue_form,Success,True
1635153119913,1791,selenium_create_issue,Success,True
.test_1_selenium_create_issue,Total:242 Passed:242 Failed:0
1635153120373,439,selenium_edit_issue:open_edit_issue_form,Success,True
1635153121373,523,selenium_edit_issue:save_edit_issue_form,Success,True
1635153121373,1439,selenium_edit_issue,Success,True
.test_1_selenium_edit_issue,Total:243 Passed:243 Failed:0
1635153121649,274,selenium_save_comment:open_comment_form,Success,True
1635153122788,954,selenium_save_comment:submit_form,Success,True
1635153122788,1414,selenium_save_comment,Success,True
.test_1_selenium_save_comment,Total:244 Passed:244 Failed:0
1635153123980,1190,selenium_search_jql,Success,True
.test_1_selenium_search_jql,Total:245 Passed:245 Failed:0
1635153125199,1217,selenium_view_scrum_board_backlog,Success,True
.test_1_selenium_view_backlog_for_scrum_board,Total:246 Passed:246 Failed:0
1635153126001,799,selenium_view_scrum_board,Success,True
.test_1_selenium_view_scrum_board,Total:247 Passed:247 Failed:0
1635153126552,549,selenium_view_kanban_board,Success,True
.test_1_selenium_view_kanban_board,Total:248 Passed:248 Failed:0
1635153126836,282,selenium_view_dashboard,Success,True
.test_1_selenium_view_dashboard,Total:249 Passed:249 Failed:0
1635153127704,867,selenium_view_issue,Success,True
.test_1_selenium_view_issue,Total:250 Passed:250 Failed:0
1635153128115,409,selenium_project_summary,Success,True
.test_1_selenium_view_project_summary,Total:251 Passed:251 Failed:0
1635153128447,330,selenium_log_out,Success,True
.test_2_selenium_z_log_out,Total:252 Passed:252 Failed:0


=============================== warnings summary ===============================
../../usr/local/lib/python3.8/dist-packages/_pytest/config/__init__.py:1114
  /usr/local/lib/python3.8/dist-packages/_pytest/config/__init__.py:1114: PytestAssertRewriteWarning: Module already imported so cannot be rewritten: apiritif
    self._mark_plugins_for_rewrite(hook)

-- Docs: https://docs.pytest.org/en/stable/warnings.html
======================== 14 passed, 1 warning in 11.49s ========================
============================= test session starts ==============================
platform linux -- Python 3.8.10, pytest-6.2.4, py-1.10.0, pluggy-0.13.1
rootdir: /dc-app-performance-toolkit/app
plugins: apiritif-0.9.8
collected 14 items

selenium_ui/jira_ui.py get driver from global
clear browser cookies
node_id:i-00e57178e78893fc7
1635153128629,122,selenium_login:open_login_page,Success,True
1635153129111,481,selenium_login:login_and_view_dashboard,Success,True
1635153129111,604,selenium_login,Success,True
.test_0_selenium_a_login,Total:253 Passed:253 Failed:0
1635153129398,264,selenium_browse_projects_list,Success,True
.test_1_selenium_browse_projects_list,Total:254 Passed:254 Failed:0
1635153129672,272,selenium_browse_boards_list,Success,True
.test_1_selenium_browse_boards_list,Total:255 Passed:255 Failed:0
1635153130433,739,selenium_create_issue:open_quick_create,Success,True
1635153131540,609,selenium_create_issue:fill_and_submit_issue_form:submit_issue_form,Success,True
1635153131540,1106,selenium_create_issue:fill_and_submit_issue_form,Success,True
1635153131540,1846,selenium_create_issue,Success,True
.test_1_selenium_create_issue,Total:256 Passed:256 Failed:0
1635153132111,550,selenium_edit_issue:open_edit_issue_form,Success,True
1635153133002,561,selenium_edit_issue:save_edit_issue_form,Success,True
1635153133002,1441,selenium_edit_issue,Success,True
.test_1_selenium_edit_issue,Total:257 Passed:257 Failed:0
1635153133308,304,selenium_save_comment:open_comment_form,Success,True
1635153134470,1006,selenium_save_comment:submit_form,Success,True
1635153134470,1466,selenium_save_comment,Success,True
.test_1_selenium_save_comment,Total:258 Passed:258 Failed:0
1635153135708,1236,selenium_search_jql,Success,True
.test_1_selenium_search_jql,Total:259 Passed:259 Failed:0
1635153136897,1187,selenium_view_scrum_board_backlog,Success,True
.test_1_selenium_view_backlog_for_scrum_board,Total:260 Passed:260 Failed:0
1635153137648,749,selenium_view_scrum_board,Success,True
.test_1_selenium_view_scrum_board,Total:261 Passed:261 Failed:0
1635153138404,755,selenium_view_kanban_board,Success,True
.test_1_selenium_view_kanban_board,Total:262 Passed:262 Failed:0
1635153138766,360,selenium_view_dashboard,Success,True
.test_1_selenium_view_dashboard,Total:263 Passed:263 Failed:0
1635153139588,820,selenium_view_issue,Success,True
.test_1_selenium_view_issue,Total:264 Passed:264 Failed:0
1635153139989,399,selenium_project_summary,Success,True
.test_1_selenium_view_project_summary,Total:265 Passed:265 Failed:0
1635153140294,304,selenium_log_out,Success,True
.test_2_selenium_z_log_out,Total:266 Passed:266 Failed:0


=============================== warnings summary ===============================
../../usr/local/lib/python3.8/dist-packages/_pytest/config/__init__.py:1114
  /usr/local/lib/python3.8/dist-packages/_pytest/config/__init__.py:1114: PytestAssertRewriteWarning: Module already imported so cannot be rewritten: apiritif
    self._mark_plugins_for_rewrite(hook)

-- Docs: https://docs.pytest.org/en/stable/warnings.html
======================== 14 passed, 1 warning in 11.81s ========================
============================= test session starts ==============================
platform linux -- Python 3.8.10, pytest-6.2.4, py-1.10.0, pluggy-0.13.1
rootdir: /dc-app-performance-toolkit/app
plugins: apiritif-0.9.8
collected 14 items

selenium_ui/jira_ui.py get driver from global
clear browser cookies
node_id:i-00e57178e78893fc7
1635153140474,118,selenium_login:open_login_page,Success,True
1635153140923,449,selenium_login:login_and_view_dashboard,Success,True
1635153140924,568,selenium_login,Success,True
.test_0_selenium_a_login,Total:267 Passed:267 Failed:0
1635153141188,242,selenium_browse_projects_list,Success,True
.test_1_selenium_browse_projects_list,Total:268 Passed:268 Failed:0
1635153141426,235,selenium_browse_boards_list,Success,True
.test_1_selenium_browse_boards_list,Total:269 Passed:269 Failed:0
1635153142182,734,selenium_create_issue:open_quick_create,Success,True
1635153143300,606,selenium_create_issue:fill_and_submit_issue_form:submit_issue_form,Success,True
1635153143300,1117,selenium_create_issue:fill_and_submit_issue_form,Success,True
1635153143300,1852,selenium_create_issue,Success,True
.test_1_selenium_create_issue,Total:270 Passed:270 Failed:0
1635153143969,649,selenium_edit_issue:open_edit_issue_form,Success,True
1635153144747,533,selenium_edit_issue:save_edit_issue_form,Success,True
1635153144747,1427,selenium_edit_issue,Success,True
.test_1_selenium_edit_issue,Total:271 Passed:271 Failed:0
1635153144962,213,selenium_save_comment:open_comment_form,Success,True
1635153146619,1004,selenium_save_comment:submit_form,Success,True
1635153146619,1870,selenium_save_comment,Success,True
.test_1_selenium_save_comment,Total:272 Passed:272 Failed:0
1635153147813,1192,selenium_search_jql,Success,True
.test_1_selenium_search_jql,Total:273 Passed:273 Failed:0
1635153148836,1021,selenium_view_scrum_board_backlog,Success,True
.test_1_selenium_view_backlog_for_scrum_board,Total:274 Passed:274 Failed:0
1635153149686,848,selenium_view_scrum_board,Success,True
.test_1_selenium_view_scrum_board,Total:275 Passed:275 Failed:0
1635153150811,1124,selenium_view_kanban_board,Success,True
.test_1_selenium_view_kanban_board,Total:276 Passed:276 Failed:0
1635153151032,219,selenium_view_dashboard,Success,True
.test_1_selenium_view_dashboard,Total:277 Passed:277 Failed:0
1635153151946,911,selenium_view_issue,Success,True
.test_1_selenium_view_issue,Total:278 Passed:278 Failed:0
1635153152360,413,selenium_project_summary,Success,True
.test_1_selenium_view_project_summary,Total:279 Passed:279 Failed:0
1635153152646,284,selenium_log_out,Success,True
.test_2_selenium_z_log_out,Total:280 Passed:280 Failed:0


=============================== warnings summary ===============================
../../usr/local/lib/python3.8/dist-packages/_pytest/config/__init__.py:1114
  /usr/local/lib/python3.8/dist-packages/_pytest/config/__init__.py:1114: PytestAssertRewriteWarning: Module already imported so cannot be rewritten: apiritif
    self._mark_plugins_for_rewrite(hook)

-- Docs: https://docs.pytest.org/en/stable/warnings.html
======================== 14 passed, 1 warning in 12.32s ========================
============================= test session starts ==============================
platform linux -- Python 3.8.10, pytest-6.2.4, py-1.10.0, pluggy-0.13.1
rootdir: /dc-app-performance-toolkit/app
plugins: apiritif-0.9.8
collected 14 items

selenium_ui/jira_ui.py get driver from global
clear browser cookies
node_id:i-00e57178e78893fc7
1635153152821,113,selenium_login:open_login_page,Success,True
1635153153281,459,selenium_login:login_and_view_dashboard,Success,True
1635153153281,572,selenium_login,Success,True
.test_0_selenium_a_login,Total:281 Passed:281 Failed:0
1635153153564,259,selenium_browse_projects_list,Success,True
.test_1_selenium_browse_projects_list,Total:282 Passed:282 Failed:0
1635153153812,245,selenium_browse_boards_list,Success,True
.test_1_selenium_browse_boards_list,Total:283 Passed:283 Failed:0
1635153154575,743,selenium_create_issue:open_quick_create,Success,True
1635153155735,612,selenium_create_issue:fill_and_submit_issue_form:submit_issue_form,Success,True
1635153155735,1159,selenium_create_issue:fill_and_submit_issue_form,Success,True
1635153155735,1902,selenium_create_issue,Success,True
.test_1_selenium_create_issue,Total:284 Passed:284 Failed:0
1635153156363,604,selenium_edit_issue:open_edit_issue_form,Success,True
1635153157149,525,selenium_edit_issue:save_edit_issue_form,Success,True
1635153157149,1390,selenium_edit_issue,Success,True
.test_1_selenium_edit_issue,Total:285 Passed:285 Failed:0
1635153157417,266,selenium_save_comment:open_comment_form,Success,True
1635153158422,825,selenium_save_comment:submit_form,Success,True
1635153158422,1271,selenium_save_comment,Success,True
.test_1_selenium_save_comment,Total:286 Passed:286 Failed:0
1635153159768,1344,selenium_search_jql,Success,True
.test_1_selenium_search_jql,Total:287 Passed:287 Failed:0
1635153160738,967,selenium_view_scrum_board_backlog,Success,True
.test_1_selenium_view_backlog_for_scrum_board,Total:288 Passed:288 Failed:0
1635153161570,831,selenium_view_scrum_board,Success,True
.test_1_selenium_view_scrum_board,Total:289 Passed:289 Failed:0
1635153162714,1142,selenium_view_kanban_board,Success,True
.test_1_selenium_view_kanban_board,Total:290 Passed:290 Failed:0
1635153162967,252,selenium_view_dashboard,Success,True
.test_1_selenium_view_dashboard,Total:291 Passed:291 Failed:0
1635153163662,692,selenium_view_issue,Success,True
.test_1_selenium_view_issue,Total:292 Passed:292 Failed:0
1635153164129,466,selenium_project_summary,Success,True
.test_1_selenium_view_project_summary,Total:293 Passed:293 Failed:0
1635153164554,423,selenium_log_out,Success,True
.test_2_selenium_z_log_out,Total:294 Passed:294 Failed:0


=============================== warnings summary ===============================
../../usr/local/lib/python3.8/dist-packages/_pytest/config/__init__.py:1114
  /usr/local/lib/python3.8/dist-packages/_pytest/config/__init__.py:1114: PytestAssertRewriteWarning: Module already imported so cannot be rewritten: apiritif
    self._mark_plugins_for_rewrite(hook)

-- Docs: https://docs.pytest.org/en/stable/warnings.html
======================== 14 passed, 1 warning in 11.87s ========================
============================= test session starts ==============================
platform linux -- Python 3.8.10, pytest-6.2.4, py-1.10.0, pluggy-0.13.1
rootdir: /dc-app-performance-toolkit/app
plugins: apiritif-0.9.8
collected 14 items

selenium_ui/jira_ui.py get driver from global
clear browser cookies
node_id:i-00e57178e78893fc7
1635153164729,113,selenium_login:open_login_page,Success,True
1635153165218,488,selenium_login:login_and_view_dashboard,Success,True
1635153165218,602,selenium_login,Success,True
.test_0_selenium_a_login,Total:295 Passed:295 Failed:0
1635153165490,249,selenium_browse_projects_list,Success,True
.test_1_selenium_browse_projects_list,Total:296 Passed:296 Failed:0
1635153165745,253,selenium_browse_boards_list,Success,True
.test_1_selenium_browse_boards_list,Total:297 Passed:297 Failed:0
1635153166485,718,selenium_create_issue:open_quick_create,Success,True
1635153167595,604,selenium_create_issue:fill_and_submit_issue_form:submit_issue_form,Success,True
1635153167595,1109,selenium_create_issue:fill_and_submit_issue_form,Success,True
1635153167595,1828,selenium_create_issue,Success,True
.test_1_selenium_create_issue,Total:298 Passed:298 Failed:0
1635153168092,475,selenium_edit_issue:open_edit_issue_form,Success,True
1635153169035,521,selenium_edit_issue:save_edit_issue_form,Success,True
1635153169035,1418,selenium_edit_issue,Success,True
.test_1_selenium_edit_issue,Total:299 Passed:299 Failed:0
1635153169335,297,selenium_save_comment:open_comment_form,Success,True
1635153170434,942,selenium_save_comment:submit_form,Success,True
1635153170434,1397,selenium_save_comment,Success,True
.test_1_selenium_save_comment,Total:300 Passed:300 Failed:0
1635153171631,1196,selenium_search_jql,Success,True
.test_1_selenium_search_jql,Total:301 Passed:301 Failed:0
1635153172504,870,selenium_view_scrum_board_backlog,Success,True
.test_1_selenium_view_backlog_for_scrum_board,Total:302 Passed:302 Failed:0
1635153173361,855,selenium_view_scrum_board,Success,True
.test_1_selenium_view_scrum_board,Total:303 Passed:303 Failed:0
1635153173986,623,selenium_view_kanban_board,Success,True
.test_1_selenium_view_kanban_board,Total:304 Passed:304 Failed:0
1635153174364,377,selenium_view_dashboard,Success,True
.test_1_selenium_view_dashboard,Total:305 Passed:305 Failed:0
1635153175233,867,selenium_view_issue,Success,True
.test_1_selenium_view_issue,Total:306 Passed:306 Failed:0
1635153175636,401,selenium_project_summary,Success,True
.test_1_selenium_view_project_summary,Total:307 Passed:307 Failed:0
1635153175982,345,selenium_log_out,Success,True
.test_2_selenium_z_log_out,Total:308 Passed:308 Failed:0


=============================== warnings summary ===============================
../../usr/local/lib/python3.8/dist-packages/_pytest/config/__init__.py:1114
  /usr/local/lib/python3.8/dist-packages/_pytest/config/__init__.py:1114: PytestAssertRewriteWarning: Module already imported so cannot be rewritten: apiritif
    self._mark_plugins_for_rewrite(hook)

-- Docs: https://docs.pytest.org/en/stable/warnings.html
======================== 14 passed, 1 warning in 11.39s ========================
============================= test session starts ==============================
platform linux -- Python 3.8.10, pytest-6.2.4, py-1.10.0, pluggy-0.13.1
rootdir: /dc-app-performance-toolkit/app
plugins: apiritif-0.9.8
collected 14 items

selenium_ui/jira_ui.py get driver from global
clear browser cookies
node_id:i-00e57178e78893fc7
1635153176206,116,selenium_login:open_login_page,Success,True
1635153176661,454,selenium_login:login_and_view_dashboard,Success,True
1635153176661,572,selenium_login,Success,True
.test_0_selenium_a_login,Total:309 Passed:309 Failed:0
1635153176928,244,selenium_browse_projects_list,Success,True
.test_1_selenium_browse_projects_list,Total:310 Passed:310 Failed:0
1635153177178,248,selenium_browse_boards_list,Success,True
.test_1_selenium_browse_boards_list,Total:311 Passed:311 Failed:0
1635153177924,723,selenium_create_issue:open_quick_create,Success,True
1635153179089,606,selenium_create_issue:fill_and_submit_issue_form:submit_issue_form,Success,True
1635153179089,1165,selenium_create_issue:fill_and_submit_issue_form,Success,True
1635153179089,1888,selenium_create_issue,Success,True
.test_1_selenium_create_issue,Total:312 Passed:312 Failed:0
1635153179548,437,selenium_edit_issue:open_edit_issue_form,Success,True
1635153180571,569,selenium_edit_issue:save_edit_issue_form,Success,True
1635153180571,1460,selenium_edit_issue,Success,True
.test_1_selenium_edit_issue,Total:313 Passed:313 Failed:0
1635153180877,304,selenium_save_comment:open_comment_form,Success,True
1635153182010,975,selenium_save_comment:submit_form,Success,True
1635153182010,1438,selenium_save_comment,Success,True
.test_1_selenium_save_comment,Total:314 Passed:314 Failed:0
1635153183118,1106,selenium_search_jql,Success,True
.test_1_selenium_search_jql,Total:315 Passed:315 Failed:0
1635153184171,1050,selenium_view_scrum_board_backlog,Success,True
.test_1_selenium_view_backlog_for_scrum_board,Total:316 Passed:316 Failed:0
1635153185014,841,selenium_view_scrum_board,Success,True
.test_1_selenium_view_scrum_board,Total:317 Passed:317 Failed:0
1635153185786,770,selenium_view_kanban_board,Success,True
.test_1_selenium_view_kanban_board,Total:318 Passed:318 Failed:0
1635153186192,403,selenium_view_dashboard,Success,True
.test_1_selenium_view_dashboard,Total:319 Passed:319 Failed:0
1635153187001,808,selenium_view_issue,Success,True
.test_1_selenium_view_issue,Total:320 Passed:320 Failed:0
1635153187360,357,selenium_project_summary,Success,True
.test_1_selenium_view_project_summary,Total:321 Passed:321 Failed:0
1635153187689,327,selenium_log_out,Success,True
.test_2_selenium_z_log_out,Total:322 Passed:322 Failed:0


=============================== warnings summary ===============================
../../usr/local/lib/python3.8/dist-packages/_pytest/config/__init__.py:1114
  /usr/local/lib/python3.8/dist-packages/_pytest/config/__init__.py:1114: PytestAssertRewriteWarning: Module already imported so cannot be rewritten: apiritif
    self._mark_plugins_for_rewrite(hook)

-- Docs: https://docs.pytest.org/en/stable/warnings.html
======================== 14 passed, 1 warning in 11.63s ========================
============================= test session starts ==============================
platform linux -- Python 3.8.10, pytest-6.2.4, py-1.10.0, pluggy-0.13.1
rootdir: /dc-app-performance-toolkit/app
plugins: apiritif-0.9.8
collected 14 items

selenium_ui/jira_ui.py get driver from global
clear browser cookies
node_id:i-00e57178e78893fc7
1635153187864,114,selenium_login:open_login_page,Success,True
1635153188358,494,selenium_login:login_and_view_dashboard,Success,True
1635153188358,609,selenium_login,Success,True
.test_0_selenium_a_login,Total:323 Passed:323 Failed:0
1635153188625,242,selenium_browse_projects_list,Success,True
.test_1_selenium_browse_projects_list,Total:324 Passed:324 Failed:0
1635153188888,262,selenium_browse_boards_list,Success,True
.test_1_selenium_browse_boards_list,Total:325 Passed:325 Failed:0
1635153189640,730,selenium_create_issue:open_quick_create,Success,True
1635153190781,613,selenium_create_issue:fill_and_submit_issue_form:submit_issue_form,Success,True
1635153190781,1141,selenium_create_issue:fill_and_submit_issue_form,Success,True
1635153190781,1871,selenium_create_issue,Success,True
.test_1_selenium_create_issue,Total:326 Passed:326 Failed:0
1635153191269,465,selenium_edit_issue:open_edit_issue_form,Success,True
1635153192238,541,selenium_edit_issue:save_edit_issue_form,Success,True
1635153192238,1434,selenium_edit_issue,Success,True
.test_1_selenium_edit_issue,Total:327 Passed:327 Failed:0
1635153192536,297,selenium_save_comment:open_comment_form,Success,True
1635153193588,897,selenium_save_comment:submit_form,Success,True
1635153193588,1348,selenium_save_comment,Success,True
.test_1_selenium_save_comment,Total:328 Passed:328 Failed:0
1635153194847,1258,selenium_search_jql,Success,True
.test_1_selenium_search_jql,Total:329 Passed:329 Failed:0
1635153196034,1185,selenium_view_scrum_board_backlog,Success,True
.test_1_selenium_view_backlog_for_scrum_board,Total:330 Passed:330 Failed:0
1635153196822,786,selenium_view_scrum_board,Success,True
.test_1_selenium_view_scrum_board,Total:331 Passed:331 Failed:0
1635153197871,1046,selenium_view_kanban_board,Success,True
.test_1_selenium_view_kanban_board,Total:332 Passed:332 Failed:0
1635153198261,388,selenium_view_dashboard,Success,True
.test_1_selenium_view_dashboard,Total:333 Passed:333 Failed:0
1635153199058,796,selenium_view_issue,Success,True
.test_1_selenium_view_issue,Total:334 Passed:334 Failed:0
1635153199468,408,selenium_project_summary,Success,True
.test_1_selenium_view_project_summary,Total:335 Passed:335 Failed:0
1635153199794,324,selenium_log_out,Success,True
.test_2_selenium_z_log_out,Total:336 Passed:336 Failed:0


=============================== warnings summary ===============================
../../usr/local/lib/python3.8/dist-packages/_pytest/config/__init__.py:1114
  /usr/local/lib/python3.8/dist-packages/_pytest/config/__init__.py:1114: PytestAssertRewriteWarning: Module already imported so cannot be rewritten: apiritif
    self._mark_plugins_for_rewrite(hook)

-- Docs: https://docs.pytest.org/en/stable/warnings.html
======================== 14 passed, 1 warning in 12.07s ========================
============================= test session starts ==============================
platform linux -- Python 3.8.10, pytest-6.2.4, py-1.10.0, pluggy-0.13.1
rootdir: /dc-app-performance-toolkit/app
plugins: apiritif-0.9.8
collected 14 items

selenium_ui/jira_ui.py get driver from global
clear browser cookies
node_id:i-00e57178e78893fc7
1635153199969,115,selenium_login:open_login_page,Success,True
1635153200437,467,selenium_login:login_and_view_dashboard,Success,True
1635153200438,583,selenium_login,Success,True
.test_0_selenium_a_login,Total:337 Passed:337 Failed:0
1635153200733,270,selenium_browse_projects_list,Success,True
.test_1_selenium_browse_projects_list,Total:338 Passed:338 Failed:0
1635153200980,245,selenium_browse_boards_list,Success,True
.test_1_selenium_browse_boards_list,Total:339 Passed:339 Failed:0
1635153201661,658,selenium_create_issue:open_quick_create,Success,True
1635153202771,609,selenium_create_issue:fill_and_submit_issue_form:submit_issue_form,Success,True
1635153202771,1110,selenium_create_issue:fill_and_submit_issue_form,Success,True
1635153202771,1769,selenium_create_issue,Success,True
.test_1_selenium_create_issue,Total:340 Passed:340 Failed:0
1635153203401,607,selenium_edit_issue:open_edit_issue_form,Success,True
1635153204270,609,selenium_edit_issue:save_edit_issue_form,Success,True
1635153204270,1475,selenium_edit_issue,Success,True
.test_1_selenium_edit_issue,Total:341 Passed:341 Failed:0
1635153204585,313,selenium_save_comment:open_comment_form,Success,True
1635153205688,947,selenium_save_comment:submit_form,Success,True
1635153205688,1417,selenium_save_comment,Success,True
.test_1_selenium_save_comment,Total:342 Passed:342 Failed:0
1635153206939,1249,selenium_search_jql,Success,True
.test_1_selenium_search_jql,Total:343 Passed:343 Failed:0
1635153207725,784,selenium_view_scrum_board_backlog,Success,True
.test_1_selenium_view_backlog_for_scrum_board,Total:344 Passed:344 Failed:0
1635153208489,763,selenium_view_scrum_board,Success,True
.test_1_selenium_view_scrum_board,Total:345 Passed:345 Failed:0
1635153209299,808,selenium_view_kanban_board,Success,True
.test_1_selenium_view_kanban_board,Total:346 Passed:346 Failed:0
1635153209927,626,selenium_view_dashboard,Success,True
.test_1_selenium_view_dashboard,Total:347 Passed:347 Failed:0
1635153210661,733,selenium_view_issue,Success,True
.test_1_selenium_view_issue,Total:348 Passed:348 Failed:0
1635153210998,335,selenium_project_summary,Success,True
.test_1_selenium_view_project_summary,Total:349 Passed:349 Failed:0
1635153211309,309,selenium_log_out,Success,True
.test_2_selenium_z_log_out,Total:350 Passed:350 Failed:0


=============================== warnings summary ===============================
../../usr/local/lib/python3.8/dist-packages/_pytest/config/__init__.py:1114
  /usr/local/lib/python3.8/dist-packages/_pytest/config/__init__.py:1114: PytestAssertRewriteWarning: Module already imported so cannot be rewritten: apiritif
    self._mark_plugins_for_rewrite(hook)

-- Docs: https://docs.pytest.org/en/stable/warnings.html
======================== 14 passed, 1 warning in 11.48s ========================
============================= test session starts ==============================
platform linux -- Python 3.8.10, pytest-6.2.4, py-1.10.0, pluggy-0.13.1
rootdir: /dc-app-performance-toolkit/app
plugins: apiritif-0.9.8
collected 14 items

selenium_ui/jira_ui.py get driver from global
clear browser cookies
node_id:i-00e57178e78893fc7
1635153211495,122,selenium_login:open_login_page,Success,True
1635153211980,484,selenium_login:login_and_view_dashboard,Success,True
1635153211980,607,selenium_login,Success,True
.test_0_selenium_a_login,Total:351 Passed:351 Failed:0
1635153212251,246,selenium_browse_projects_list,Success,True
.test_1_selenium_browse_projects_list,Total:352 Passed:352 Failed:0
1635153212502,249,selenium_browse_boards_list,Success,True
.test_1_selenium_browse_boards_list,Total:353 Passed:353 Failed:0
1635153213179,654,selenium_create_issue:open_quick_create,Success,True
1635153214215,598,selenium_create_issue:fill_and_submit_issue_form:submit_issue_form,Success,True
1635153214215,1035,selenium_create_issue:fill_and_submit_issue_form,Success,True
1635153214215,1690,selenium_create_issue,Success,True
.test_1_selenium_create_issue,Total:354 Passed:354 Failed:0
1635153214838,600,selenium_edit_issue:open_edit_issue_form,Success,True
1635153215620,471,selenium_edit_issue:save_edit_issue_form,Success,True
1635153215620,1383,selenium_edit_issue,Success,True
.test_1_selenium_edit_issue,Total:355 Passed:355 Failed:0
1635153215969,347,selenium_save_comment:open_comment_form,Success,True
1635153217135,1016,selenium_save_comment:submit_form,Success,True
1635153217135,1513,selenium_save_comment,Success,True
.test_1_selenium_save_comment,Total:356 Passed:356 Failed:0
1635153218426,1289,selenium_search_jql,Success,True
[...]
1635155536177,661,selenium_view_dashboard,Success,True
.test_1_selenium_view_dashboard,Total:3063 Passed:3063 Failed:0
1635155537033,854,selenium_view_issue,Success,True
.test_1_selenium_view_issue,Total:3064 Passed:3064 Failed:0
1635155537376,341,selenium_project_summary,Success,True
.test_1_selenium_view_project_summary,Total:3065 Passed:3065 Failed:0
1635155537665,288,selenium_log_out,Success,True
.test_2_selenium_z_log_out,Total:3066 Passed:3066 Failed:0


=============================== warnings summary ===============================
../../usr/local/lib/python3.8/dist-packages/_pytest/config/__init__.py:1114
  /usr/local/lib/python3.8/dist-packages/_pytest/config/__init__.py:1114: PytestAssertRewriteWarning: Module already imported so cannot be rewritten: apiritif
    self._mark_plugins_for_rewrite(hook)

-- Docs: https://docs.pytest.org/en/stable/warnings.html
======================== 14 passed, 1 warning in 12.30s ========================
============================= test session starts ==============================
platform linux -- Python 3.8.10, pytest-6.2.4, py-1.10.0, pluggy-0.13.1
rootdir: /dc-app-performance-toolkit/app
plugins: apiritif-0.9.8
collected 14 items

selenium_ui/jira_ui.py get driver from global
clear browser cookies
node_id:i-00e57178e78893fc7
1635155537902,121,selenium_login:open_login_page,Success,True
1635155538380,478,selenium_login:login_and_view_dashboard,Success,True
1635155538380,600,selenium_login,Success,True
.test_0_selenium_a_login,Total:3067 Passed:3067 Failed:0
1635155538721,268,selenium_browse_projects_list,Success,True
.test_1_selenium_browse_projects_list,Total:3068 Passed:3068 Failed:0
1635155538975,252,selenium_browse_boards_list,Success,True
.test_1_selenium_browse_boards_list,Total:3069 Passed:3069 Failed:0
1635155539762,717,selenium_create_issue:open_quick_create,Success,True
1635155540909,620,selenium_create_issue:fill_and_submit_issue_form:submit_issue_form,Success,True
1635155540909,1146,selenium_create_issue:fill_and_submit_issue_form,Success,True
1635155540909,1864,selenium_create_issue,Success,True
.test_1_selenium_create_issue,Total:3070 Passed:3070 Failed:0
1635155541408,428,selenium_edit_issue:open_edit_issue_form,Success,True
1635155542391,539,selenium_edit_issue:save_edit_issue_form,Success,True
1635155542391,1412,selenium_edit_issue,Success,True
.test_1_selenium_edit_issue,Total:3071 Passed:3071 Failed:0
1635155542759,366,selenium_save_comment:open_comment_form,Success,True
1635155543826,961,selenium_save_comment:submit_form,Success,True
1635155543826,1433,selenium_save_comment,Success,True
.test_1_selenium_save_comment,Total:3072 Passed:3072 Failed:0
1635155545047,1219,selenium_search_jql,Success,True
.test_1_selenium_search_jql,Total:3073 Passed:3073 Failed:0
1635155546008,959,selenium_view_scrum_board_backlog,Success,True
.test_1_selenium_view_backlog_for_scrum_board,Total:3074 Passed:3074 Failed:0
1635155546867,857,selenium_view_scrum_board,Success,True
.test_1_selenium_view_scrum_board,Total:3075 Passed:3075 Failed:0
1635155547572,702,selenium_view_kanban_board,Success,True
.test_1_selenium_view_kanban_board,Total:3076 Passed:3076 Failed:0
1635155548240,666,selenium_view_dashboard,Success,True
.test_1_selenium_view_dashboard,Total:3077 Passed:3077 Failed:0
1635155549056,815,selenium_view_issue,Success,True
.test_1_selenium_view_issue,Total:3078 Passed:3078 Failed:0
1635155549384,326,selenium_project_summary,Success,True
.test_1_selenium_view_project_summary,Total:3079 Passed:3079 Failed:0
1635155549682,296,selenium_log_out,Success,True
.test_2_selenium_z_log_out,Total:3080 Passed:3080 Failed:0


=============================== warnings summary ===============================
../../usr/local/lib/python3.8/dist-packages/_pytest/config/__init__.py:1114
  /usr/local/lib/python3.8/dist-packages/_pytest/config/__init__.py:1114: PytestAssertRewriteWarning: Module already imported so cannot be rewritten: apiritif
    self._mark_plugins_for_rewrite(hook)

-- Docs: https://docs.pytest.org/en/stable/warnings.html
======================== 14 passed, 1 warning in 11.92s ========================
============================= test session starts ==============================
platform linux -- Python 3.8.10, pytest-6.2.4, py-1.10.0, pluggy-0.13.1
rootdir: /dc-app-performance-toolkit/app
plugins: apiritif-0.9.8
collected 14 items

selenium_ui/jira_ui.py get driver from global
clear browser cookies
node_id:i-00e57178e78893fc7
1635155549869,126,selenium_login:open_login_page,Success,True
1635155550378,508,selenium_login:login_and_view_dashboard,Success,True
1635155550378,635,selenium_login,Success,True
.test_0_selenium_a_login,Total:3081 Passed:3081 Failed:0
1635155550694,245,selenium_browse_projects_list,Success,True
.test_1_selenium_browse_projects_list,Total:3082 Passed:3082 Failed:0
1635155550943,247,selenium_browse_boards_list,Success,True
.test_1_selenium_browse_boards_list,Total:3083 Passed:3083 Failed:0
1635155551745,713,selenium_create_issue:open_quick_create,Success,True
1635155552852,621,selenium_create_issue:fill_and_submit_issue_form:submit_issue_form,Success,True
1635155552852,1106,selenium_create_issue:fill_and_submit_issue_form,Success,True
1635155552852,1819,selenium_create_issue,Success,True
.test_1_selenium_create_issue,Total:3084 Passed:3084 Failed:0
1635155553352,418,selenium_edit_issue:open_edit_issue_form,Success,True
1635155554354,539,selenium_edit_issue:save_edit_issue_form,Success,True
1635155554354,1420,selenium_edit_issue,Success,True
.test_1_selenium_edit_issue,Total:3085 Passed:3085 Failed:0
1635155554717,360,selenium_save_comment:open_comment_form,Success,True
1635155555916,1049,selenium_save_comment:submit_form,Success,True
1635155555917,1560,selenium_save_comment,Success,True
.test_1_selenium_save_comment,Total:3086 Passed:3086 Failed:0
1635155557216,1298,selenium_search_jql,Success,True
.test_1_selenium_search_jql,Total:3087 Passed:3087 Failed:0
1635155558180,962,selenium_view_scrum_board_backlog,Success,True
.test_1_selenium_view_backlog_for_scrum_board,Total:3088 Passed:3088 Failed:0
1635155559058,876,selenium_view_scrum_board,Success,True
.test_1_selenium_view_scrum_board,Total:3089 Passed:3089 Failed:0
1635155559904,845,selenium_view_kanban_board,Success,True
.test_1_selenium_view_kanban_board,Total:3090 Passed:3090 Failed:0
1635155560466,560,selenium_view_dashboard,Success,True
.test_1_selenium_view_dashboard,Total:3091 Passed:3091 Failed:0
1635155561262,794,selenium_view_issue,Success,True
.test_1_selenium_view_issue,Total:3092 Passed:3092 Failed:0
1635155561631,367,selenium_project_summary,Success,True
.test_1_selenium_view_project_summary,Total:3093 Passed:3093 Failed:0
1635155562035,402,selenium_log_out,Success,True
.test_2_selenium_z_log_out,Total:3094 Passed:3094 Failed:0


=============================== warnings summary ===============================
../../usr/local/lib/python3.8/dist-packages/_pytest/config/__init__.py:1114
  /usr/local/lib/python3.8/dist-packages/_pytest/config/__init__.py:1114: PytestAssertRewriteWarning: Module already imported so cannot be rewritten: apiritif
    self._mark_plugins_for_rewrite(hook)

-- Docs: https://docs.pytest.org/en/stable/warnings.html
======================== 14 passed, 1 warning in 12.32s ========================
============================= test session starts ==============================
platform linux -- Python 3.8.10, pytest-6.2.4, py-1.10.0, pluggy-0.13.1
rootdir: /dc-app-performance-toolkit/app
plugins: apiritif-0.9.8
collected 14 items

selenium_ui/jira_ui.py get driver from global
clear browser cookies
node_id:i-00e57178e78893fc7
1635155562209,115,selenium_login:open_login_page,Success,True
1635155562720,510,selenium_login:login_and_view_dashboard,Success,True
1635155562720,626,selenium_login,Success,True
.test_0_selenium_a_login,Total:3095 Passed:3095 Failed:0
1635155563093,301,selenium_browse_projects_list,Success,True
.test_1_selenium_browse_projects_list,Total:3096 Passed:3096 Failed:0
1635155563393,298,selenium_browse_boards_list,Success,True
.test_1_selenium_browse_boards_list,Total:3097 Passed:3097 Failed:0
1635155564157,692,selenium_create_issue:open_quick_create,Success,True
1635155565244,623,selenium_create_issue:fill_and_submit_issue_form:submit_issue_form,Success,True
1635155565244,1086,selenium_create_issue:fill_and_submit_issue_form,Success,True
1635155565244,1779,selenium_create_issue,Success,True
.test_1_selenium_create_issue,Total:3098 Passed:3098 Failed:0
1635155565872,557,selenium_edit_issue:open_edit_issue_form,Success,True
1635155566753,556,selenium_edit_issue:save_edit_issue_form,Success,True
1635155566754,1439,selenium_edit_issue,Success,True
.test_1_selenium_edit_issue,Total:3099 Passed:3099 Failed:0
1635155567054,298,selenium_save_comment:open_comment_form,Success,True
1635155568105,897,selenium_save_comment:submit_form,Success,True
1635155568105,1350,selenium_save_comment,Success,True
.test_1_selenium_save_comment,Total:3100 Passed:3100 Failed:0
1635155569465,1358,selenium_search_jql,Success,True
.test_1_selenium_search_jql,Total:3101 Passed:3101 Failed:0
1635155570685,1218,selenium_view_scrum_board_backlog,Success,True
.test_1_selenium_view_backlog_for_scrum_board,Total:3102 Passed:3102 Failed:0
1635155571489,802,selenium_view_scrum_board,Success,True
.test_1_selenium_view_scrum_board,Total:3103 Passed:3103 Failed:0
1635155572975,1484,selenium_view_kanban_board,Success,True
.test_1_selenium_view_kanban_board,Total:3104 Passed:3104 Failed:0
1635155573257,281,selenium_view_dashboard,Success,True
.test_1_selenium_view_dashboard,Total:3105 Passed:3105 Failed:0
1635155574079,820,selenium_view_issue,Success,True
.test_1_selenium_view_issue,Total:3106 Passed:3106 Failed:0
1635155574486,406,selenium_project_summary,Success,True
.test_1_selenium_view_project_summary,Total:3107 Passed:3107 Failed:0
1635155574835,347,selenium_log_out,Success,True
.test_2_selenium_z_log_out,Total:3108 Passed:3108 Failed:0


=============================== warnings summary ===============================
../../usr/local/lib/python3.8/dist-packages/_pytest/config/__init__.py:1114
  /usr/local/lib/python3.8/dist-packages/_pytest/config/__init__.py:1114: PytestAssertRewriteWarning: Module already imported so cannot be rewritten: apiritif
    self._mark_plugins_for_rewrite(hook)

-- Docs: https://docs.pytest.org/en/stable/warnings.html
======================== 14 passed, 1 warning in 12.76s ========================
============================= test session starts ==============================
platform linux -- Python 3.8.10, pytest-6.2.4, py-1.10.0, pluggy-0.13.1
rootdir: /dc-app-performance-toolkit/app
plugins: apiritif-0.9.8
collected 14 items

selenium_ui/jira_ui.py get driver from global
clear browser cookies
node_id:i-00e57178e78893fc7
1635155575040,143,selenium_login:open_login_page,Success,True
1635155575575,535,selenium_login:login_and_view_dashboard,Success,True
1635155575575,678,selenium_login,Success,True
.test_0_selenium_a_login,Total:3109 Passed:3109 Failed:0
1635155575886,238,selenium_browse_projects_list,Success,True
.test_1_selenium_browse_projects_list,Total:3110 Passed:3110 Failed:0
1635155576130,242,selenium_browse_boards_list,Success,True
.test_1_selenium_browse_boards_list,Total:3111 Passed:3111 Failed:0
1635155576937,735,selenium_create_issue:open_quick_create,Success,True
1635155578041,623,selenium_create_issue:fill_and_submit_issue_form:submit_issue_form,Success,True
1635155578041,1103,selenium_create_issue:fill_and_submit_issue_form,Success,True
1635155578041,1839,selenium_create_issue,Success,True
.test_1_selenium_create_issue,Total:3112 Passed:3112 Failed:0
1635155578517,406,selenium_edit_issue:open_edit_issue_form,Success,True
1635155579599,629,selenium_edit_issue:save_edit_issue_form,Success,True
1635155579599,1488,selenium_edit_issue,Success,True
.test_1_selenium_edit_issue,Total:3113 Passed:3113 Failed:0
1635155579943,342,selenium_save_comment:open_comment_form,Success,True
1635155580903,864,selenium_save_comment:submit_form,Success,True
1635155580903,1302,selenium_save_comment,Success,True
.test_1_selenium_save_comment,Total:3114 Passed:3114 Failed:0
1635155582082,1177,selenium_search_jql,Success,True
.test_1_selenium_search_jql,Total:3115 Passed:3115 Failed:0
1635155583372,1289,selenium_view_scrum_board_backlog,Success,True
.test_1_selenium_view_backlog_for_scrum_board,Total:3116 Passed:3116 Failed:0
1635155584178,804,selenium_view_scrum_board,Success,True
.test_1_selenium_view_scrum_board,Total:3117 Passed:3117 Failed:0
1635155584551,371,selenium_view_kanban_board,Success,True
.test_1_selenium_view_kanban_board,Total:3118 Passed:3118 Failed:0
1635155584757,205,selenium_view_dashboard,Success,True
.test_1_selenium_view_dashboard,Total:3119 Passed:3119 Failed:0
1635155585547,787,selenium_view_issue,Success,True
.test_1_selenium_view_issue,Total:3120 Passed:3120 Failed:0
1635155586066,517,selenium_project_summary,Success,True
.test_1_selenium_view_project_summary,Total:3121 Passed:3121 Failed:0
1635155586358,290,selenium_log_out,Success,True
.test_2_selenium_z_log_out,Total:3122 Passed:3122 Failed:0


=============================== warnings summary ===============================
../../usr/local/lib/python3.8/dist-packages/_pytest/config/__init__.py:1114
  /usr/local/lib/python3.8/dist-packages/_pytest/config/__init__.py:1114: PytestAssertRewriteWarning: Module already imported so cannot be rewritten: apiritif
    self._mark_plugins_for_rewrite(hook)

-- Docs: https://docs.pytest.org/en/stable/warnings.html
======================== 14 passed, 1 warning in 11.49s ========================
============================= test session starts ==============================
platform linux -- Python 3.8.10, pytest-6.2.4, py-1.10.0, pluggy-0.13.1
rootdir: /dc-app-performance-toolkit/app
plugins: apiritif-0.9.8
collected 14 items

selenium_ui/jira_ui.py get driver from global
clear browser cookies
node_id:i-00e57178e78893fc7
1635155586531,112,selenium_login:open_login_page,Success,True
1635155587051,520,selenium_login:login_and_view_dashboard,Success,True
1635155587051,633,selenium_login,Success,True
.test_0_selenium_a_login,Total:3123 Passed:3123 Failed:0
1635155587378,254,selenium_browse_projects_list,Success,True
.test_1_selenium_browse_projects_list,Total:3124 Passed:3124 Failed:0
1635155587634,254,selenium_browse_boards_list,Success,True
.test_1_selenium_browse_boards_list,Total:3125 Passed:3125 Failed:0
1635155588356,651,selenium_create_issue:open_quick_create,Success,True
1635155589432,617,selenium_create_issue:fill_and_submit_issue_form:submit_issue_form,Success,True
1635155589432,1075,selenium_create_issue:fill_and_submit_issue_form,Success,True
1635155589432,1727,selenium_create_issue,Success,True
.test_1_selenium_create_issue,Total:3126 Passed:3126 Failed:0
1635155589978,473,selenium_edit_issue:open_edit_issue_form,Success,True
1635155590991,553,selenium_edit_issue:save_edit_issue_form,Success,True
1635155590992,1487,selenium_edit_issue,Success,True
.test_1_selenium_edit_issue,Total:3127 Passed:3127 Failed:0
1635155591332,339,selenium_save_comment:open_comment_form,Success,True
1635155592401,881,selenium_save_comment:submit_form,Success,True
1635155592401,1407,selenium_save_comment,Success,True
.test_1_selenium_save_comment,Total:3128 Passed:3128 Failed:0
1635155593639,1236,selenium_search_jql,Success,True
.test_1_selenium_search_jql,Total:3129 Passed:3129 Failed:0
1635155594888,1247,selenium_view_scrum_board_backlog,Success,True
.test_1_selenium_view_backlog_for_scrum_board,Total:3130 Passed:3130 Failed:0
1635155595688,797,selenium_view_scrum_board,Success,True
.test_1_selenium_view_scrum_board,Total:3131 Passed:3131 Failed:0
1635155596448,758,selenium_view_kanban_board,Success,True
.test_1_selenium_view_kanban_board,Total:3132 Passed:3132 Failed:0
1635155596919,469,selenium_view_dashboard,Success,True
.test_1_selenium_view_dashboard,Total:3133 Passed:3133 Failed:0
1635155597748,827,selenium_view_issue,Success,True
.test_1_selenium_view_issue,Total:3134 Passed:3134 Failed:0
1635155598059,309,selenium_project_summary,Success,True
.test_1_selenium_view_project_summary,Total:3135 Passed:3135 Failed:0
1635155598408,347,selenium_log_out,Success,True
.test_2_selenium_z_log_out,Total:3136 Passed:3136 Failed:0


=============================== warnings summary ===============================
../../usr/local/lib/python3.8/dist-packages/_pytest/config/__init__.py:1114
  /usr/local/lib/python3.8/dist-packages/_pytest/config/__init__.py:1114: PytestAssertRewriteWarning: Module already imported so cannot be rewritten: apiritif
    self._mark_plugins_for_rewrite(hook)

-- Docs: https://docs.pytest.org/en/stable/warnings.html
======================== 14 passed, 1 warning in 12.02s ========================
============================= test session starts ==============================
platform linux -- Python 3.8.10, pytest-6.2.4, py-1.10.0, pluggy-0.13.1
rootdir: /dc-app-performance-toolkit/app
plugins: apiritif-0.9.8
collected 14 items

selenium_ui/jira_ui.py get driver from global
clear browser cookies
node_id:i-00e57178e78893fc7
1635155598589,119,selenium_login:open_login_page,Success,True
1635155599065,475,selenium_login:login_and_view_dashboard,Success,True
1635155599065,595,selenium_login,Success,True
.test_0_selenium_a_login,Total:3137 Passed:3137 Failed:0
1635155599401,260,selenium_browse_projects_list,Success,True
.test_1_selenium_browse_projects_list,Total:3138 Passed:3138 Failed:0
1635155599657,253,selenium_browse_boards_list,Success,True
.test_1_selenium_browse_boards_list,Total:3139 Passed:3139 Failed:0
1635155600384,655,selenium_create_issue:open_quick_create,Success,True
1635155601525,624,selenium_create_issue:fill_and_submit_issue_form:submit_issue_form,Success,True
1635155601525,1140,selenium_create_issue:fill_and_submit_issue_form,Success,True
1635155601525,1796,selenium_create_issue,Success,True
.test_1_selenium_create_issue,Total:3140 Passed:3140 Failed:0
1635155602110,513,selenium_edit_issue:open_edit_issue_form,Success,True
1635155603138,602,selenium_edit_issue:save_edit_issue_form,Success,True
1635155603138,1541,selenium_edit_issue,Success,True
.test_1_selenium_edit_issue,Total:3141 Passed:3141 Failed:0
1635155603427,287,selenium_save_comment:open_comment_form,Success,True
1635155604556,943,selenium_save_comment:submit_form,Success,True
1635155604557,1417,selenium_save_comment,Success,True
.test_1_selenium_save_comment,Total:3142 Passed:3142 Failed:0
1635155605791,1232,selenium_search_jql,Success,True
.test_1_selenium_search_jql,Total:3143 Passed:3143 Failed:0
1635155607058,1265,selenium_view_scrum_board_backlog,Success,True
.test_1_selenium_view_backlog_for_scrum_board,Total:3144 Passed:3144 Failed:0
1635155607853,793,selenium_view_scrum_board,Success,True
.test_1_selenium_view_scrum_board,Total:3145 Passed:3145 Failed:0
1635155608296,441,selenium_view_kanban_board,Success,True
.test_1_selenium_view_kanban_board,Total:3146 Passed:3146 Failed:0
1635155608516,218,selenium_view_dashboard,Success,True
.test_1_selenium_view_dashboard,Total:3147 Passed:3147 Failed:0
1635155609389,871,selenium_view_issue,Success,True
.test_1_selenium_view_issue,Total:3148 Passed:3148 Failed:0
1635155609823,432,selenium_project_summary,Success,True
.test_1_selenium_view_project_summary,Total:3149 Passed:3149 Failed:0
1635155610151,325,selenium_log_out,Success,True
.test_2_selenium_z_log_out,Total:3150 Passed:3150 Failed:0


=============================== warnings summary ===============================
../../usr/local/lib/python3.8/dist-packages/_pytest/config/__init__.py:1114
  /usr/local/lib/python3.8/dist-packages/_pytest/config/__init__.py:1114: PytestAssertRewriteWarning: Module already imported so cannot be rewritten: apiritif
    self._mark_plugins_for_rewrite(hook)

-- Docs: https://docs.pytest.org/en/stable/warnings.html
======================== 14 passed, 1 warning in 11.71s ========================
