============================= test session starts ==============================
platform linux -- Python 3.8.10, pytest-6.2.4, py-1.10.0, pluggy-0.13.1
rootdir: /dc-app-performance-toolkit/app
plugins: apiritif-0.9.8
collected 14 items

selenium_ui/jira_ui.py first driver inits
node_id:i-00e57178e78893fc7
1632477876574,345,selenium_login:open_login_page,Success,True
1632477877292,717,selenium_login:login_and_view_dashboard,Success,True
1632477877292,1063,selenium_login,Success,True
.test_0_selenium_a_login,Total:1 Passed:1 Failed:0
1632477877573,265,selenium_browse_projects_list,Success,True
.test_1_selenium_browse_projects_list,Total:2 Passed:2 Failed:0
1632477877896,321,selenium_browse_boards_list,Success,True
.test_1_selenium_browse_boards_list,Total:3 Passed:3 Failed:0
1632477878622,710,selenium_create_issue:open_quick_create,Success,True
1632477879686,608,selenium_create_issue:fill_and_submit_issue_form:submit_issue_form,Success,True
1632477879686,1063,selenium_create_issue:fill_and_submit_issue_form,Success,True
1632477879686,1775,selenium_create_issue,Success,True
.test_1_selenium_create_issue,Total:4 Passed:4 Failed:0
1632477880145,441,selenium_edit_issue:open_edit_issue_form,Success,True
1632477881082,510,selenium_edit_issue:save_edit_issue_form,Success,True
1632477881083,1379,selenium_edit_issue,Success,True
.test_1_selenium_edit_issue,Total:5 Passed:5 Failed:0
1632477881358,273,selenium_save_comment:open_comment_form,Success,True
1632477882471,961,selenium_save_comment:submit_form,Success,True
1632477882471,1387,selenium_save_comment,Success,True
.test_1_selenium_save_comment,Total:6 Passed:6 Failed:0
1632477884602,2129,selenium_search_jql,Success,True
.test_1_selenium_search_jql,Total:7 Passed:7 Failed:0
1632477885535,932,selenium_view_scrum_board_backlog,Success,True
.test_1_selenium_view_backlog_for_scrum_board,Total:8 Passed:8 Failed:0
1632477886384,847,selenium_view_scrum_board,Success,True
.test_1_selenium_view_scrum_board,Total:9 Passed:9 Failed:0
1632477886890,505,selenium_view_kanban_board,Success,True
.test_1_selenium_view_kanban_board,Total:10 Passed:10 Failed:0
1632477887210,318,selenium_view_dashboard,Success,True
.test_1_selenium_view_dashboard,Total:11 Passed:11 Failed:0
1632477887966,753,selenium_view_issue,Success,True
.test_1_selenium_view_issue,Total:12 Passed:12 Failed:0
1632477888415,448,selenium_project_summary,Success,True
.test_1_selenium_view_project_summary,Total:13 Passed:13 Failed:0
1632477888722,305,selenium_log_out,Success,True
.test_2_selenium_z_log_out,Total:14 Passed:14 Failed:0


=============================== warnings summary ===============================
../../usr/local/lib/python3.8/dist-packages/_pytest/config/__init__.py:1114
  /usr/local/lib/python3.8/dist-packages/_pytest/config/__init__.py:1114: PytestAssertRewriteWarning: Module already imported so cannot be rewritten: apiritif
    self._mark_plugins_for_rewrite(hook)

-- Docs: https://docs.pytest.org/en/stable/warnings.html
======================== 14 passed, 1 warning in 13.68s ========================
============================= test session starts ==============================
platform linux -- Python 3.8.10, pytest-6.2.4, py-1.10.0, pluggy-0.13.1
rootdir: /dc-app-performance-toolkit/app
plugins: apiritif-0.9.8
collected 14 items

selenium_ui/jira_ui.py get driver from global
clear browser cookies
node_id:i-00e57178e78893fc7
1632477888891,109,selenium_login:open_login_page,Success,True
1632477889333,441,selenium_login:login_and_view_dashboard,Success,True
1632477889333,551,selenium_login,Success,True
.test_0_selenium_a_login,Total:15 Passed:15 Failed:0
1632477889585,234,selenium_browse_projects_list,Success,True
.test_1_selenium_browse_projects_list,Total:16 Passed:16 Failed:0
1632477889880,294,selenium_browse_boards_list,Success,True
.test_1_selenium_browse_boards_list,Total:17 Passed:17 Failed:0
1632477890592,695,selenium_create_issue:open_quick_create,Success,True
1632477891688,597,selenium_create_issue:fill_and_submit_issue_form:submit_issue_form,Success,True
1632477891688,1095,selenium_create_issue:fill_and_submit_issue_form,Success,True
1632477891688,1791,selenium_create_issue,Success,True
.test_1_selenium_create_issue,Total:18 Passed:18 Failed:0
1632477892242,538,selenium_edit_issue:open_edit_issue_form,Success,True
1632477893025,477,selenium_edit_issue:save_edit_issue_form,Success,True
1632477893025,1322,selenium_edit_issue,Success,True
.test_1_selenium_edit_issue,Total:19 Passed:19 Failed:0
1632477893378,351,selenium_save_comment:open_comment_form,Success,True
1632477894458,956,selenium_save_comment:submit_form,Success,True
1632477894458,1431,selenium_save_comment,Success,True
.test_1_selenium_save_comment,Total:20 Passed:20 Failed:0
1632477895787,1328,selenium_search_jql,Success,True
.test_1_selenium_search_jql,Total:21 Passed:21 Failed:0
1632477896653,863,selenium_view_scrum_board_backlog,Success,True
.test_1_selenium_view_backlog_for_scrum_board,Total:22 Passed:22 Failed:0
1632477897515,860,selenium_view_scrum_board,Success,True
.test_1_selenium_view_scrum_board,Total:23 Passed:23 Failed:0
1632477897972,456,selenium_view_kanban_board,Success,True
.test_1_selenium_view_kanban_board,Total:24 Passed:24 Failed:0
1632477898408,434,selenium_view_dashboard,Success,True
.test_1_selenium_view_dashboard,Total:25 Passed:25 Failed:0
1632477899203,793,selenium_view_issue,Success,True
.test_1_selenium_view_issue,Total:26 Passed:26 Failed:0
1632477899542,337,selenium_project_summary,Success,True
.test_1_selenium_view_project_summary,Total:27 Passed:27 Failed:0
1632477899819,275,selenium_log_out,Success,True
.test_2_selenium_z_log_out,Total:28 Passed:28 Failed:0


=============================== warnings summary ===============================
../../usr/local/lib/python3.8/dist-packages/_pytest/config/__init__.py:1114
  /usr/local/lib/python3.8/dist-packages/_pytest/config/__init__.py:1114: PytestAssertRewriteWarning: Module already imported so cannot be rewritten: apiritif
    self._mark_plugins_for_rewrite(hook)

-- Docs: https://docs.pytest.org/en/stable/warnings.html
======================== 14 passed, 1 warning in 11.06s ========================
============================= test session starts ==============================
platform linux -- Python 3.8.10, pytest-6.2.4, py-1.10.0, pluggy-0.13.1
rootdir: /dc-app-performance-toolkit/app
plugins: apiritif-0.9.8
collected 14 items

selenium_ui/jira_ui.py get driver from global
clear browser cookies
node_id:i-00e57178e78893fc7
1632477899987,108,selenium_login:open_login_page,Success,True
1632477900421,433,selenium_login:login_and_view_dashboard,Success,True
1632477900421,542,selenium_login,Success,True
.test_0_selenium_a_login,Total:29 Passed:29 Failed:0
1632477900681,242,selenium_browse_projects_list,Success,True
.test_1_selenium_browse_projects_list,Total:30 Passed:30 Failed:0
1632477900938,255,selenium_browse_boards_list,Success,True
.test_1_selenium_browse_boards_list,Total:31 Passed:31 Failed:0
1632477901585,632,selenium_create_issue:open_quick_create,Success,True
1632477902623,599,selenium_create_issue:fill_and_submit_issue_form:submit_issue_form,Success,True
1632477902623,1037,selenium_create_issue:fill_and_submit_issue_form,Success,True
1632477902623,1670,selenium_create_issue,Success,True
.test_1_selenium_create_issue,Total:32 Passed:32 Failed:0
1632477903082,443,selenium_edit_issue:open_edit_issue_form,Success,True
1632477904074,601,selenium_edit_issue:save_edit_issue_form,Success,True
1632477904074,1435,selenium_edit_issue,Success,True
.test_1_selenium_edit_issue,Total:33 Passed:33 Failed:0
1632477904401,326,selenium_save_comment:open_comment_form,Success,True
1632477905452,955,selenium_save_comment:submit_form,Success,True
1632477905452,1376,selenium_save_comment,Success,True
.test_1_selenium_save_comment,Total:34 Passed:34 Failed:0
1632477906811,1358,selenium_search_jql,Success,True
.test_1_selenium_search_jql,Total:35 Passed:35 Failed:0
1632477908025,1212,selenium_view_scrum_board_backlog,Success,True
.test_1_selenium_view_backlog_for_scrum_board,Total:36 Passed:36 Failed:0
1632477908794,767,selenium_view_scrum_board,Success,True
.test_1_selenium_view_scrum_board,Total:37 Passed:37 Failed:0
1632477909371,575,selenium_view_kanban_board,Success,True
.test_1_selenium_view_kanban_board,Total:38 Passed:38 Failed:0
1632477909892,519,selenium_view_dashboard,Success,True
.test_1_selenium_view_dashboard,Total:39 Passed:39 Failed:0
1632477910705,812,selenium_view_issue,Success,True
.test_1_selenium_view_issue,Total:40 Passed:40 Failed:0
1632477911046,338,selenium_project_summary,Success,True
.test_1_selenium_view_project_summary,Total:41 Passed:41 Failed:0
1632477911320,272,selenium_log_out,Success,True
.test_2_selenium_z_log_out,Total:42 Passed:42 Failed:0


=============================== warnings summary ===============================
../../usr/local/lib/python3.8/dist-packages/_pytest/config/__init__.py:1114
  /usr/local/lib/python3.8/dist-packages/_pytest/config/__init__.py:1114: PytestAssertRewriteWarning: Module already imported so cannot be rewritten: apiritif
    self._mark_plugins_for_rewrite(hook)

-- Docs: https://docs.pytest.org/en/stable/warnings.html
======================== 14 passed, 1 warning in 11.47s ========================
============================= test session starts ==============================
platform linux -- Python 3.8.10, pytest-6.2.4, py-1.10.0, pluggy-0.13.1
rootdir: /dc-app-performance-toolkit/app
plugins: apiritif-0.9.8
collected 14 items

selenium_ui/jira_ui.py get driver from global
clear browser cookies
node_id:i-00e57178e78893fc7
1632477911486,108,selenium_login:open_login_page,Success,True
1632477911918,432,selenium_login:login_and_view_dashboard,Success,True
1632477911918,540,selenium_login,Success,True
.test_0_selenium_a_login,Total:43 Passed:43 Failed:0
1632477912183,247,selenium_browse_projects_list,Success,True
.test_1_selenium_browse_projects_list,Total:44 Passed:44 Failed:0
1632477912408,223,selenium_browse_boards_list,Success,True
.test_1_selenium_browse_boards_list,Total:45 Passed:45 Failed:0
1632477913105,681,selenium_create_issue:open_quick_create,Success,True
1632477914185,607,selenium_create_issue:fill_and_submit_issue_form:submit_issue_form,Success,True
1632477914185,1079,selenium_create_issue:fill_and_submit_issue_form,Success,True
1632477914185,1762,selenium_create_issue,Success,True
.test_1_selenium_create_issue,Total:46 Passed:46 Failed:0
1632477914622,421,selenium_edit_issue:open_edit_issue_form,Success,True
1632477915565,517,selenium_edit_issue:save_edit_issue_form,Success,True
1632477915566,1364,selenium_edit_issue,Success,True
.test_1_selenium_edit_issue,Total:47 Passed:47 Failed:0
1632477915910,342,selenium_save_comment:open_comment_form,Success,True
1632477917145,1095,selenium_save_comment:submit_form,Success,True
1632477917145,1578,selenium_save_comment,Success,True
.test_1_selenium_save_comment,Total:48 Passed:48 Failed:0
1632477918525,1377,selenium_search_jql,Success,True
.test_1_selenium_search_jql,Total:49 Passed:49 Failed:0
1632477919735,1208,selenium_view_scrum_board_backlog,Success,True
.test_1_selenium_view_backlog_for_scrum_board,Total:50 Passed:50 Failed:0
1632477920515,777,selenium_view_scrum_board,Success,True
.test_1_selenium_view_scrum_board,Total:51 Passed:51 Failed:0
1632477921129,612,selenium_view_kanban_board,Success,True
.test_1_selenium_view_kanban_board,Total:52 Passed:52 Failed:0
1632477921590,458,selenium_view_dashboard,Success,True
.test_1_selenium_view_dashboard,Total:53 Passed:53 Failed:0
1632477922368,777,selenium_view_issue,Success,True
.test_1_selenium_view_issue,Total:54 Passed:54 Failed:0
1632477922690,320,selenium_project_summary,Success,True
.test_1_selenium_view_project_summary,Total:55 Passed:55 Failed:0
1632477922971,279,selenium_log_out,Success,True
.test_2_selenium_z_log_out,Total:56 Passed:56 Failed:0


=============================== warnings summary ===============================
../../usr/local/lib/python3.8/dist-packages/_pytest/config/__init__.py:1114
  /usr/local/lib/python3.8/dist-packages/_pytest/config/__init__.py:1114: PytestAssertRewriteWarning: Module already imported so cannot be rewritten: apiritif
    self._mark_plugins_for_rewrite(hook)

-- Docs: https://docs.pytest.org/en/stable/warnings.html
======================== 14 passed, 1 warning in 11.62s ========================
============================= test session starts ==============================
platform linux -- Python 3.8.10, pytest-6.2.4, py-1.10.0, pluggy-0.13.1
rootdir: /dc-app-performance-toolkit/app
plugins: apiritif-0.9.8
collected 14 items

selenium_ui/jira_ui.py get driver from global
clear browser cookies
node_id:i-00e57178e78893fc7
1632477923146,115,selenium_login:open_login_page,Success,True
1632477923574,427,selenium_login:login_and_view_dashboard,Success,True
1632477923574,543,selenium_login,Success,True
.test_0_selenium_a_login,Total:57 Passed:57 Failed:0
1632477923845,252,selenium_browse_projects_list,Success,True
.test_1_selenium_browse_projects_list,Total:58 Passed:58 Failed:0
1632477924069,223,selenium_browse_boards_list,Success,True
.test_1_selenium_browse_boards_list,Total:59 Passed:59 Failed:0
1632477924723,637,selenium_create_issue:open_quick_create,Success,True
1632477925812,593,selenium_create_issue:fill_and_submit_issue_form:submit_issue_form,Success,True
1632477925813,1089,selenium_create_issue:fill_and_submit_issue_form,Success,True
1632477925813,1727,selenium_create_issue,Success,True
.test_1_selenium_create_issue,Total:60 Passed:60 Failed:0
1632477926331,501,selenium_edit_issue:open_edit_issue_form,Success,True
1632477927149,519,selenium_edit_issue:save_edit_issue_form,Success,True
1632477927149,1320,selenium_edit_issue,Success,True
.test_1_selenium_edit_issue,Total:61 Passed:61 Failed:0
1632477927464,313,selenium_save_comment:open_comment_form,Success,True
1632477928493,855,selenium_save_comment:submit_form,Success,True
1632477928493,1342,selenium_save_comment,Success,True
.test_1_selenium_save_comment,Total:62 Passed:62 Failed:0
1632477929940,1445,selenium_search_jql,Success,True
.test_1_selenium_search_jql,Total:63 Passed:63 Failed:0
1632477931107,1166,selenium_view_scrum_board_backlog,Success,True
.test_1_selenium_view_backlog_for_scrum_board,Total:64 Passed:64 Failed:0
1632477931875,765,selenium_view_scrum_board,Success,True
.test_1_selenium_view_scrum_board,Total:65 Passed:65 Failed:0
1632477932483,607,selenium_view_kanban_board,Success,True
.test_1_selenium_view_kanban_board,Total:66 Passed:66 Failed:0
1632477932890,404,selenium_view_dashboard,Success,True
.test_1_selenium_view_dashboard,Total:67 Passed:67 Failed:0
1632477933648,756,selenium_view_issue,Success,True
.test_1_selenium_view_issue,Total:68 Passed:68 Failed:0
1632477934020,371,selenium_project_summary,Success,True
.test_1_selenium_view_project_summary,Total:69 Passed:69 Failed:0
1632477934294,272,selenium_log_out,Success,True
.test_2_selenium_z_log_out,Total:70 Passed:70 Failed:0


=============================== warnings summary ===============================
../../usr/local/lib/python3.8/dist-packages/_pytest/config/__init__.py:1114
  /usr/local/lib/python3.8/dist-packages/_pytest/config/__init__.py:1114: PytestAssertRewriteWarning: Module already imported so cannot be rewritten: apiritif
    self._mark_plugins_for_rewrite(hook)

-- Docs: https://docs.pytest.org/en/stable/warnings.html
======================== 14 passed, 1 warning in 11.29s ========================
============================= test session starts ==============================
platform linux -- Python 3.8.10, pytest-6.2.4, py-1.10.0, pluggy-0.13.1
rootdir: /dc-app-performance-toolkit/app
plugins: apiritif-0.9.8
collected 14 items

selenium_ui/jira_ui.py get driver from global
clear browser cookies
node_id:i-00e57178e78893fc7
1632477934464,110,selenium_login:open_login_page,Success,True
1632477934888,423,selenium_login:login_and_view_dashboard,Success,True
1632477934888,534,selenium_login,Success,True
.test_0_selenium_a_login,Total:71 Passed:71 Failed:0
1632477935147,240,selenium_browse_projects_list,Success,True
.test_1_selenium_browse_projects_list,Total:72 Passed:72 Failed:0
1632477935389,239,selenium_browse_boards_list,Success,True
.test_1_selenium_browse_boards_list,Total:73 Passed:73 Failed:0
1632477936089,681,selenium_create_issue:open_quick_create,Success,True
1632477937167,601,selenium_create_issue:fill_and_submit_issue_form:submit_issue_form,Success,True
1632477937167,1078,selenium_create_issue:fill_and_submit_issue_form,Success,True
1632477937167,1759,selenium_create_issue,Success,True
.test_1_selenium_create_issue,Total:74 Passed:74 Failed:0
1632477937788,602,selenium_edit_issue:open_edit_issue_form,Success,True
1632477938558,513,selenium_edit_issue:save_edit_issue_form,Success,True
1632477938558,1372,selenium_edit_issue,Success,True
.test_1_selenium_edit_issue,Total:75 Passed:75 Failed:0
1632477938837,277,selenium_save_comment:open_comment_form,Success,True
1632477940001,1018,selenium_save_comment:submit_form,Success,True
1632477940001,1441,selenium_save_comment,Success,True
.test_1_selenium_save_comment,Total:76 Passed:76 Failed:0
1632477941401,1398,selenium_search_jql,Success,True
.test_1_selenium_search_jql,Total:77 Passed:77 Failed:0
1632477942335,932,selenium_view_scrum_board_backlog,Success,True
.test_1_selenium_view_backlog_for_scrum_board,Total:78 Passed:78 Failed:0
1632477943177,840,selenium_view_scrum_board,Success,True
.test_1_selenium_view_scrum_board,Total:79 Passed:79 Failed:0
1632477944356,1177,selenium_view_kanban_board,Success,True
.test_1_selenium_view_kanban_board,Total:80 Passed:80 Failed:0
1632477944661,304,selenium_view_dashboard,Success,True
.test_1_selenium_view_dashboard,Total:81 Passed:81 Failed:0
1632477945487,823,selenium_view_issue,Success,True
.test_1_selenium_view_issue,Total:82 Passed:82 Failed:0
1632477945903,414,selenium_project_summary,Success,True
.test_1_selenium_view_project_summary,Total:83 Passed:83 Failed:0
1632477946218,313,selenium_log_out,Success,True
.test_2_selenium_z_log_out,Total:84 Passed:84 Failed:0


=============================== warnings summary ===============================
../../usr/local/lib/python3.8/dist-packages/_pytest/config/__init__.py:1114
  /usr/local/lib/python3.8/dist-packages/_pytest/config/__init__.py:1114: PytestAssertRewriteWarning: Module already imported so cannot be rewritten: apiritif
    self._mark_plugins_for_rewrite(hook)

-- Docs: https://docs.pytest.org/en/stable/warnings.html
======================== 14 passed, 1 warning in 11.89s ========================
============================= test session starts ==============================
platform linux -- Python 3.8.10, pytest-6.2.4, py-1.10.0, pluggy-0.13.1
rootdir: /dc-app-performance-toolkit/app
plugins: apiritif-0.9.8
collected 14 items

selenium_ui/jira_ui.py get driver from global
clear browser cookies
node_id:i-00e57178e78893fc7
1632477946392,109,selenium_login:open_login_page,Success,True
1632477946825,432,selenium_login:login_and_view_dashboard,Success,True
1632477946825,543,selenium_login,Success,True
.test_0_selenium_a_login,Total:85 Passed:85 Failed:0
1632477947119,276,selenium_browse_projects_list,Success,True
.test_1_selenium_browse_projects_list,Total:86 Passed:86 Failed:0
1632477947356,235,selenium_browse_boards_list,Success,True
.test_1_selenium_browse_boards_list,Total:87 Passed:87 Failed:0
1632477948083,710,selenium_create_issue:open_quick_create,Success,True
1632477949141,595,selenium_create_issue:fill_and_submit_issue_form:submit_issue_form,Success,True
1632477949141,1058,selenium_create_issue:fill_and_submit_issue_form,Success,True
1632477949141,1768,selenium_create_issue,Success,True
.test_1_selenium_create_issue,Total:88 Passed:88 Failed:0
1632477949590,432,selenium_edit_issue:open_edit_issue_form,Success,True
1632477950516,525,selenium_edit_issue:save_edit_issue_form,Success,True
1632477950516,1358,selenium_edit_issue,Success,True
.test_1_selenium_edit_issue,Total:89 Passed:89 Failed:0
1632477950810,292,selenium_save_comment:open_comment_form,Success,True
1632477951926,965,selenium_save_comment:submit_form,Success,True
1632477951926,1409,selenium_save_comment,Success,True
.test_1_selenium_save_comment,Total:90 Passed:90 Failed:0
1632477953290,1362,selenium_search_jql,Success,True
.test_1_selenium_search_jql,Total:91 Passed:91 Failed:0
1632477954508,1217,selenium_view_scrum_board_backlog,Success,True
.test_1_selenium_view_backlog_for_scrum_board,Total:92 Passed:92 Failed:0
1632477955270,759,selenium_view_scrum_board,Success,True
.test_1_selenium_view_scrum_board,Total:93 Passed:93 Failed:0
1632477955872,600,selenium_view_kanban_board,Success,True
.test_1_selenium_view_kanban_board,Total:94 Passed:94 Failed:0
1632477956367,493,selenium_view_dashboard,Success,True
.test_1_selenium_view_dashboard,Total:95 Passed:95 Failed:0
1632477957086,717,selenium_view_issue,Success,True
.test_1_selenium_view_issue,Total:96 Passed:96 Failed:0
1632477957425,338,selenium_project_summary,Success,True
.test_1_selenium_view_project_summary,Total:97 Passed:97 Failed:0
1632477957709,282,selenium_log_out,Success,True
.test_2_selenium_z_log_out,Total:98 Passed:98 Failed:0


=============================== warnings summary ===============================
../../usr/local/lib/python3.8/dist-packages/_pytest/config/__init__.py:1114
  /usr/local/lib/python3.8/dist-packages/_pytest/config/__init__.py:1114: PytestAssertRewriteWarning: Module already imported so cannot be rewritten: apiritif
    self._mark_plugins_for_rewrite(hook)

-- Docs: https://docs.pytest.org/en/stable/warnings.html
======================== 14 passed, 1 warning in 11.45s ========================
============================= test session starts ==============================
platform linux -- Python 3.8.10, pytest-6.2.4, py-1.10.0, pluggy-0.13.1
rootdir: /dc-app-performance-toolkit/app
plugins: apiritif-0.9.8
collected 14 items

selenium_ui/jira_ui.py get driver from global
clear browser cookies
node_id:i-00e57178e78893fc7
1632477957880,112,selenium_login:open_login_page,Success,True
1632477958314,433,selenium_login:login_and_view_dashboard,Success,True
1632477958315,547,selenium_login,Success,True
.test_0_selenium_a_login,Total:99 Passed:99 Failed:0
1632477958579,244,selenium_browse_projects_list,Success,True
.test_1_selenium_browse_projects_list,Total:100 Passed:100 Failed:0
1632477958838,257,selenium_browse_boards_list,Success,True
.test_1_selenium_browse_boards_list,Total:101 Passed:101 Failed:0
1632477959547,692,selenium_create_issue:open_quick_create,Success,True
1632477960667,600,selenium_create_issue:fill_and_submit_issue_form:submit_issue_form,Success,True
1632477960667,1120,selenium_create_issue:fill_and_submit_issue_form,Success,True
1632477960667,1812,selenium_create_issue,Success,True
.test_1_selenium_create_issue,Total:102 Passed:102 Failed:0
1632477961128,440,selenium_edit_issue:open_edit_issue_form,Success,True
1632477962198,667,selenium_edit_issue:save_edit_issue_form,Success,True
1632477962198,1510,selenium_edit_issue,Success,True
.test_1_selenium_edit_issue,Total:103 Passed:103 Failed:0
1632477962419,219,selenium_save_comment:open_comment_form,Success,True
1632477963635,1068,selenium_save_comment:submit_form,Success,True
1632477963635,1436,selenium_save_comment,Success,True
.test_1_selenium_save_comment,Total:104 Passed:104 Failed:0
1632477964989,1352,selenium_search_jql,Success,True
.test_1_selenium_search_jql,Total:105 Passed:105 Failed:0
1632477966205,1214,selenium_view_scrum_board_backlog,Success,True
.test_1_selenium_view_backlog_for_scrum_board,Total:106 Passed:106 Failed:0
1632477967021,815,selenium_view_scrum_board,Success,True
.test_1_selenium_view_scrum_board,Total:107 Passed:107 Failed:0
1632477967332,309,selenium_view_kanban_board,Success,True
.test_1_selenium_view_kanban_board,Total:108 Passed:108 Failed:0
1632477967671,337,selenium_view_dashboard,Success,True
.test_1_selenium_view_dashboard,Total:109 Passed:109 Failed:0
1632477968340,668,selenium_view_issue,Success,True
.test_1_selenium_view_issue,Total:110 Passed:110 Failed:0
1632477968759,417,selenium_project_summary,Success,True
.test_1_selenium_view_project_summary,Total:111 Passed:111 Failed:0
1632477969051,290,selenium_log_out,Success,True
.test_2_selenium_z_log_out,Total:112 Passed:112 Failed:0


=============================== warnings summary ===============================
../../usr/local/lib/python3.8/dist-packages/_pytest/config/__init__.py:1114
  /usr/local/lib/python3.8/dist-packages/_pytest/config/__init__.py:1114: PytestAssertRewriteWarning: Module already imported so cannot be rewritten: apiritif
    self._mark_plugins_for_rewrite(hook)

-- Docs: https://docs.pytest.org/en/stable/warnings.html
======================== 14 passed, 1 warning in 11.31s ========================
============================= test session starts ==============================
platform linux -- Python 3.8.10, pytest-6.2.4, py-1.10.0, pluggy-0.13.1
rootdir: /dc-app-performance-toolkit/app
plugins: apiritif-0.9.8
collected 14 items

selenium_ui/jira_ui.py get driver from global
clear browser cookies
node_id:i-00e57178e78893fc7
1632477969223,111,selenium_login:open_login_page,Success,True
1632477969674,450,selenium_login:login_and_view_dashboard,Success,True
1632477969674,561,selenium_login,Success,True
.test_0_selenium_a_login,Total:113 Passed:113 Failed:0
1632477970018,318,selenium_browse_projects_list,Success,True
.test_1_selenium_browse_projects_list,Total:114 Passed:114 Failed:0
1632477970255,235,selenium_browse_boards_list,Success,True
.test_1_selenium_browse_boards_list,Total:115 Passed:115 Failed:0
1632477970902,629,selenium_create_issue:open_quick_create,Success,True
1632477971979,596,selenium_create_issue:fill_and_submit_issue_form:submit_issue_form,Success,True
1632477971979,1076,selenium_create_issue:fill_and_submit_issue_form,Success,True
1632477971979,1706,selenium_create_issue,Success,True
.test_1_selenium_create_issue,Total:116 Passed:116 Failed:0
1632477972433,437,selenium_edit_issue:open_edit_issue_form,Success,True
1632477973410,536,selenium_edit_issue:save_edit_issue_form,Success,True
1632477973410,1414,selenium_edit_issue,Success,True
.test_1_selenium_edit_issue,Total:117 Passed:117 Failed:0
1632477973698,286,selenium_save_comment:open_comment_form,Success,True
1632477974748,900,selenium_save_comment:submit_form,Success,True
1632477974748,1336,selenium_save_comment,Success,True
.test_1_selenium_save_comment,Total:118 Passed:118 Failed:0
1632477976142,1392,selenium_search_jql,Success,True
.test_1_selenium_search_jql,Total:119 Passed:119 Failed:0
1632477977314,1170,selenium_view_scrum_board_backlog,Success,True
.test_1_selenium_view_backlog_for_scrum_board,Total:120 Passed:120 Failed:0
1632477978083,767,selenium_view_scrum_board,Success,True
.test_1_selenium_view_scrum_board,Total:121 Passed:121 Failed:0
1632477979160,1075,selenium_view_kanban_board,Success,True
.test_1_selenium_view_kanban_board,Total:122 Passed:122 Failed:0
1632477979761,599,selenium_view_dashboard,Success,True
.test_1_selenium_view_dashboard,Total:123 Passed:123 Failed:0
1632477980511,749,selenium_view_issue,Success,True
.test_1_selenium_view_issue,Total:124 Passed:124 Failed:0
1632477980790,277,selenium_project_summary,Success,True
.test_1_selenium_view_project_summary,Total:125 Passed:125 Failed:0
1632477981139,347,selenium_log_out,Success,True
.test_2_selenium_z_log_out,Total:126 Passed:126 Failed:0


=============================== warnings summary ===============================
../../usr/local/lib/python3.8/dist-packages/_pytest/config/__init__.py:1114
  /usr/local/lib/python3.8/dist-packages/_pytest/config/__init__.py:1114: PytestAssertRewriteWarning: Module already imported so cannot be rewritten: apiritif
    self._mark_plugins_for_rewrite(hook)

-- Docs: https://docs.pytest.org/en/stable/warnings.html
======================== 14 passed, 1 warning in 12.05s ========================
============================= test session starts ==============================
platform linux -- Python 3.8.10, pytest-6.2.4, py-1.10.0, pluggy-0.13.1
rootdir: /dc-app-performance-toolkit/app
plugins: apiritif-0.9.8
collected 14 items

selenium_ui/jira_ui.py get driver from global
clear browser cookies
node_id:i-00e57178e78893fc7
1632477981312,113,selenium_login:open_login_page,Success,True
1632477981757,444,selenium_login:login_and_view_dashboard,Success,True
1632477981758,559,selenium_login,Success,True
.test_0_selenium_a_login,Total:127 Passed:127 Failed:0
1632477982018,241,selenium_browse_projects_list,Success,True
.test_1_selenium_browse_projects_list,Total:128 Passed:128 Failed:0
1632477982265,245,selenium_browse_boards_list,Success,True
.test_1_selenium_browse_boards_list,Total:129 Passed:129 Failed:0
1632477982951,669,selenium_create_issue:open_quick_create,Success,True
1632477984065,598,selenium_create_issue:fill_and_submit_issue_form:submit_issue_form,Success,True
1632477984065,1114,selenium_create_issue:fill_and_submit_issue_form,Success,True
1632477984065,1783,selenium_create_issue,Success,True
.test_1_selenium_create_issue,Total:130 Passed:130 Failed:0
1632477984516,433,selenium_edit_issue:open_edit_issue_form,Success,True
1632477985463,520,selenium_edit_issue:save_edit_issue_form,Success,True
1632477985463,1380,selenium_edit_issue,Success,True
.test_1_selenium_edit_issue,Total:131 Passed:131 Failed:0
1632477985815,349,selenium_save_comment:open_comment_form,Success,True
1632477987048,1064,selenium_save_comment:submit_form,Success,True
1632477987048,1583,selenium_save_comment,Success,True
.test_1_selenium_save_comment,Total:132 Passed:132 Failed:0
1632477988411,1360,selenium_search_jql,Success,True
.test_1_selenium_search_jql,Total:133 Passed:133 Failed:0
1632477989590,1177,selenium_view_scrum_board_backlog,Success,True
.test_1_selenium_view_backlog_for_scrum_board,Total:134 Passed:134 Failed:0
1632477990346,754,selenium_view_scrum_board,Success,True
.test_1_selenium_view_scrum_board,Total:135 Passed:135 Failed:0
1632477990998,651,selenium_view_kanban_board,Success,True
.test_1_selenium_view_kanban_board,Total:136 Passed:136 Failed:0
1632477991275,275,selenium_view_dashboard,Success,True
.test_1_selenium_view_dashboard,Total:137 Passed:137 Failed:0
1632477992014,736,selenium_view_issue,Success,True
.test_1_selenium_view_issue,Total:138 Passed:138 Failed:0
1632477992409,394,selenium_project_summary,Success,True
.test_1_selenium_view_project_summary,Total:139 Passed:139 Failed:0
1632477992684,273,selenium_log_out,Success,True
.test_2_selenium_z_log_out,Total:140 Passed:140 Failed:0


=============================== warnings summary ===============================
../../usr/local/lib/python3.8/dist-packages/_pytest/config/__init__.py:1114
  /usr/local/lib/python3.8/dist-packages/_pytest/config/__init__.py:1114: PytestAssertRewriteWarning: Module already imported so cannot be rewritten: apiritif
    self._mark_plugins_for_rewrite(hook)

-- Docs: https://docs.pytest.org/en/stable/warnings.html
======================== 14 passed, 1 warning in 11.51s ========================
============================= test session starts ==============================
platform linux -- Python 3.8.10, pytest-6.2.4, py-1.10.0, pluggy-0.13.1
rootdir: /dc-app-performance-toolkit/app
plugins: apiritif-0.9.8
collected 14 items

selenium_ui/jira_ui.py get driver from global
clear browser cookies
node_id:i-00e57178e78893fc7
1632477992875,111,selenium_login:open_login_page,Success,True
1632477993315,439,selenium_login:login_and_view_dashboard,Success,True
1632477993315,551,selenium_login,Success,True
.test_0_selenium_a_login,Total:141 Passed:141 Failed:0
1632477993588,253,selenium_browse_projects_list,Success,True
.test_1_selenium_browse_projects_list,Total:142 Passed:142 Failed:0
1632477993829,239,selenium_browse_boards_list,Success,True
.test_1_selenium_browse_boards_list,Total:143 Passed:143 Failed:0
1632477994494,647,selenium_create_issue:open_quick_create,Success,True
1632477995632,605,selenium_create_issue:fill_and_submit_issue_form:submit_issue_form,Success,True
1632477995632,1137,selenium_create_issue:fill_and_submit_issue_form,Success,True
1632477995632,1785,selenium_create_issue,Success,True
.test_1_selenium_create_issue,Total:144 Passed:144 Failed:0
1632477996103,453,selenium_edit_issue:open_edit_issue_form,Success,True
1632477997090,605,selenium_edit_issue:save_edit_issue_form,Success,True
1632477997090,1441,selenium_edit_issue,Success,True
.test_1_selenium_edit_issue,Total:145 Passed:145 Failed:0
1632477997389,297,selenium_save_comment:open_comment_form,Success,True
1632477998456,946,selenium_save_comment:submit_form,Success,True
1632477998456,1364,selenium_save_comment,Success,True
.test_1_selenium_save_comment,Total:146 Passed:146 Failed:0
1632477999865,1407,selenium_search_jql,Success,True
.test_1_selenium_search_jql,Total:147 Passed:147 Failed:0
1632478000681,815,selenium_view_scrum_board_backlog,Success,True
.test_1_selenium_view_backlog_for_scrum_board,Total:148 Passed:148 Failed:0
1632478001525,842,selenium_view_scrum_board,Success,True
.test_1_selenium_view_scrum_board,Total:149 Passed:149 Failed:0
1632478002144,617,selenium_view_kanban_board,Success,True
.test_1_selenium_view_kanban_board,Total:150 Passed:150 Failed:0
1632478002549,403,selenium_view_dashboard,Success,True
.test_1_selenium_view_dashboard,Total:151 Passed:151 Failed:0
1632478003363,813,selenium_view_issue,Success,True
.test_1_selenium_view_issue,Total:152 Passed:152 Failed:0
1632478003668,303,selenium_project_summary,Success,True
.test_1_selenium_view_project_summary,Total:153 Passed:153 Failed:0
1632478003982,312,selenium_log_out,Success,True
.test_2_selenium_z_log_out,Total:154 Passed:154 Failed:0


=============================== warnings summary ===============================
../../usr/local/lib/python3.8/dist-packages/_pytest/config/__init__.py:1114
  /usr/local/lib/python3.8/dist-packages/_pytest/config/__init__.py:1114: PytestAssertRewriteWarning: Module already imported so cannot be rewritten: apiritif
    self._mark_plugins_for_rewrite(hook)

-- Docs: https://docs.pytest.org/en/stable/warnings.html
======================== 14 passed, 1 warning in 11.24s ========================
============================= test session starts ==============================
platform linux -- Python 3.8.10, pytest-6.2.4, py-1.10.0, pluggy-0.13.1
rootdir: /dc-app-performance-toolkit/app
plugins: apiritif-0.9.8
collected 14 items

selenium_ui/jira_ui.py get driver from global
clear browser cookies
node_id:i-00e57178e78893fc7
1632478004158,114,selenium_login:open_login_page,Success,True
1632478004602,444,selenium_login:login_and_view_dashboard,Success,True
1632478004602,559,selenium_login,Success,True
.test_0_selenium_a_login,Total:155 Passed:155 Failed:0
1632478004869,247,selenium_browse_projects_list,Success,True
.test_1_selenium_browse_projects_list,Total:156 Passed:156 Failed:0
1632478005097,226,selenium_browse_boards_list,Success,True
.test_1_selenium_browse_boards_list,Total:157 Passed:157 Failed:0
1632478005763,647,selenium_create_issue:open_quick_create,Success,True
1632478006868,599,selenium_create_issue:fill_and_submit_issue_form:submit_issue_form,Success,True
1632478006868,1105,selenium_create_issue:fill_and_submit_issue_form,Success,True
1632478006868,1753,selenium_create_issue,Success,True
.test_1_selenium_create_issue,Total:158 Passed:158 Failed:0
1632478007442,556,selenium_edit_issue:open_edit_issue_form,Success,True
1632478008287,537,selenium_edit_issue:save_edit_issue_form,Success,True
1632478008287,1401,selenium_edit_issue,Success,True
.test_1_selenium_edit_issue,Total:159 Passed:159 Failed:0
1632478008622,333,selenium_save_comment:open_comment_form,Success,True
1632478009673,905,selenium_save_comment:submit_form,Success,True
1632478009673,1384,selenium_save_comment,Success,True
.test_1_selenium_save_comment,Total:160 Passed:160 Failed:0
1632478011104,1429,selenium_search_jql,Success,True
.test_1_selenium_search_jql,Total:161 Passed:161 Failed:0
1632478011934,828,selenium_view_scrum_board_backlog,Success,True
.test_1_selenium_view_backlog_for_scrum_board,Total:162 Passed:162 Failed:0
1632478012786,850,selenium_view_scrum_board,Success,True
.test_1_selenium_view_scrum_board,Total:163 Passed:163 Failed:0
1632478013427,639,selenium_view_kanban_board,Success,True
.test_1_selenium_view_kanban_board,Total:164 Passed:164 Failed:0
1632478013708,279,selenium_view_dashboard,Success,True
.test_1_selenium_view_dashboard,Total:165 Passed:165 Failed:0
1632478014543,834,selenium_view_issue,Success,True
.test_1_selenium_view_issue,Total:166 Passed:166 Failed:0
1632478014963,417,selenium_project_summary,Success,True
.test_1_selenium_view_project_summary,Total:167 Passed:167 Failed:0
1632478015257,293,selenium_log_out,Success,True
.test_2_selenium_z_log_out,Total:168 Passed:168 Failed:0


=============================== warnings summary ===============================
../../usr/local/lib/python3.8/dist-packages/_pytest/config/__init__.py:1114
  /usr/local/lib/python3.8/dist-packages/_pytest/config/__init__.py:1114: PytestAssertRewriteWarning: Module already imported so cannot be rewritten: apiritif
    self._mark_plugins_for_rewrite(hook)

-- Docs: https://docs.pytest.org/en/stable/warnings.html
======================== 14 passed, 1 warning in 11.24s ========================
============================= test session starts ==============================
platform linux -- Python 3.8.10, pytest-6.2.4, py-1.10.0, pluggy-0.13.1
rootdir: /dc-app-performance-toolkit/app
plugins: apiritif-0.9.8
collected 14 items

selenium_ui/jira_ui.py get driver from global
clear browser cookies
node_id:i-00e57178e78893fc7
1632478015433,118,selenium_login:open_login_page,Success,True
1632478015884,450,selenium_login:login_and_view_dashboard,Success,True
1632478015884,569,selenium_login,Success,True
.test_0_selenium_a_login,Total:169 Passed:169 Failed:0
1632478016132,228,selenium_browse_projects_list,Success,True
.test_1_selenium_browse_projects_list,Total:170 Passed:170 Failed:0
1632478016368,233,selenium_browse_boards_list,Success,True
.test_1_selenium_browse_boards_list,Total:171 Passed:171 Failed:0
1632478017081,692,selenium_create_issue:open_quick_create,Success,True
1632478018169,603,selenium_create_issue:fill_and_submit_issue_form:submit_issue_form,Success,True
1632478018169,1087,selenium_create_issue:fill_and_submit_issue_form,Success,True
1632478018169,1780,selenium_create_issue,Success,True
.test_1_selenium_create_issue,Total:172 Passed:172 Failed:0
1632478018704,516,selenium_edit_issue:open_edit_issue_form,Success,True
1632478019523,511,selenium_edit_issue:save_edit_issue_form,Success,True
1632478019524,1336,selenium_edit_issue,Success,True
.test_1_selenium_edit_issue,Total:173 Passed:173 Failed:0
1632478019860,335,selenium_save_comment:open_comment_form,Success,True
1632478020948,945,selenium_save_comment:submit_form,Success,True
1632478020948,1423,selenium_save_comment,Success,True
.test_1_selenium_save_comment,Total:174 Passed:174 Failed:0
1632478022433,1483,selenium_search_jql,Success,True
.test_1_selenium_search_jql,Total:175 Passed:175 Failed:0
1632478023640,1205,selenium_view_scrum_board_backlog,Success,True
.test_1_selenium_view_backlog_for_scrum_board,Total:176 Passed:176 Failed:0
1632478024412,770,selenium_view_scrum_board,Success,True
.test_1_selenium_view_scrum_board,Total:177 Passed:177 Failed:0
1632478025053,640,selenium_view_kanban_board,Success,True
.test_1_selenium_view_kanban_board,Total:178 Passed:178 Failed:0
1632478025539,483,selenium_view_dashboard,Success,True
.test_1_selenium_view_dashboard,Total:179 Passed:179 Failed:0
1632478026293,752,selenium_view_issue,Success,True
.test_1_selenium_view_issue,Total:180 Passed:180 Failed:0
1632478026582,288,selenium_project_summary,Success,True
.test_1_selenium_view_project_summary,Total:181 Passed:181 Failed:0
1632478026881,297,selenium_log_out,Success,True
.test_2_selenium_z_log_out,Total:182 Passed:182 Failed:0


=============================== warnings summary ===============================
../../usr/local/lib/python3.8/dist-packages/_pytest/config/__init__.py:1114
  /usr/local/lib/python3.8/dist-packages/_pytest/config/__init__.py:1114: PytestAssertRewriteWarning: Module already imported so cannot be rewritten: apiritif
    self._mark_plugins_for_rewrite(hook)

-- Docs: https://docs.pytest.org/en/stable/warnings.html
======================== 14 passed, 1 warning in 11.59s ========================
============================= test session starts ==============================
platform linux -- Python 3.8.10, pytest-6.2.4, py-1.10.0, pluggy-0.13.1
rootdir: /dc-app-performance-toolkit/app
plugins: apiritif-0.9.8
collected 14 items

selenium_ui/jira_ui.py get driver from global
clear browser cookies
node_id:i-00e57178e78893fc7
1632478027049,109,selenium_login:open_login_page,Success,True
1632478028151,1102,selenium_login:login_and_view_dashboard,Success,True
1632478028152,1212,selenium_login,Success,True
.test_0_selenium_a_login,Total:183 Passed:183 Failed:0
1632478028398,217,selenium_browse_projects_list,Success,True
.test_1_selenium_browse_projects_list,Total:184 Passed:184 Failed:0
1632478028647,246,selenium_browse_boards_list,Success,True
.test_1_selenium_browse_boards_list,Total:185 Passed:185 Failed:0
1632478029323,653,selenium_create_issue:open_quick_create,Success,True
1632478030487,642,selenium_create_issue:fill_and_submit_issue_form:submit_issue_form,Success,True
1632478030487,1163,selenium_create_issue:fill_and_submit_issue_form,Success,True
1632478030487,1817,selenium_create_issue,Success,True
.test_1_selenium_create_issue,Total:186 Passed:186 Failed:0
1632478030968,463,selenium_edit_issue:open_edit_issue_form,Success,True
1632478031902,536,selenium_edit_issue:save_edit_issue_form,Success,True
1632478031902,1397,selenium_edit_issue,Success,True
.test_1_selenium_edit_issue,Total:187 Passed:187 Failed:0
1632478032191,287,selenium_save_comment:open_comment_form,Success,True
1632478033274,941,selenium_save_comment:submit_form,Success,True
1632478033274,1370,selenium_save_comment,Success,True
.test_1_selenium_save_comment,Total:188 Passed:188 Failed:0
1632478034704,1428,selenium_search_jql,Success,True
.test_1_selenium_search_jql,Total:189 Passed:189 Failed:0
1632478035511,805,selenium_view_scrum_board_backlog,Success,True
.test_1_selenium_view_backlog_for_scrum_board,Total:190 Passed:190 Failed:0
1632478036269,757,selenium_view_scrum_board,Success,True
.test_1_selenium_view_scrum_board,Total:191 Passed:191 Failed:0
1632478036672,401,selenium_view_kanban_board,Success,True
.test_1_selenium_view_kanban_board,Total:192 Passed:192 Failed:0
1632478037038,363,selenium_view_dashboard,Success,True
.test_1_selenium_view_dashboard,Total:193 Passed:193 Failed:0
1632478037860,821,selenium_view_issue,Success,True
.test_1_selenium_view_issue,Total:194 Passed:194 Failed:0
1632478038157,295,selenium_project_summary,Success,True
.test_1_selenium_view_project_summary,Total:195 Passed:195 Failed:0
1632478038497,338,selenium_log_out,Success,True
.test_2_selenium_z_log_out,Total:196 Passed:196 Failed:0


=============================== warnings summary ===============================
../../usr/local/lib/python3.8/dist-packages/_pytest/config/__init__.py:1114
  /usr/local/lib/python3.8/dist-packages/_pytest/config/__init__.py:1114: PytestAssertRewriteWarning: Module already imported so cannot be rewritten: apiritif
    self._mark_plugins_for_rewrite(hook)

-- Docs: https://docs.pytest.org/en/stable/warnings.html
======================== 14 passed, 1 warning in 11.58s ========================
============================= test session starts ==============================
platform linux -- Python 3.8.10, pytest-6.2.4, py-1.10.0, pluggy-0.13.1
rootdir: /dc-app-performance-toolkit/app
plugins: apiritif-0.9.8
collected 14 items

selenium_ui/jira_ui.py get driver from global
clear browser cookies
node_id:i-00e57178e78893fc7
1632478038679,121,selenium_login:open_login_page,Success,True
1632478039132,453,selenium_login:login_and_view_dashboard,Success,True
1632478039133,575,selenium_login,Success,True
.test_0_selenium_a_login,Total:197 Passed:197 Failed:0
1632478039429,247,selenium_browse_projects_list,Success,True
.test_1_selenium_browse_projects_list,Total:198 Passed:198 Failed:0
1632478039661,230,selenium_browse_boards_list,Success,True
.test_1_selenium_browse_boards_list,Total:199 Passed:199 Failed:0
1632478040377,697,selenium_create_issue:open_quick_create,Success,True
1632478041504,601,selenium_create_issue:fill_and_submit_issue_form:submit_issue_form,Success,True
1632478041504,1126,selenium_create_issue:fill_and_submit_issue_form,Success,True
1632478041504,1824,selenium_create_issue,Success,True
.test_1_selenium_create_issue,Total:200 Passed:200 Failed:0
1632478042068,545,selenium_edit_issue:open_edit_issue_form,Success,True
1632478042928,557,selenium_edit_issue:save_edit_issue_form,Success,True
1632478042928,1406,selenium_edit_issue,Success,True
.test_1_selenium_edit_issue,Total:201 Passed:201 Failed:0
1632478043179,249,selenium_save_comment:open_comment_form,Success,True
1632478044421,1071,selenium_save_comment:submit_form,Success,True
1632478044421,1491,selenium_save_comment,Success,True
.test_1_selenium_save_comment,Total:202 Passed:202 Failed:0
1632478045875,1451,selenium_search_jql,Success,True
.test_1_selenium_search_jql,Total:203 Passed:203 Failed:0
1632478047076,1200,selenium_view_scrum_board_backlog,Success,True
.test_1_selenium_view_backlog_for_scrum_board,Total:204 Passed:204 Failed:0
1632478047866,788,selenium_view_scrum_board,Success,True
.test_1_selenium_view_scrum_board,Total:205 Passed:205 Failed:0
1632478048578,711,selenium_view_kanban_board,Success,True
.test_1_selenium_view_kanban_board,Total:206 Passed:206 Failed:0
1632478049175,595,selenium_view_dashboard,Success,True
.test_1_selenium_view_dashboard,Total:207 Passed:207 Failed:0
1632478050061,885,selenium_view_issue,Success,True
.test_1_selenium_view_issue,Total:208 Passed:208 Failed:0
1632478050353,290,selenium_project_summary,Success,True
.test_1_selenium_view_project_summary,Total:209 Passed:209 Failed:0
1632478050678,323,selenium_log_out,Success,True
.test_2_selenium_z_log_out,Total:210 Passed:210 Failed:0


=============================== warnings summary ===============================
../../usr/local/lib/python3.8/dist-packages/_pytest/config/__init__.py:1114
  /usr/local/lib/python3.8/dist-packages/_pytest/config/__init__.py:1114: PytestAssertRewriteWarning: Module already imported so cannot be rewritten: apiritif
    self._mark_plugins_for_rewrite(hook)

-- Docs: https://docs.pytest.org/en/stable/warnings.html
======================== 14 passed, 1 warning in 12.15s ========================
============================= test session starts ==============================
platform linux -- Python 3.8.10, pytest-6.2.4, py-1.10.0, pluggy-0.13.1
rootdir: /dc-app-performance-toolkit/app
plugins: apiritif-0.9.8
collected 14 items

selenium_ui/jira_ui.py get driver from global
clear browser cookies
node_id:i-00e57178e78893fc7
1632478050853,117,selenium_login:open_login_page,Success,True
1632478051292,439,selenium_login:login_and_view_dashboard,Success,True
1632478051293,557,selenium_login,Success,True
.test_0_selenium_a_login,Total:211 Passed:211 Failed:0
1632478051555,242,selenium_browse_projects_list,Success,True
.test_1_selenium_browse_projects_list,Total:212 Passed:212 Failed:0
1632478051790,233,selenium_browse_boards_list,Success,True
.test_1_selenium_browse_boards_list,Total:213 Passed:213 Failed:0
1632478052500,692,selenium_create_issue:open_quick_create,Success,True
1632478053576,602,selenium_create_issue:fill_and_submit_issue_form:submit_issue_form,Success,True
1632478053576,1075,selenium_create_issue:fill_and_submit_issue_form,Success,True
1632478053576,1767,selenium_create_issue,Success,True
.test_1_selenium_create_issue,Total:214 Passed:214 Failed:0
1632478054084,489,selenium_edit_issue:open_edit_issue_form,Success,True
1632478054944,474,selenium_edit_issue:save_edit_issue_form,Success,True
1632478054944,1349,selenium_edit_issue,Success,True
.test_1_selenium_edit_issue,Total:215 Passed:215 Failed:0
1632478055277,331,selenium_save_comment:open_comment_form,Success,True
1632478056478,1052,selenium_save_comment:submit_form,Success,True
1632478056478,1531,selenium_save_comment,Success,True
.test_1_selenium_save_comment,Total:216 Passed:216 Failed:0
1632478057934,1454,selenium_search_jql,Success,True
.test_1_selenium_search_jql,Total:217 Passed:217 Failed:0
1632478058738,803,selenium_view_scrum_board_backlog,Success,True
.test_1_selenium_view_backlog_for_scrum_board,Total:218 Passed:218 Failed:0
1632478059587,847,selenium_view_scrum_board,Success,True
.test_1_selenium_view_scrum_board,Total:219 Passed:219 Failed:0
1632478060529,941,selenium_view_kanban_board,Success,True
.test_1_selenium_view_kanban_board,Total:220 Passed:220 Failed:0
1632478060875,344,selenium_view_dashboard,Success,True
.test_1_selenium_view_dashboard,Total:221 Passed:221 Failed:0
1632478061784,908,selenium_view_issue,Success,True
.test_1_selenium_view_issue,Total:222 Passed:222 Failed:0
1632478062151,364,selenium_project_summary,Success,True
.test_1_selenium_view_project_summary,Total:223 Passed:223 Failed:0
1632478062448,296,selenium_log_out,Success,True
.test_2_selenium_z_log_out,Total:224 Passed:224 Failed:0


=============================== warnings summary ===============================
../../usr/local/lib/python3.8/dist-packages/_pytest/config/__init__.py:1114
  /usr/local/lib/python3.8/dist-packages/_pytest/config/__init__.py:1114: PytestAssertRewriteWarning: Module already imported so cannot be rewritten: apiritif
    self._mark_plugins_for_rewrite(hook)

-- Docs: https://docs.pytest.org/en/stable/warnings.html
======================== 14 passed, 1 warning in 11.74s ========================
============================= test session starts ==============================
platform linux -- Python 3.8.10, pytest-6.2.4, py-1.10.0, pluggy-0.13.1
rootdir: /dc-app-performance-toolkit/app
plugins: apiritif-0.9.8
collected 14 items

selenium_ui/jira_ui.py get driver from global
clear browser cookies
node_id:i-00e57178e78893fc7
1632478062615,109,selenium_login:open_login_page,Success,True
1632478063060,445,selenium_login:login_and_view_dashboard,Success,True
1632478063061,555,selenium_login,Success,True
.test_0_selenium_a_login,Total:225 Passed:225 Failed:0
1632478063326,245,selenium_browse_projects_list,Success,True
.test_1_selenium_browse_projects_list,Total:226 Passed:226 Failed:0
1632478063568,240,selenium_browse_boards_list,Success,True
.test_1_selenium_browse_boards_list,Total:227 Passed:227 Failed:0
1632478064294,705,selenium_create_issue:open_quick_create,Success,True
1632478065366,602,selenium_create_issue:fill_and_submit_issue_form:submit_issue_form,Success,True
1632478065367,1072,selenium_create_issue:fill_and_submit_issue_form,Success,True
1632478065367,1778,selenium_create_issue,Success,True
.test_1_selenium_create_issue,Total:228 Passed:228 Failed:0
1632478065868,482,selenium_edit_issue:open_edit_issue_form,Success,True
1632478066734,466,selenium_edit_issue:save_edit_issue_form,Success,True
1632478066734,1349,selenium_edit_issue,Success,True
.test_1_selenium_edit_issue,Total:229 Passed:229 Failed:0
1632478066950,213,selenium_save_comment:open_comment_form,Success,True
1632478068142,1010,selenium_save_comment:submit_form,Success,True
1632478068142,1406,selenium_save_comment,Success,True
.test_1_selenium_save_comment,Total:230 Passed:230 Failed:0
1632478069545,1401,selenium_search_jql,Success,True
.test_1_selenium_search_jql,Total:231 Passed:231 Failed:0
1632478070378,831,selenium_view_scrum_board_backlog,Success,True
.test_1_selenium_view_backlog_for_scrum_board,Total:232 Passed:232 Failed:0
1632478071126,746,selenium_view_scrum_board,Success,True
.test_1_selenium_view_scrum_board,Total:233 Passed:233 Failed:0
1632478071493,366,selenium_view_kanban_board,Success,True
.test_1_selenium_view_kanban_board,Total:234 Passed:234 Failed:0
1632478071909,414,selenium_view_dashboard,Success,True
.test_1_selenium_view_dashboard,Total:235 Passed:235 Failed:0
1632478072626,715,selenium_view_issue,Success,True
.test_1_selenium_view_issue,Total:236 Passed:236 Failed:0
1632478072907,279,selenium_project_summary,Success,True
.test_1_selenium_view_project_summary,Total:237 Passed:237 Failed:0
1632478073265,355,selenium_log_out,Success,True
.test_2_selenium_z_log_out,Total:238 Passed:238 Failed:0


=============================== warnings summary ===============================
../../usr/local/lib/python3.8/dist-packages/_pytest/config/__init__.py:1114
  /usr/local/lib/python3.8/dist-packages/_pytest/config/__init__.py:1114: PytestAssertRewriteWarning: Module already imported so cannot be rewritten: apiritif
    self._mark_plugins_for_rewrite(hook)

-- Docs: https://docs.pytest.org/en/stable/warnings.html
======================== 14 passed, 1 warning in 10.78s ========================
============================= test session starts ==============================
platform linux -- Python 3.8.10, pytest-6.2.4, py-1.10.0, pluggy-0.13.1
rootdir: /dc-app-performance-toolkit/app
plugins: apiritif-0.9.8
collected 14 items

selenium_ui/jira_ui.py get driver from global
clear browser cookies
node_id:i-00e57178e78893fc7
1632478073431,107,selenium_login:open_login_page,Success,True
1632478073855,423,selenium_login:login_and_view_dashboard,Success,True
1632478073855,531,selenium_login,Success,True
.test_0_selenium_a_login,Total:239 Passed:239 Failed:0
1632478074124,247,selenium_browse_projects_list,Success,True
.test_1_selenium_browse_projects_list,Total:240 Passed:240 Failed:0
1632478074351,225,selenium_browse_boards_list,Success,True
.test_1_selenium_browse_boards_list,Total:241 Passed:241 Failed:0
1632478075019,648,selenium_create_issue:open_quick_create,Success,True
1632478076054,600,selenium_create_issue:fill_and_submit_issue_form:submit_issue_form,Success,True
1632478076054,1035,selenium_create_issue:fill_and_submit_issue_form,Success,True
1632478076055,1684,selenium_create_issue,Success,True
.test_1_selenium_create_issue,Total:242 Passed:242 Failed:0
1632478076520,446,selenium_edit_issue:open_edit_issue_form,Success,True
1632478077529,613,selenium_edit_issue:save_edit_issue_form,Success,True
1632478077529,1455,selenium_edit_issue,Success,True
.test_1_selenium_edit_issue,Total:243 Passed:243 Failed:0
1632478077916,385,selenium_save_comment:open_comment_form,Success,True
1632478078971,956,selenium_save_comment:submit_form,Success,True
1632478078971,1440,selenium_save_comment,Success,True
.test_1_selenium_save_comment,Total:244 Passed:244 Failed:0
1632478080363,1390,selenium_search_jql,Success,True
.test_1_selenium_search_jql,Total:245 Passed:245 Failed:0
1632478081582,1217,selenium_view_scrum_board_backlog,Success,True
.test_1_selenium_view_backlog_for_scrum_board,Total:246 Passed:246 Failed:0
1632478082365,781,selenium_view_scrum_board,Success,True
.test_1_selenium_view_scrum_board,Total:247 Passed:247 Failed:0
1632478082806,439,selenium_view_kanban_board,Success,True
.test_1_selenium_view_kanban_board,Total:248 Passed:248 Failed:0
1632478083034,226,selenium_view_dashboard,Success,True
.test_1_selenium_view_dashboard,Total:249 Passed:249 Failed:0
1632478083820,784,selenium_view_issue,Success,True
.test_1_selenium_view_issue,Total:250 Passed:250 Failed:0
1632478084291,469,selenium_project_summary,Success,True
.test_1_selenium_view_project_summary,Total:251 Passed:251 Failed:0
1632478084582,290,selenium_log_out,Success,True
.test_2_selenium_z_log_out,Total:252 Passed:252 Failed:0


=============================== warnings summary ===============================
../../usr/local/lib/python3.8/dist-packages/_pytest/config/__init__.py:1114
  /usr/local/lib/python3.8/dist-packages/_pytest/config/__init__.py:1114: PytestAssertRewriteWarning: Module already imported so cannot be rewritten: apiritif
    self._mark_plugins_for_rewrite(hook)

-- Docs: https://docs.pytest.org/en/stable/warnings.html
======================== 14 passed, 1 warning in 11.28s ========================
============================= test session starts ==============================
platform linux -- Python 3.8.10, pytest-6.2.4, py-1.10.0, pluggy-0.13.1
rootdir: /dc-app-performance-toolkit/app
plugins: apiritif-0.9.8
collected 14 items

selenium_ui/jira_ui.py get driver from global
clear browser cookies
node_id:i-00e57178e78893fc7
1632478084753,110,selenium_login:open_login_page,Success,True
1632478085234,481,selenium_login:login_and_view_dashboard,Success,True
1632478085234,592,selenium_login,Success,True
.test_0_selenium_a_login,Total:253 Passed:253 Failed:0
1632478085511,255,selenium_browse_projects_list,Success,True
.test_1_selenium_browse_projects_list,Total:254 Passed:254 Failed:0
1632478085752,239,selenium_browse_boards_list,Success,True
.test_1_selenium_browse_boards_list,Total:255 Passed:255 Failed:0
1632478086422,650,selenium_create_issue:open_quick_create,Success,True
1632478087495,598,selenium_create_issue:fill_and_submit_issue_form:submit_issue_form,Success,True
1632478087495,1073,selenium_create_issue:fill_and_submit_issue_form,Success,True
1632478087495,1723,selenium_create_issue,Success,True
.test_1_selenium_create_issue,Total:256 Passed:256 Failed:0
1632478088140,625,selenium_edit_issue:open_edit_issue_form,Success,True
1632478088905,518,selenium_edit_issue:save_edit_issue_form,Success,True
1632478088905,1390,selenium_edit_issue,Success,True
.test_1_selenium_edit_issue,Total:257 Passed:257 Failed:0
1632478089243,336,selenium_save_comment:open_comment_form,Success,True
1632478090355,961,selenium_save_comment:submit_form,Success,True
1632478090355,1449,selenium_save_comment,Success,True
.test_1_selenium_save_comment,Total:258 Passed:258 Failed:0
1632478091814,1457,selenium_search_jql,Success,True
.test_1_selenium_search_jql,Total:259 Passed:259 Failed:0
1632478093057,1241,selenium_view_scrum_board_backlog,Success,True
.test_1_selenium_view_backlog_for_scrum_board,Total:260 Passed:260 Failed:0
1632478093826,767,selenium_view_scrum_board,Success,True
.test_1_selenium_view_scrum_board,Total:261 Passed:261 Failed:0
1632478094373,545,selenium_view_kanban_board,Success,True
.test_1_selenium_view_kanban_board,Total:262 Passed:262 Failed:0
1632478094601,226,selenium_view_dashboard,Success,True
.test_1_selenium_view_dashboard,Total:263 Passed:263 Failed:0
1632478095435,832,selenium_view_issue,Success,True
.test_1_selenium_view_issue,Total:264 Passed:264 Failed:0
1632478095851,414,selenium_project_summary,Success,True
.test_1_selenium_view_project_summary,Total:265 Passed:265 Failed:0
1632478096157,304,selenium_log_out,Success,True
.test_2_selenium_z_log_out,Total:266 Passed:266 Failed:0


=============================== warnings summary ===============================
../../usr/local/lib/python3.8/dist-packages/_pytest/config/__init__.py:1114
  /usr/local/lib/python3.8/dist-packages/_pytest/config/__init__.py:1114: PytestAssertRewriteWarning: Module already imported so cannot be rewritten: apiritif
    self._mark_plugins_for_rewrite(hook)

-- Docs: https://docs.pytest.org/en/stable/warnings.html
======================== 14 passed, 1 warning in 11.54s ========================
============================= test session starts ==============================
platform linux -- Python 3.8.10, pytest-6.2.4, py-1.10.0, pluggy-0.13.1
rootdir: /dc-app-performance-toolkit/app
plugins: apiritif-0.9.8
collected 14 items

selenium_ui/jira_ui.py get driver from global
clear browser cookies
node_id:i-00e57178e78893fc7
1632478096355,137,selenium_login:open_login_page,Success,True
1632478096835,479,selenium_login:login_and_view_dashboard,Success,True
1632478096835,617,selenium_login,Success,True
.test_0_selenium_a_login,Total:267 Passed:267 Failed:0
1632478097093,235,selenium_browse_projects_list,Success,True
.test_1_selenium_browse_projects_list,Total:268 Passed:268 Failed:0
1632478097331,236,selenium_browse_boards_list,Success,True
.test_1_selenium_browse_boards_list,Total:269 Passed:269 Failed:0
1632478098106,754,selenium_create_issue:open_quick_create,Success,True
1632478099566,604,selenium_create_issue:fill_and_submit_issue_form:submit_issue_form,Success,True
1632478099566,1459,selenium_create_issue:fill_and_submit_issue_form,Success,True
1632478099566,2214,selenium_create_issue,Success,True
.test_1_selenium_create_issue,Total:270 Passed:270 Failed:0
1632478100034,443,selenium_edit_issue:open_edit_issue_form,Success,True
1632478100911,467,selenium_edit_issue:save_edit_issue_form,Success,True
1632478100911,1320,selenium_edit_issue,Success,True
.test_1_selenium_edit_issue,Total:271 Passed:271 Failed:0
1632478101219,305,selenium_save_comment:open_comment_form,Success,True
1632478102306,934,selenium_save_comment:submit_form,Success,True
1632478102306,1393,selenium_save_comment,Success,True
.test_1_selenium_save_comment,Total:272 Passed:272 Failed:0
1632478103787,1479,selenium_search_jql,Success,True
.test_1_selenium_search_jql,Total:273 Passed:273 Failed:0
1632478105015,1226,selenium_view_scrum_board_backlog,Success,True
.test_1_selenium_view_backlog_for_scrum_board,Total:274 Passed:274 Failed:0
1632478105785,768,selenium_view_scrum_board,Success,True
.test_1_selenium_view_scrum_board,Total:275 Passed:275 Failed:0
1632478106390,603,selenium_view_kanban_board,Success,True
.test_1_selenium_view_kanban_board,Total:276 Passed:276 Failed:0
1632478106929,536,selenium_view_dashboard,Success,True
.test_1_selenium_view_dashboard,Total:277 Passed:277 Failed:0
1632478107629,697,selenium_view_issue,Success,True
.test_1_selenium_view_issue,Total:278 Passed:278 Failed:0
1632478107967,337,selenium_project_summary,Success,True
.test_1_selenium_view_project_summary,Total:279 Passed:279 Failed:0
1632478108246,278,selenium_log_out,Success,True
.test_2_selenium_z_log_out,Total:280 Passed:280 Failed:0


=============================== warnings summary ===============================
../../usr/local/lib/python3.8/dist-packages/_pytest/config/__init__.py:1114
  /usr/local/lib/python3.8/dist-packages/_pytest/config/__init__.py:1114: PytestAssertRewriteWarning: Module already imported so cannot be rewritten: apiritif
    self._mark_plugins_for_rewrite(hook)

-- Docs: https://docs.pytest.org/en/stable/warnings.html
======================== 14 passed, 1 warning in 12.05s ========================
============================= test session starts ==============================
platform linux -- Python 3.8.10, pytest-6.2.4, py-1.10.0, pluggy-0.13.1
rootdir: /dc-app-performance-toolkit/app
plugins: apiritif-0.9.8
collected 14 items

selenium_ui/jira_ui.py get driver from global
clear browser cookies
node_id:i-00e57178e78893fc7
1632478108480,173,selenium_login:open_login_page,Success,True
1632478108906,425,selenium_login:login_and_view_dashboard,Success,True
1632478108906,599,selenium_login,Success,True
.test_0_selenium_a_login,Total:281 Passed:281 Failed:0
1632478109175,246,selenium_browse_projects_list,Success,True
.test_1_selenium_browse_projects_list,Total:282 Passed:282 Failed:0
1632478109408,231,selenium_browse_boards_list,Success,True
.test_1_selenium_browse_boards_list,Total:283 Passed:283 Failed:0
1632478110086,658,selenium_create_issue:open_quick_create,Success,True
1632478111194,602,selenium_create_issue:fill_and_submit_issue_form:submit_issue_form,Success,True
1632478111195,1108,selenium_create_issue:fill_and_submit_issue_form,Success,True
1632478111195,1766,selenium_create_issue,Success,True
.test_1_selenium_create_issue,Total:284 Passed:284 Failed:0
1632478111666,451,selenium_edit_issue:open_edit_issue_form,Success,True
1632478112641,586,selenium_edit_issue:save_edit_issue_form,Success,True
1632478112641,1426,selenium_edit_issue,Success,True
.test_1_selenium_edit_issue,Total:285 Passed:285 Failed:0
1632478112963,320,selenium_save_comment:open_comment_form,Success,True
1632478114114,942,selenium_save_comment:submit_form,Success,True
1632478114114,1471,selenium_save_comment,Success,True
.test_1_selenium_save_comment,Total:286 Passed:286 Failed:0
1632478115624,1509,selenium_search_jql,Success,True
.test_1_selenium_search_jql,Total:287 Passed:287 Failed:0
1632478116884,1259,selenium_view_scrum_board_backlog,Success,True
.test_1_selenium_view_backlog_for_scrum_board,Total:288 Passed:288 Failed:0
1632478117679,792,selenium_view_scrum_board,Success,True
.test_1_selenium_view_scrum_board,Total:289 Passed:289 Failed:0
1632478118102,422,selenium_view_kanban_board,Success,True
.test_1_selenium_view_kanban_board,Total:290 Passed:290 Failed:0
1632478118504,400,selenium_view_dashboard,Success,True
.test_1_selenium_view_dashboard,Total:291 Passed:291 Failed:0
1632478119285,779,selenium_view_issue,Success,True
.test_1_selenium_view_issue,Total:292 Passed:292 Failed:0
1632478119578,292,selenium_project_summary,Success,True
.test_1_selenium_view_project_summary,Total:293 Passed:293 Failed:0
1632478119903,323,selenium_log_out,Success,True
.test_2_selenium_z_log_out,Total:294 Passed:294 Failed:0


=============================== warnings summary ===============================
../../usr/local/lib/python3.8/dist-packages/_pytest/config/__init__.py:1114
  /usr/local/lib/python3.8/dist-packages/_pytest/config/__init__.py:1114: PytestAssertRewriteWarning: Module already imported so cannot be rewritten: apiritif
    self._mark_plugins_for_rewrite(hook)

-- Docs: https://docs.pytest.org/en/stable/warnings.html
======================== 14 passed, 1 warning in 11.62s ========================
============================= test session starts ==============================
platform linux -- Python 3.8.10, pytest-6.2.4, py-1.10.0, pluggy-0.13.1
rootdir: /dc-app-performance-toolkit/app
plugins: apiritif-0.9.8
collected 14 items

selenium_ui/jira_ui.py get driver from global
clear browser cookies
node_id:i-00e57178e78893fc7
1632478120069,107,selenium_login:open_login_page,Success,True
1632478120502,432,selenium_login:login_and_view_dashboard,Success,True
1632478120502,540,selenium_login,Success,True
.test_0_selenium_a_login,Total:295 Passed:295 Failed:0
1632478120771,245,selenium_browse_projects_list,Success,True
.test_1_selenium_browse_projects_list,Total:296 Passed:296 Failed:0
1632478121003,230,selenium_browse_boards_list,Success,True
.test_1_selenium_browse_boards_list,Total:297 Passed:297 Failed:0
1632478121784,760,selenium_create_issue:open_quick_create,Success,True
1632478122894,602,selenium_create_issue:fill_and_submit_issue_form:submit_issue_form,Success,True
1632478122895,1110,selenium_create_issue:fill_and_submit_issue_form,Success,True
1632478122895,1871,selenium_create_issue,Success,True
.test_1_selenium_create_issue,Total:298 Passed:298 Failed:0
1632478123527,612,selenium_edit_issue:open_edit_issue_form,Success,True
1632478124305,532,selenium_edit_issue:save_edit_issue_form,Success,True
1632478124305,1390,selenium_edit_issue,Success,True
.test_1_selenium_edit_issue,Total:299 Passed:299 Failed:0
1632478124639,332,selenium_save_comment:open_comment_form,Success,True
1632478125751,1011,selenium_save_comment:submit_form,Success,True
1632478125751,1444,selenium_save_comment,Success,True
.test_1_selenium_save_comment,Total:300 Passed:300 Failed:0
1632478127220,1467,selenium_search_jql,Success,True
.test_1_selenium_search_jql,Total:301 Passed:301 Failed:0
1632478128426,1205,selenium_view_scrum_board_backlog,Success,True
.test_1_selenium_view_backlog_for_scrum_board,Total:302 Passed:302 Failed:0
1632478129205,777,selenium_view_scrum_board,Success,True
.test_1_selenium_view_scrum_board,Total:303 Passed:303 Failed:0
1632478129670,463,selenium_view_kanban_board,Success,True
.test_1_selenium_view_kanban_board,Total:304 Passed:304 Failed:0
1632478129937,265,selenium_view_dashboard,Success,True
.test_1_selenium_view_dashboard,Total:305 Passed:305 Failed:0
1632478130686,747,selenium_view_issue,Success,True
.test_1_selenium_view_issue,Total:306 Passed:306 Failed:0
1632478131171,483,selenium_project_summary,Success,True
.test_1_selenium_view_project_summary,Total:307 Passed:307 Failed:0
1632478131465,293,selenium_log_out,Success,True
.test_2_selenium_z_log_out,Total:308 Passed:308 Failed:0


=============================== warnings summary ===============================
../../usr/local/lib/python3.8/dist-packages/_pytest/config/__init__.py:1114
  /usr/local/lib/python3.8/dist-packages/_pytest/config/__init__.py:1114: PytestAssertRewriteWarning: Module already imported so cannot be rewritten: apiritif
    self._mark_plugins_for_rewrite(hook)

-- Docs: https://docs.pytest.org/en/stable/warnings.html
======================== 14 passed, 1 warning in 11.53s ========================
============================= test session starts ==============================
platform linux -- Python 3.8.10, pytest-6.2.4, py-1.10.0, pluggy-0.13.1
rootdir: /dc-app-performance-toolkit/app
plugins: apiritif-0.9.8
collected 14 items

selenium_ui/jira_ui.py get driver from global
clear browser cookies
node_id:i-00e57178e78893fc7
1632478131660,109,selenium_login:open_login_page,Success,True
1632478132129,468,selenium_login:login_and_view_dashboard,Success,True
1632478132129,578,selenium_login,Success,True
.test_0_selenium_a_login,Total:309 Passed:309 Failed:0
1632478132398,246,selenium_browse_projects_list,Success,True
.test_1_selenium_browse_projects_list,Total:310 Passed:310 Failed:0
1632478132630,230,selenium_browse_boards_list,Success,True
.test_1_selenium_browse_boards_list,Total:311 Passed:311 Failed:0
1632478133295,645,selenium_create_issue:open_quick_create,Success,True
1632478134364,597,selenium_create_issue:fill_and_submit_issue_form:submit_issue_form,Success,True
1632478134364,1068,selenium_create_issue:fill_and_submit_issue_form,Success,True
1632478134364,1714,selenium_create_issue,Success,True
.test_1_selenium_create_issue,Total:312 Passed:312 Failed:0
1632478134832,447,selenium_edit_issue:open_edit_issue_form,Success,True
1632478135755,533,selenium_edit_issue:save_edit_issue_form,Success,True
1632478135755,1371,selenium_edit_issue,Success,True
.test_1_selenium_edit_issue,Total:313 Passed:313 Failed:0
1632478136047,290,selenium_save_comment:open_comment_form,Success,True
1632478137140,946,selenium_save_comment:submit_form,Success,True
1632478137140,1383,selenium_save_comment,Success,True
.test_1_selenium_save_comment,Total:314 Passed:314 Failed:0
1632478138633,1491,selenium_search_jql,Success,True
.test_1_selenium_search_jql,Total:315 Passed:315 Failed:0
1632478139497,862,selenium_view_scrum_board_backlog,Success,True
.test_1_selenium_view_backlog_for_scrum_board,Total:316 Passed:316 Failed:0
1632478140248,749,selenium_view_scrum_board,Success,True
.test_1_selenium_view_scrum_board,Total:317 Passed:317 Failed:0
1632478141108,858,selenium_view_kanban_board,Success,True
.test_1_selenium_view_kanban_board,Total:318 Passed:318 Failed:0
1632478141718,608,selenium_view_dashboard,Success,True
.test_1_selenium_view_dashboard,Total:319 Passed:319 Failed:0
1632478142432,713,selenium_view_issue,Success,True
.test_1_selenium_view_issue,Total:320 Passed:320 Failed:0
1632478142738,304,selenium_project_summary,Success,True
.test_1_selenium_view_project_summary,Total:321 Passed:321 Failed:0
1632478143029,289,selenium_log_out,Success,True
.test_2_selenium_z_log_out,Total:322 Passed:322 Failed:0


=============================== warnings summary ===============================
../../usr/local/lib/python3.8/dist-packages/_pytest/config/__init__.py:1114
  /usr/local/lib/python3.8/dist-packages/_pytest/config/__init__.py:1114: PytestAssertRewriteWarning: Module already imported so cannot be rewritten: apiritif
    self._mark_plugins_for_rewrite(hook)

-- Docs: https://docs.pytest.org/en/stable/warnings.html
======================== 14 passed, 1 warning in 11.50s ========================
============================= test session starts ==============================
platform linux -- Python 3.8.10, pytest-6.2.4, py-1.10.0, pluggy-0.13.1
rootdir: /dc-app-performance-toolkit/app
plugins: apiritif-0.9.8
collected 14 items

selenium_ui/jira_ui.py get driver from global
clear browser cookies
node_id:i-00e57178e78893fc7
1632478143207,117,selenium_login:open_login_page,Success,True
1632478143621,414,selenium_login:login_and_view_dashboard,Success,True
1632478143621,531,selenium_login,Success,True
.test_0_selenium_a_login,Total:323 Passed:323 Failed:0
1632478143878,234,selenium_browse_projects_list,Success,True
.test_1_selenium_browse_projects_list,Total:324 Passed:324 Failed:0
1632478144122,242,selenium_browse_boards_list,Success,True
.test_1_selenium_browse_boards_list,Total:325 Passed:325 Failed:0
1632478144821,678,selenium_create_issue:open_quick_create,Success,True
1632478145913,605,selenium_create_issue:fill_and_submit_issue_form:submit_issue_form,Success,True
1632478145913,1092,selenium_create_issue:fill_and_submit_issue_form,Success,True
1632478145913,1771,selenium_create_issue,Success,True
.test_1_selenium_create_issue,Total:326 Passed:326 Failed:0
1632478146364,430,selenium_edit_issue:open_edit_issue_form,Success,True
1632478147279,531,selenium_edit_issue:save_edit_issue_form,Success,True
1632478147279,1345,selenium_edit_issue,Success,True
.test_1_selenium_edit_issue,Total:327 Passed:327 Failed:0
1632478147623,342,selenium_save_comment:open_comment_form,Success,True
1632478148736,966,selenium_save_comment:submit_form,Success,True
1632478148736,1456,selenium_save_comment,Success,True
.test_1_selenium_save_comment,Total:328 Passed:328 Failed:0
1632478150226,1489,selenium_search_jql,Success,True
.test_1_selenium_search_jql,Total:329 Passed:329 Failed:0
1632478150987,759,selenium_view_scrum_board_backlog,Success,True
.test_1_selenium_view_backlog_for_scrum_board,Total:330 Passed:330 Failed:0
1632478151738,749,selenium_view_scrum_board,Success,True
.test_1_selenium_view_scrum_board,Total:331 Passed:331 Failed:0
1632478152732,992,selenium_view_kanban_board,Success,True
.test_1_selenium_view_kanban_board,Total:332 Passed:332 Failed:0
1632478153078,344,selenium_view_dashboard,Success,True
.test_1_selenium_view_dashboard,Total:333 Passed:333 Failed:0
1632478153823,744,selenium_view_issue,Success,True
.test_1_selenium_view_issue,Total:334 Passed:334 Failed:0
1632478154113,287,selenium_project_summary,Success,True
.test_1_selenium_view_project_summary,Total:335 Passed:335 Failed:0
1632478154430,315,selenium_log_out,Success,True
.test_2_selenium_z_log_out,Total:336 Passed:336 Failed:0


=============================== warnings summary ===============================
../../usr/local/lib/python3.8/dist-packages/_pytest/config/__init__.py:1114
  /usr/local/lib/python3.8/dist-packages/_pytest/config/__init__.py:1114: PytestAssertRewriteWarning: Module already imported so cannot be rewritten: apiritif
    self._mark_plugins_for_rewrite(hook)

-- Docs: https://docs.pytest.org/en/stable/warnings.html
======================== 14 passed, 1 warning in 11.36s ========================
============================= test session starts ==============================
platform linux -- Python 3.8.10, pytest-6.2.4, py-1.10.0, pluggy-0.13.1
rootdir: /dc-app-performance-toolkit/app
plugins: apiritif-0.9.8
collected 14 items

selenium_ui/jira_ui.py get driver from global
clear browser cookies
node_id:i-00e57178e78893fc7
1632478154597,115,selenium_login:open_login_page,Success,True
1632478155014,416,selenium_login:login_and_view_dashboard,Success,True
1632478155014,532,selenium_login,Success,True
.test_0_selenium_a_login,Total:337 Passed:337 Failed:0
1632478155278,241,selenium_browse_projects_list,Success,True
.test_1_selenium_browse_projects_list,Total:338 Passed:338 Failed:0
1632478155507,227,selenium_browse_boards_list,Success,True
.test_1_selenium_browse_boards_list,Total:339 Passed:339 Failed:0
1632478156217,689,selenium_create_issue:open_quick_create,Success,True
1632478157325,602,selenium_create_issue:fill_and_submit_issue_form:submit_issue_form,Success,True
1632478157325,1108,selenium_create_issue:fill_and_submit_issue_form,Success,True
1632478157325,1798,selenium_create_issue,Success,True
.test_1_selenium_create_issue,Total:340 Passed:340 Failed:0
1632478157973,626,selenium_edit_issue:open_edit_issue_form,Success,True
1632478158736,520,selenium_edit_issue:save_edit_issue_form,Success,True
1632478158736,1390,selenium_edit_issue,Success,True
.test_1_selenium_edit_issue,Total:341 Passed:341 Failed:0
1632478159012,275,selenium_save_comment:open_comment_form,Success,True
1632478160083,926,selenium_save_comment:submit_form,Success,True
1632478160083,1345,selenium_save_comment,Success,True
.test_1_selenium_save_comment,Total:342 Passed:342 Failed:0
1632478161471,1387,selenium_search_jql,Success,True
.test_1_selenium_search_jql,Total:343 Passed:343 Failed:0
1632478162459,986,selenium_view_scrum_board_backlog,Success,True
.test_1_selenium_view_backlog_for_scrum_board,Total:344 Passed:344 Failed:0
1632478163344,883,selenium_view_scrum_board,Success,True
.test_1_selenium_view_scrum_board,Total:345 Passed:345 Failed:0
1632478164218,872,selenium_view_kanban_board,Success,True
.test_1_selenium_view_kanban_board,Total:346 Passed:346 Failed:0
1632478165015,794,selenium_view_dashboard,Success,True
.test_1_selenium_view_dashboard,Total:347 Passed:347 Failed:0
1632478165809,793,selenium_view_issue,Success,True
.test_1_selenium_view_issue,Total:348 Passed:348 Failed:0
1632478166129,318,selenium_project_summary,Success,True
.test_1_selenium_view_project_summary,Total:349 Passed:349 Failed:0
1632478166427,296,selenium_log_out,Success,True
.test_2_selenium_z_log_out,Total:350 Passed:350 Failed:0


=============================== warnings summary ===============================
../../usr/local/lib/python3.8/dist-packages/_pytest/config/__init__.py:1114
  /usr/local/lib/python3.8/dist-packages/_pytest/config/__init__.py:1114: PytestAssertRewriteWarning: Module already imported so cannot be rewritten: apiritif
    self._mark_plugins_for_rewrite(hook)

-- Docs: https://docs.pytest.org/en/stable/warnings.html
======================== 14 passed, 1 warning in 11.96s ========================
============================= test session starts ==============================
platform linux -- Python 3.8.10, pytest-6.2.4, py-1.10.0, pluggy-0.13.1
rootdir: /dc-app-performance-toolkit/app
plugins: apiritif-0.9.8
collected 14 items

selenium_ui/jira_ui.py get driver from global
clear browser cookies
node_id:i-00e57178e78893fc7
1632478166593,110,selenium_login:open_login_page,Success,True
1632478166992,399,selenium_login:login_and_view_dashboard,Success,True
1632478166992,510,selenium_login,Success,True
.test_0_selenium_a_login,Total:351 Passed:351 Failed:0
1632478167268,252,selenium_browse_projects_list,Success,True
.test_1_selenium_browse_projects_list,Total:352 Passed:352 Failed:0
1632478167565,295,selenium_browse_boards_list,Success,True
.test_1_selenium_browse_boards_list,Total:353 Passed:353 Failed:0
1632478168288,701,selenium_create_issue:open_quick_create,Success,True
1632478169345,599,selenium_create_issue:fill_and_submit_issue_form:submit_issue_form,Success,True
1632478169345,1056,selenium_create_issue:fill_and_submit_issue_form,Success,True
1632478169345,1758,selenium_create_issue,Success,True
.test_1_selenium_create_issue,Total:354 Passed:354 Failed:0
1632478169806,439,selenium_edit_issue:open_edit_issue_form,Success,True
1632478170740,526,selenium_edit_issue:save_edit_issue_form,Success,True
1632478170740,1374,selenium_edit_issue,Success,True
.test_1_selenium_edit_issue,Total:355 Passed:355 Failed:0
1632478171065,323,selenium_save_comment:open_comment_form,Success,True
1632478172111,903,selenium_save_comment:submit_form,Success,True
1632478172111,1369,selenium_save_comment,Success,True
.test_1_selenium_save_comment,Total:356 Passed:356 Failed:0
1632478173612,1499,selenium_search_jql,Success,True
[...]
1632480508173,376,selenium_view_dashboard,Success,True
.test_1_selenium_view_dashboard,Total:3091 Passed:3091 Failed:0
1632480508916,742,selenium_view_issue,Success,True
.test_1_selenium_view_issue,Total:3092 Passed:3092 Failed:0
1632480509235,316,selenium_project_summary,Success,True
.test_1_selenium_view_project_summary,Total:3093 Passed:3093 Failed:0
1632480509515,279,selenium_log_out,Success,True
.test_2_selenium_z_log_out,Total:3094 Passed:3094 Failed:0


=============================== warnings summary ===============================
../../usr/local/lib/python3.8/dist-packages/_pytest/config/__init__.py:1114
  /usr/local/lib/python3.8/dist-packages/_pytest/config/__init__.py:1114: PytestAssertRewriteWarning: Module already imported so cannot be rewritten: apiritif
    self._mark_plugins_for_rewrite(hook)

-- Docs: https://docs.pytest.org/en/stable/warnings.html
======================== 14 passed, 1 warning in 12.24s ========================
============================= test session starts ==============================
platform linux -- Python 3.8.10, pytest-6.2.4, py-1.10.0, pluggy-0.13.1
rootdir: /dc-app-performance-toolkit/app
plugins: apiritif-0.9.8
collected 14 items

selenium_ui/jira_ui.py get driver from global
clear browser cookies
node_id:i-00e57178e78893fc7
1632480509738,162,selenium_login:open_login_page,Success,True
1632480510293,554,selenium_login:login_and_view_dashboard,Success,True
1632480510293,717,selenium_login,Success,True
.test_0_selenium_a_login,Total:3095 Passed:3095 Failed:0
1632480510610,251,selenium_browse_projects_list,Success,True
.test_1_selenium_browse_projects_list,Total:3096 Passed:3096 Failed:0
1632480510857,245,selenium_browse_boards_list,Success,True
.test_1_selenium_browse_boards_list,Total:3097 Passed:3097 Failed:0
1632480511573,651,selenium_create_issue:open_quick_create,Success,True
1632480512711,617,selenium_create_issue:fill_and_submit_issue_form:submit_issue_form,Success,True
1632480512711,1138,selenium_create_issue:fill_and_submit_issue_form,Success,True
1632480512711,1789,selenium_create_issue,Success,True
.test_1_selenium_create_issue,Total:3098 Passed:3098 Failed:0
1632480513222,449,selenium_edit_issue:open_edit_issue_form,Success,True
1632480514185,559,selenium_edit_issue:save_edit_issue_form,Success,True
1632480514185,1412,selenium_edit_issue,Success,True
.test_1_selenium_edit_issue,Total:3099 Passed:3099 Failed:0
1632480514443,256,selenium_save_comment:open_comment_form,Success,True
1632480515635,1014,selenium_save_comment:submit_form,Success,True
1632480515635,1448,selenium_save_comment,Success,True
.test_1_selenium_save_comment,Total:3100 Passed:3100 Failed:0
1632480517121,1484,selenium_search_jql,Success,True
.test_1_selenium_search_jql,Total:3101 Passed:3101 Failed:0
1632480518121,999,selenium_view_scrum_board_backlog,Success,True
.test_1_selenium_view_backlog_for_scrum_board,Total:3102 Passed:3102 Failed:0
1632480518985,863,selenium_view_scrum_board,Success,True
.test_1_selenium_view_scrum_board,Total:3103 Passed:3103 Failed:0
1632480520077,1089,selenium_view_kanban_board,Success,True
.test_1_selenium_view_kanban_board,Total:3104 Passed:3104 Failed:0
1632480520329,251,selenium_view_dashboard,Success,True
.test_1_selenium_view_dashboard,Total:3105 Passed:3105 Failed:0
1632480521255,924,selenium_view_issue,Success,True
.test_1_selenium_view_issue,Total:3106 Passed:3106 Failed:0
1632480521672,415,selenium_project_summary,Success,True
.test_1_selenium_view_project_summary,Total:3107 Passed:3107 Failed:0
1632480521971,298,selenium_log_out,Success,True
.test_2_selenium_z_log_out,Total:3108 Passed:3108 Failed:0


=============================== warnings summary ===============================
../../usr/local/lib/python3.8/dist-packages/_pytest/config/__init__.py:1114
  /usr/local/lib/python3.8/dist-packages/_pytest/config/__init__.py:1114: PytestAssertRewriteWarning: Module already imported so cannot be rewritten: apiritif
    self._mark_plugins_for_rewrite(hook)

-- Docs: https://docs.pytest.org/en/stable/warnings.html
======================== 14 passed, 1 warning in 12.42s ========================
============================= test session starts ==============================
platform linux -- Python 3.8.10, pytest-6.2.4, py-1.10.0, pluggy-0.13.1
rootdir: /dc-app-performance-toolkit/app
plugins: apiritif-0.9.8
collected 14 items

selenium_ui/jira_ui.py get driver from global
clear browser cookies
node_id:i-00e57178e78893fc7
1632480522148,119,selenium_login:open_login_page,Success,True
1632480522594,446,selenium_login:login_and_view_dashboard,Success,True
1632480522594,565,selenium_login,Success,True
.test_0_selenium_a_login,Total:3109 Passed:3109 Failed:0
1632480522910,251,selenium_browse_projects_list,Success,True
.test_1_selenium_browse_projects_list,Total:3110 Passed:3110 Failed:0
1632480523726,814,selenium_browse_boards_list,Success,True
.test_1_selenium_browse_boards_list,Total:3111 Passed:3111 Failed:0
1632480524488,699,selenium_create_issue:open_quick_create,Success,True
1632480525589,613,selenium_create_issue:fill_and_submit_issue_form:submit_issue_form,Success,True
1632480525589,1100,selenium_create_issue:fill_and_submit_issue_form,Success,True
1632480525589,1800,selenium_create_issue,Success,True
.test_1_selenium_create_issue,Total:3112 Passed:3112 Failed:0
1632480526043,391,selenium_edit_issue:open_edit_issue_form,Success,True
1632480526969,476,selenium_edit_issue:save_edit_issue_form,Success,True
1632480526970,1317,selenium_edit_issue,Success,True
.test_1_selenium_edit_issue,Total:3113 Passed:3113 Failed:0
1632480527266,295,selenium_save_comment:open_comment_form,Success,True
1632480528433,999,selenium_save_comment:submit_form,Success,True
1632480528434,1462,selenium_save_comment,Success,True
.test_1_selenium_save_comment,Total:3114 Passed:3114 Failed:0
1632480529898,1462,selenium_search_jql,Success,True
.test_1_selenium_search_jql,Total:3115 Passed:3115 Failed:0
1632480531094,1195,selenium_view_scrum_board_backlog,Success,True
.test_1_selenium_view_backlog_for_scrum_board,Total:3116 Passed:3116 Failed:0
1632480531867,771,selenium_view_scrum_board,Success,True
.test_1_selenium_view_scrum_board,Total:3117 Passed:3117 Failed:0
1632480532820,951,selenium_view_kanban_board,Success,True
.test_1_selenium_view_kanban_board,Total:3118 Passed:3118 Failed:0
1632480533036,214,selenium_view_dashboard,Success,True
.test_1_selenium_view_dashboard,Total:3119 Passed:3119 Failed:0
1632480533830,792,selenium_view_issue,Success,True
.test_1_selenium_view_issue,Total:3120 Passed:3120 Failed:0
1632480534285,454,selenium_project_summary,Success,True
.test_1_selenium_view_project_summary,Total:3121 Passed:3121 Failed:0
1632480534605,317,selenium_log_out,Success,True
.test_2_selenium_z_log_out,Total:3122 Passed:3122 Failed:0


=============================== warnings summary ===============================
../../usr/local/lib/python3.8/dist-packages/_pytest/config/__init__.py:1114
  /usr/local/lib/python3.8/dist-packages/_pytest/config/__init__.py:1114: PytestAssertRewriteWarning: Module already imported so cannot be rewritten: apiritif
    self._mark_plugins_for_rewrite(hook)

-- Docs: https://docs.pytest.org/en/stable/warnings.html
======================== 14 passed, 1 warning in 12.60s ========================
============================= test session starts ==============================
platform linux -- Python 3.8.10, pytest-6.2.4, py-1.10.0, pluggy-0.13.1
rootdir: /dc-app-performance-toolkit/app
plugins: apiritif-0.9.8
collected 14 items

selenium_ui/jira_ui.py get driver from global
clear browser cookies
node_id:i-00e57178e78893fc7
1632480534776,112,selenium_login:open_login_page,Success,True
1632480535213,436,selenium_login:login_and_view_dashboard,Success,True
1632480535213,549,selenium_login,Success,True
.test_0_selenium_a_login,Total:3123 Passed:3123 Failed:0
1632480535508,230,selenium_browse_projects_list,Success,True
.test_1_selenium_browse_projects_list,Total:3124 Passed:3124 Failed:0
1632480535735,226,selenium_browse_boards_list,Success,True
.test_1_selenium_browse_boards_list,Total:3125 Passed:3125 Failed:0
1632480536521,722,selenium_create_issue:open_quick_create,Success,True
1632480537611,616,selenium_create_issue:fill_and_submit_issue_form:submit_issue_form,Success,True
1632480537611,1089,selenium_create_issue:fill_and_submit_issue_form,Success,True
1632480537611,1812,selenium_create_issue,Success,True
.test_1_selenium_create_issue,Total:3126 Passed:3126 Failed:0
1632480538094,417,selenium_edit_issue:open_edit_issue_form,Success,True
1632480539034,522,selenium_edit_issue:save_edit_issue_form,Success,True
1632480539034,1357,selenium_edit_issue,Success,True
.test_1_selenium_edit_issue,Total:3127 Passed:3127 Failed:0
1632480539365,329,selenium_save_comment:open_comment_form,Success,True
1632480540389,880,selenium_save_comment:submit_form,Success,True
1632480540389,1353,selenium_save_comment,Success,True
.test_1_selenium_save_comment,Total:3128 Passed:3128 Failed:0
1632480541874,1484,selenium_search_jql,Success,True
.test_1_selenium_search_jql,Total:3129 Passed:3129 Failed:0
1632480542871,995,selenium_view_scrum_board_backlog,Success,True
.test_1_selenium_view_backlog_for_scrum_board,Total:3130 Passed:3130 Failed:0
1632480543721,849,selenium_view_scrum_board,Success,True
.test_1_selenium_view_scrum_board,Total:3131 Passed:3131 Failed:0
1632480544402,679,selenium_view_kanban_board,Success,True
.test_1_selenium_view_kanban_board,Total:3132 Passed:3132 Failed:0
1632480545037,633,selenium_view_dashboard,Success,True
.test_1_selenium_view_dashboard,Total:3133 Passed:3133 Failed:0
1632480545769,730,selenium_view_issue,Success,True
.test_1_selenium_view_issue,Total:3134 Passed:3134 Failed:0
1632480546114,343,selenium_project_summary,Success,True
.test_1_selenium_view_project_summary,Total:3135 Passed:3135 Failed:0
1632480546411,295,selenium_log_out,Success,True
.test_2_selenium_z_log_out,Total:3136 Passed:3136 Failed:0


=============================== warnings summary ===============================
../../usr/local/lib/python3.8/dist-packages/_pytest/config/__init__.py:1114
  /usr/local/lib/python3.8/dist-packages/_pytest/config/__init__.py:1114: PytestAssertRewriteWarning: Module already imported so cannot be rewritten: apiritif
    self._mark_plugins_for_rewrite(hook)

-- Docs: https://docs.pytest.org/en/stable/warnings.html
======================== 14 passed, 1 warning in 11.77s ========================
============================= test session starts ==============================
platform linux -- Python 3.8.10, pytest-6.2.4, py-1.10.0, pluggy-0.13.1
rootdir: /dc-app-performance-toolkit/app
plugins: apiritif-0.9.8
collected 14 items

selenium_ui/jira_ui.py get driver from global
clear browser cookies
node_id:i-00e57178e78893fc7
1632480546592,121,selenium_login:open_login_page,Success,True
1632480547031,438,selenium_login:login_and_view_dashboard,Success,True
1632480547031,560,selenium_login,Success,True
.test_0_selenium_a_login,Total:3137 Passed:3137 Failed:0
1632480547346,249,selenium_browse_projects_list,Success,True
.test_1_selenium_browse_projects_list,Total:3138 Passed:3138 Failed:0
1632480548098,750,selenium_browse_boards_list,Success,True
.test_1_selenium_browse_boards_list,Total:3139 Passed:3139 Failed:0
1632480548934,771,selenium_create_issue:open_quick_create,Success,True
1632480550051,616,selenium_create_issue:fill_and_submit_issue_form:submit_issue_form,Success,True
1632480550051,1117,selenium_create_issue:fill_and_submit_issue_form,Success,True
1632480550051,1889,selenium_create_issue,Success,True
.test_1_selenium_create_issue,Total:3140 Passed:3140 Failed:0
1632480550572,457,selenium_edit_issue:open_edit_issue_form,Success,True
1632480551503,514,selenium_edit_issue:save_edit_issue_form,Success,True
1632480551503,1388,selenium_edit_issue,Success,True
.test_1_selenium_edit_issue,Total:3141 Passed:3141 Failed:0
1632480551798,293,selenium_save_comment:open_comment_form,Success,True
1632480553420,982,selenium_save_comment:submit_form,Success,True
1632480553420,1916,selenium_save_comment,Success,True
.test_1_selenium_save_comment,Total:3142 Passed:3142 Failed:0
1632480554893,1471,selenium_search_jql,Success,True
.test_1_selenium_search_jql,Total:3143 Passed:3143 Failed:0
1632480556071,1176,selenium_view_scrum_board_backlog,Success,True
.test_1_selenium_view_backlog_for_scrum_board,Total:3144 Passed:3144 Failed:0
1632480556857,784,selenium_view_scrum_board,Success,True
.test_1_selenium_view_scrum_board,Total:3145 Passed:3145 Failed:0
1632480557566,707,selenium_view_kanban_board,Success,True
.test_1_selenium_view_kanban_board,Total:3146 Passed:3146 Failed:0
1632480557927,359,selenium_view_dashboard,Success,True
.test_1_selenium_view_dashboard,Total:3147 Passed:3147 Failed:0
1632480558770,841,selenium_view_issue,Success,True
.test_1_selenium_view_issue,Total:3148 Passed:3148 Failed:0
1632480559056,285,selenium_project_summary,Success,True
.test_1_selenium_view_project_summary,Total:3149 Passed:3149 Failed:0
1632480559369,312,selenium_log_out,Success,True
.test_2_selenium_z_log_out,Total:3150 Passed:3150 Failed:0


=============================== warnings summary ===============================
../../usr/local/lib/python3.8/dist-packages/_pytest/config/__init__.py:1114
  /usr/local/lib/python3.8/dist-packages/_pytest/config/__init__.py:1114: PytestAssertRewriteWarning: Module already imported so cannot be rewritten: apiritif
    self._mark_plugins_for_rewrite(hook)

-- Docs: https://docs.pytest.org/en/stable/warnings.html
======================== 14 passed, 1 warning in 12.92s ========================
============================= test session starts ==============================
platform linux -- Python 3.8.10, pytest-6.2.4, py-1.10.0, pluggy-0.13.1
rootdir: /dc-app-performance-toolkit/app
plugins: apiritif-0.9.8
collected 14 items

selenium_ui/jira_ui.py get driver from global
clear browser cookies
node_id:i-00e57178e78893fc7
1632480559548,121,selenium_login:open_login_page,Success,True
1632480560002,453,selenium_login:login_and_view_dashboard,Success,True
1632480560002,575,selenium_login,Success,True
.test_0_selenium_a_login,Total:3151 Passed:3151 Failed:0
1632480560303,235,selenium_browse_projects_list,Success,True
.test_1_selenium_browse_projects_list,Total:3152 Passed:3152 Failed:0
1632480560549,245,selenium_browse_boards_list,Success,True
.test_1_selenium_browse_boards_list,Total:3153 Passed:3153 Failed:0
1632480561268,653,selenium_create_issue:open_quick_create,Success,True
1632480562352,609,selenium_create_issue:fill_and_submit_issue_form:submit_issue_form,Success,True
1632480562352,1084,selenium_create_issue:fill_and_submit_issue_form,Success,True
1632480562353,1737,selenium_create_issue,Success,True
.test_1_selenium_create_issue,Total:3154 Passed:3154 Failed:0
1632480563020,601,selenium_edit_issue:open_edit_issue_form,Success,True
1632480563878,539,selenium_edit_issue:save_edit_issue_form,Success,True
1632480563878,1460,selenium_edit_issue,Success,True
.test_1_selenium_edit_issue,Total:3155 Passed:3155 Failed:0
1632480564189,309,selenium_save_comment:open_comment_form,Success,True
1632480565297,935,selenium_save_comment:submit_form,Success,True
1632480565297,1416,selenium_save_comment,Success,True
.test_1_selenium_save_comment,Total:3156 Passed:3156 Failed:0
1632480566733,1435,selenium_search_jql,Success,True
.test_1_selenium_search_jql,Total:3157 Passed:3157 Failed:0
1632480567737,1002,selenium_view_scrum_board_backlog,Success,True
.test_1_selenium_view_backlog_for_scrum_board,Total:3158 Passed:3158 Failed:0
1632480568612,873,selenium_view_scrum_board,Success,True
.test_1_selenium_view_scrum_board,Total:3159 Passed:3159 Failed:0
1632480569168,555,selenium_view_kanban_board,Success,True
.test_1_selenium_view_kanban_board,Total:3160 Passed:3160 Failed:0
1632480569631,460,selenium_view_dashboard,Success,True
.test_1_selenium_view_dashboard,Total:3161 Passed:3161 Failed:0
1632480570420,787,selenium_view_issue,Success,True
.test_1_selenium_view_issue,Total:3162 Passed:3162 Failed:0
1632480570775,353,selenium_project_summary,Success,True
.test_1_selenium_view_project_summary,Total:3163 Passed:3163 Failed:0
1632480571065,288,selenium_log_out,Success,True
.test_2_selenium_z_log_out,Total:3164 Passed:3164 Failed:0


=============================== warnings summary ===============================
../../usr/local/lib/python3.8/dist-packages/_pytest/config/__init__.py:1114
  /usr/local/lib/python3.8/dist-packages/_pytest/config/__init__.py:1114: PytestAssertRewriteWarning: Module already imported so cannot be rewritten: apiritif
    self._mark_plugins_for_rewrite(hook)

-- Docs: https://docs.pytest.org/en/stable/warnings.html
======================== 14 passed, 1 warning in 11.66s ========================
============================= test session starts ==============================
platform linux -- Python 3.8.10, pytest-6.2.4, py-1.10.0, pluggy-0.13.1
rootdir: /dc-app-performance-toolkit/app
plugins: apiritif-0.9.8
collected 14 items

selenium_ui/jira_ui.py get driver from global
clear browser cookies
node_id:i-00e57178e78893fc7
1632480571241,118,selenium_login:open_login_page,Success,True
1632480571695,453,selenium_login:login_and_view_dashboard,Success,True
1632480571695,572,selenium_login,Success,True
.test_0_selenium_a_login,Total:3165 Passed:3165 Failed:0
1632480572019,255,selenium_browse_projects_list,Success,True
.test_1_selenium_browse_projects_list,Total:3166 Passed:3166 Failed:0
1632480572250,229,selenium_browse_boards_list,Success,True
.test_1_selenium_browse_boards_list,Total:3167 Passed:3167 Failed:0
1632480573020,700,selenium_create_issue:open_quick_create,Success,True
1632480574100,614,selenium_create_issue:fill_and_submit_issue_form:submit_issue_form,Success,True
1632480574100,1080,selenium_create_issue:fill_and_submit_issue_form,Success,True
1632480574100,1781,selenium_create_issue,Success,True
.test_1_selenium_create_issue,Total:3168 Passed:3168 Failed:0
1632480574686,521,selenium_edit_issue:open_edit_issue_form,Success,True
1632480575497,500,selenium_edit_issue:save_edit_issue_form,Success,True
1632480575497,1332,selenium_edit_issue,Success,True
.test_1_selenium_edit_issue,Total:3169 Passed:3169 Failed:0
1632480575765,267,selenium_save_comment:open_comment_form,Success,True
1632480576984,1042,selenium_save_comment:submit_form,Success,True
1632480576984,1486,selenium_save_comment,Success,True
.test_1_selenium_save_comment,Total:3170 Passed:3170 Failed:0
1632480578442,1456,selenium_search_jql,Success,True
.test_1_selenium_search_jql,Total:3171 Passed:3171 Failed:0
1632480579409,965,selenium_view_scrum_board_backlog,Success,True
.test_1_selenium_view_backlog_for_scrum_board,Total:3172 Passed:3172 Failed:0
1632480580284,873,selenium_view_scrum_board,Success,True
.test_1_selenium_view_scrum_board,Total:3173 Passed:3173 Failed:0
1632480580858,572,selenium_view_kanban_board,Success,True
.test_1_selenium_view_kanban_board,Total:3174 Passed:3174 Failed:0
1632480581347,487,selenium_view_dashboard,Success,True
.test_1_selenium_view_dashboard,Total:3175 Passed:3175 Failed:0
1632480582162,813,selenium_view_issue,Success,True
.test_1_selenium_view_issue,Total:3176 Passed:3176 Failed:0
1632480582444,281,selenium_project_summary,Success,True
.test_1_selenium_view_project_summary,Total:3177 Passed:3177 Failed:0
1632480582773,327,selenium_log_out,Success,True
.test_2_selenium_z_log_out,Total:3178 Passed:3178 Failed:0


=============================== warnings summary ===============================
../../usr/local/lib/python3.8/dist-packages/_pytest/config/__init__.py:1114
  /usr/local/lib/python3.8/dist-packages/_pytest/config/__init__.py:1114: PytestAssertRewriteWarning: Module already imported so cannot be rewritten: apiritif
    self._mark_plugins_for_rewrite(hook)

-- Docs: https://docs.pytest.org/en/stable/warnings.html
======================== 14 passed, 1 warning in 11.67s ========================
