============================= test session starts ==============================
platform linux -- Python 3.8.10, pytest-6.2.4, py-1.10.0, pluggy-0.13.1
rootdir: /dc-app-performance-toolkit/app
plugins: apiritif-0.9.8
collected 14 items

selenium_ui/jira_ui.py first driver inits
node_id:i-00e57178e78893fc7
1634207565654,773,selenium_login:open_login_page,Success,True
1634207567767,2112,selenium_login:login_and_view_dashboard,Success,True
1634207567767,2886,selenium_login,Success,True
.test_0_selenium_a_login,Total:1 Passed:1 Failed:0
1634207568256,472,selenium_browse_projects_list,Success,True
.test_1_selenium_browse_projects_list,Total:2 Passed:2 Failed:0
1634207570268,2011,selenium_browse_boards_list,Success,True
.test_1_selenium_browse_boards_list,Total:3 Passed:3 Failed:0
1634207571053,771,selenium_create_issue:open_quick_create,Success,True
1634207572284,602,selenium_create_issue:fill_and_submit_issue_form:submit_issue_form,Success,True
1634207572284,1231,selenium_create_issue:fill_and_submit_issue_form,Success,True
1634207572285,2002,selenium_create_issue,Success,True
.test_1_selenium_create_issue,Total:4 Passed:4 Failed:0
1634207573139,840,selenium_edit_issue:open_edit_issue_form,Success,True
1634207574122,528,selenium_edit_issue:save_edit_issue_form,Success,True
1634207574122,1823,selenium_edit_issue,Success,True
.test_1_selenium_edit_issue,Total:5 Passed:5 Failed:0
1634207574419,295,selenium_save_comment:open_comment_form,Success,True
1634207577798,2729,selenium_save_comment:submit_form,Success,True
1634207577798,3674,selenium_save_comment,Success,True
.test_1_selenium_save_comment,Total:6 Passed:6 Failed:0
1634207579909,2108,selenium_search_jql,Success,True
.test_1_selenium_search_jql,Total:7 Passed:7 Failed:0
1634207583214,3304,selenium_view_scrum_board_backlog,Success,True
.test_1_selenium_view_backlog_for_scrum_board,Total:8 Passed:8 Failed:0
1634207585826,2610,selenium_view_scrum_board,Success,True
.test_1_selenium_view_scrum_board,Total:9 Passed:9 Failed:0
1634207586755,927,selenium_view_kanban_board,Success,True
.test_1_selenium_view_kanban_board,Total:10 Passed:10 Failed:0
1634207587386,630,selenium_view_dashboard,Success,True
.test_1_selenium_view_dashboard,Total:11 Passed:11 Failed:0
1634207588143,756,selenium_view_issue,Success,True
.test_1_selenium_view_issue,Total:12 Passed:12 Failed:0
1634207589865,1720,selenium_project_summary,Success,True
.test_1_selenium_view_project_summary,Total:13 Passed:13 Failed:0
1634207590194,327,selenium_log_out,Success,True
.test_2_selenium_z_log_out,Total:14 Passed:14 Failed:0


=============================== warnings summary ===============================
../../usr/local/lib/python3.8/dist-packages/_pytest/config/__init__.py:1114
  /usr/local/lib/python3.8/dist-packages/_pytest/config/__init__.py:1114: PytestAssertRewriteWarning: Module already imported so cannot be rewritten: apiritif
    self._mark_plugins_for_rewrite(hook)

-- Docs: https://docs.pytest.org/en/stable/warnings.html
======================== 14 passed, 1 warning in 26.51s ========================
============================= test session starts ==============================
platform linux -- Python 3.8.10, pytest-6.2.4, py-1.10.0, pluggy-0.13.1
rootdir: /dc-app-performance-toolkit/app
plugins: apiritif-0.9.8
collected 14 items

selenium_ui/jira_ui.py get driver from global
clear browser cookies
node_id:i-00e57178e78893fc7
1634207590371,111,selenium_login:open_login_page,Success,True
1634207590813,441,selenium_login:login_and_view_dashboard,Success,True
1634207590813,554,selenium_login,Success,True
.test_0_selenium_a_login,Total:15 Passed:15 Failed:0
1634207591064,234,selenium_browse_projects_list,Success,True
.test_1_selenium_browse_projects_list,Total:16 Passed:16 Failed:0
1634207591353,287,selenium_browse_boards_list,Success,True
.test_1_selenium_browse_boards_list,Total:17 Passed:17 Failed:0
1634207592039,670,selenium_create_issue:open_quick_create,Success,True
1634207593077,598,selenium_create_issue:fill_and_submit_issue_form:submit_issue_form,Success,True
1634207593077,1037,selenium_create_issue:fill_and_submit_issue_form,Success,True
1634207593077,1708,selenium_create_issue,Success,True
.test_1_selenium_create_issue,Total:18 Passed:18 Failed:0
1634207593477,383,selenium_edit_issue:open_edit_issue_form,Success,True
1634207594527,619,selenium_edit_issue:save_edit_issue_form,Success,True
1634207594527,1434,selenium_edit_issue,Success,True
.test_1_selenium_edit_issue,Total:19 Passed:19 Failed:0
1634207594856,327,selenium_save_comment:open_comment_form,Success,True
1634207596630,1684,selenium_save_comment:submit_form,Success,True
1634207596630,2101,selenium_save_comment,Success,True
.test_1_selenium_save_comment,Total:20 Passed:20 Failed:0
1634207597851,1220,selenium_search_jql,Success,True
.test_1_selenium_search_jql,Total:21 Passed:21 Failed:0
1634207599084,1231,selenium_view_scrum_board_backlog,Success,True
.test_1_selenium_view_backlog_for_scrum_board,Total:22 Passed:22 Failed:0
1634207599819,733,selenium_view_scrum_board,Success,True
.test_1_selenium_view_scrum_board,Total:23 Passed:23 Failed:0
1634207600555,735,selenium_view_kanban_board,Success,True
.test_1_selenium_view_kanban_board,Total:24 Passed:24 Failed:0
1634207600834,276,selenium_view_dashboard,Success,True
.test_1_selenium_view_dashboard,Total:25 Passed:25 Failed:0
1634207601585,749,selenium_view_issue,Success,True
.test_1_selenium_view_issue,Total:26 Passed:26 Failed:0
1634207601986,400,selenium_project_summary,Success,True
.test_1_selenium_view_project_summary,Total:27 Passed:27 Failed:0
1634207602310,321,selenium_log_out,Success,True
.test_2_selenium_z_log_out,Total:28 Passed:28 Failed:0


=============================== warnings summary ===============================
../../usr/local/lib/python3.8/dist-packages/_pytest/config/__init__.py:1114
  /usr/local/lib/python3.8/dist-packages/_pytest/config/__init__.py:1114: PytestAssertRewriteWarning: Module already imported so cannot be rewritten: apiritif
    self._mark_plugins_for_rewrite(hook)

-- Docs: https://docs.pytest.org/en/stable/warnings.html
======================== 14 passed, 1 warning in 12.08s ========================
============================= test session starts ==============================
platform linux -- Python 3.8.10, pytest-6.2.4, py-1.10.0, pluggy-0.13.1
rootdir: /dc-app-performance-toolkit/app
plugins: apiritif-0.9.8
collected 14 items

selenium_ui/jira_ui.py get driver from global
clear browser cookies
node_id:i-00e57178e78893fc7
1634207602477,110,selenium_login:open_login_page,Success,True
1634207602910,431,selenium_login:login_and_view_dashboard,Success,True
1634207602910,542,selenium_login,Success,True
.test_0_selenium_a_login,Total:29 Passed:29 Failed:0
1634207603172,245,selenium_browse_projects_list,Success,True
.test_1_selenium_browse_projects_list,Total:30 Passed:30 Failed:0
1634207603413,238,selenium_browse_boards_list,Success,True
.test_1_selenium_browse_boards_list,Total:31 Passed:31 Failed:0
1634207604099,671,selenium_create_issue:open_quick_create,Success,True
1634207605191,597,selenium_create_issue:fill_and_submit_issue_form:submit_issue_form,Success,True
1634207605191,1091,selenium_create_issue:fill_and_submit_issue_form,Success,True
1634207605191,1763,selenium_create_issue,Success,True
.test_1_selenium_create_issue,Total:32 Passed:32 Failed:0
1634207605588,380,selenium_edit_issue:open_edit_issue_form,Success,True
1634207606581,559,selenium_edit_issue:save_edit_issue_form,Success,True
1634207606581,1374,selenium_edit_issue,Success,True
.test_1_selenium_edit_issue,Total:33 Passed:33 Failed:0
1634207606925,343,selenium_save_comment:open_comment_form,Success,True
1634207607973,903,selenium_save_comment:submit_form,Success,True
1634207607973,1390,selenium_save_comment,Success,True
.test_1_selenium_save_comment,Total:34 Passed:34 Failed:0
1634207609175,1201,selenium_search_jql,Success,True
.test_1_selenium_search_jql,Total:35 Passed:35 Failed:0
1634207609978,800,selenium_view_scrum_board_backlog,Success,True
.test_1_selenium_view_backlog_for_scrum_board,Total:36 Passed:36 Failed:0
1634207610726,746,selenium_view_scrum_board,Success,True
.test_1_selenium_view_scrum_board,Total:37 Passed:37 Failed:0
1634207611524,796,selenium_view_kanban_board,Success,True
.test_1_selenium_view_kanban_board,Total:38 Passed:38 Failed:0
1634207612089,564,selenium_view_dashboard,Success,True
.test_1_selenium_view_dashboard,Total:39 Passed:39 Failed:0
1634207612839,747,selenium_view_issue,Success,True
.test_1_selenium_view_issue,Total:40 Passed:40 Failed:0
1634207613152,312,selenium_project_summary,Success,True
.test_1_selenium_view_project_summary,Total:41 Passed:41 Failed:0
1634207613455,300,selenium_log_out,Success,True
.test_2_selenium_z_log_out,Total:42 Passed:42 Failed:0


=============================== warnings summary ===============================
../../usr/local/lib/python3.8/dist-packages/_pytest/config/__init__.py:1114
  /usr/local/lib/python3.8/dist-packages/_pytest/config/__init__.py:1114: PytestAssertRewriteWarning: Module already imported so cannot be rewritten: apiritif
    self._mark_plugins_for_rewrite(hook)

-- Docs: https://docs.pytest.org/en/stable/warnings.html
======================== 14 passed, 1 warning in 11.11s ========================
============================= test session starts ==============================
platform linux -- Python 3.8.10, pytest-6.2.4, py-1.10.0, pluggy-0.13.1
rootdir: /dc-app-performance-toolkit/app
plugins: apiritif-0.9.8
collected 14 items

selenium_ui/jira_ui.py get driver from global
clear browser cookies
node_id:i-00e57178e78893fc7
1634207613624,109,selenium_login:open_login_page,Success,True
1634207614059,434,selenium_login:login_and_view_dashboard,Success,True
1634207614059,544,selenium_login,Success,True
.test_0_selenium_a_login,Total:43 Passed:43 Failed:0
1634207614323,245,selenium_browse_projects_list,Success,True
.test_1_selenium_browse_projects_list,Total:44 Passed:44 Failed:0
1634207614555,230,selenium_browse_boards_list,Success,True
.test_1_selenium_browse_boards_list,Total:45 Passed:45 Failed:0
1634207615214,643,selenium_create_issue:open_quick_create,Success,True
1634207616311,600,selenium_create_issue:fill_and_submit_issue_form:submit_issue_form,Success,True
1634207616311,1096,selenium_create_issue:fill_and_submit_issue_form,Success,True
1634207616311,1740,selenium_create_issue,Success,True
.test_1_selenium_create_issue,Total:46 Passed:46 Failed:0
1634207616717,389,selenium_edit_issue:open_edit_issue_form,Success,True
1634207617672,532,selenium_edit_issue:save_edit_issue_form,Success,True
1634207617672,1345,selenium_edit_issue,Success,True
.test_1_selenium_edit_issue,Total:47 Passed:47 Failed:0
1634207617932,257,selenium_save_comment:open_comment_form,Success,True
1634207619023,914,selenium_save_comment:submit_form,Success,True
1634207619024,1349,selenium_save_comment,Success,True
.test_1_selenium_save_comment,Total:48 Passed:48 Failed:0
1634207620244,1219,selenium_search_jql,Success,True
.test_1_selenium_search_jql,Total:49 Passed:49 Failed:0
1634207621030,784,selenium_view_scrum_board_backlog,Success,True
.test_1_selenium_view_backlog_for_scrum_board,Total:50 Passed:50 Failed:0
1634207621867,836,selenium_view_scrum_board,Success,True
.test_1_selenium_view_scrum_board,Total:51 Passed:51 Failed:0
1634207622845,976,selenium_view_kanban_board,Success,True
.test_1_selenium_view_kanban_board,Total:52 Passed:52 Failed:0
1634207623157,310,selenium_view_dashboard,Success,True
.test_1_selenium_view_dashboard,Total:53 Passed:53 Failed:0
1634207623890,731,selenium_view_issue,Success,True
.test_1_selenium_view_issue,Total:54 Passed:54 Failed:0
1634207624279,387,selenium_project_summary,Success,True
.test_1_selenium_view_project_summary,Total:55 Passed:55 Failed:0
1634207624620,339,selenium_log_out,Success,True
.test_2_selenium_z_log_out,Total:56 Passed:56 Failed:0


=============================== warnings summary ===============================
../../usr/local/lib/python3.8/dist-packages/_pytest/config/__init__.py:1114
  /usr/local/lib/python3.8/dist-packages/_pytest/config/__init__.py:1114: PytestAssertRewriteWarning: Module already imported so cannot be rewritten: apiritif
    self._mark_plugins_for_rewrite(hook)

-- Docs: https://docs.pytest.org/en/stable/warnings.html
======================== 14 passed, 1 warning in 11.13s ========================
============================= test session starts ==============================
platform linux -- Python 3.8.10, pytest-6.2.4, py-1.10.0, pluggy-0.13.1
rootdir: /dc-app-performance-toolkit/app
plugins: apiritif-0.9.8
collected 14 items

selenium_ui/jira_ui.py get driver from global
clear browser cookies
node_id:i-00e57178e78893fc7
1634207624794,110,selenium_login:open_login_page,Success,True
1634207625233,438,selenium_login:login_and_view_dashboard,Success,True
1634207625233,549,selenium_login,Success,True
.test_0_selenium_a_login,Total:57 Passed:57 Failed:0
1634207625481,229,selenium_browse_projects_list,Success,True
.test_1_selenium_browse_projects_list,Total:58 Passed:58 Failed:0
1634207625710,227,selenium_browse_boards_list,Success,True
.test_1_selenium_browse_boards_list,Total:59 Passed:59 Failed:0
1634207626412,685,selenium_create_issue:open_quick_create,Success,True
1634207627511,603,selenium_create_issue:fill_and_submit_issue_form:submit_issue_form,Success,True
1634207627511,1099,selenium_create_issue:fill_and_submit_issue_form,Success,True
1634207627511,1784,selenium_create_issue,Success,True
.test_1_selenium_create_issue,Total:60 Passed:60 Failed:0
1634207627953,418,selenium_edit_issue:open_edit_issue_form,Success,True
1634207628914,512,selenium_edit_issue:save_edit_issue_form,Success,True
1634207628914,1380,selenium_edit_issue,Success,True
.test_1_selenium_edit_issue,Total:61 Passed:61 Failed:0
1634207629247,331,selenium_save_comment:open_comment_form,Success,True
1634207630318,927,selenium_save_comment:submit_form,Success,True
1634207630318,1402,selenium_save_comment,Success,True
.test_1_selenium_save_comment,Total:62 Passed:62 Failed:0
1634207631552,1232,selenium_search_jql,Success,True
.test_1_selenium_search_jql,Total:63 Passed:63 Failed:0
1634207632705,1151,selenium_view_scrum_board_backlog,Success,True
.test_1_selenium_view_backlog_for_scrum_board,Total:64 Passed:64 Failed:0
1634207633483,775,selenium_view_scrum_board,Success,True
.test_1_selenium_view_scrum_board,Total:65 Passed:65 Failed:0
1634207634434,949,selenium_view_kanban_board,Success,True
.test_1_selenium_view_kanban_board,Total:66 Passed:66 Failed:0
1634207634800,364,selenium_view_dashboard,Success,True
.test_1_selenium_view_dashboard,Total:67 Passed:67 Failed:0
1634207635591,789,selenium_view_issue,Success,True
.test_1_selenium_view_issue,Total:68 Passed:68 Failed:0
1634207635926,333,selenium_project_summary,Success,True
.test_1_selenium_view_project_summary,Total:69 Passed:69 Failed:0
1634207636298,370,selenium_log_out,Success,True
.test_2_selenium_z_log_out,Total:70 Passed:70 Failed:0


=============================== warnings summary ===============================
../../usr/local/lib/python3.8/dist-packages/_pytest/config/__init__.py:1114
  /usr/local/lib/python3.8/dist-packages/_pytest/config/__init__.py:1114: PytestAssertRewriteWarning: Module already imported so cannot be rewritten: apiritif
    self._mark_plugins_for_rewrite(hook)

-- Docs: https://docs.pytest.org/en/stable/warnings.html
======================== 14 passed, 1 warning in 11.64s ========================
============================= test session starts ==============================
platform linux -- Python 3.8.10, pytest-6.2.4, py-1.10.0, pluggy-0.13.1
rootdir: /dc-app-performance-toolkit/app
plugins: apiritif-0.9.8
collected 14 items

selenium_ui/jira_ui.py get driver from global
clear browser cookies
node_id:i-00e57178e78893fc7
1634207636463,105,selenium_login:open_login_page,Success,True
1634207636894,431,selenium_login:login_and_view_dashboard,Success,True
1634207636894,537,selenium_login,Success,True
.test_0_selenium_a_login,Total:71 Passed:71 Failed:0
1634207637157,241,selenium_browse_projects_list,Success,True
.test_1_selenium_browse_projects_list,Total:72 Passed:72 Failed:0
1634207637399,240,selenium_browse_boards_list,Success,True
.test_1_selenium_browse_boards_list,Total:73 Passed:73 Failed:0
1634207638111,696,selenium_create_issue:open_quick_create,Success,True
1634207639167,600,selenium_create_issue:fill_and_submit_issue_form:submit_issue_form,Success,True
1634207639167,1055,selenium_create_issue:fill_and_submit_issue_form,Success,True
1634207639167,1752,selenium_create_issue,Success,True
.test_1_selenium_create_issue,Total:74 Passed:74 Failed:0
1634207639572,389,selenium_edit_issue:open_edit_issue_form,Success,True
1634207640533,508,selenium_edit_issue:save_edit_issue_form,Success,True
1634207640533,1349,selenium_edit_issue,Success,True
.test_1_selenium_edit_issue,Total:75 Passed:75 Failed:0
1634207640887,352,selenium_save_comment:open_comment_form,Success,True
1634207642051,1017,selenium_save_comment:submit_form,Success,True
1634207642051,1516,selenium_save_comment,Success,True
.test_1_selenium_save_comment,Total:76 Passed:76 Failed:0
1634207643259,1206,selenium_search_jql,Success,True
.test_1_selenium_search_jql,Total:77 Passed:77 Failed:0
1634207644221,960,selenium_view_scrum_board_backlog,Success,True
.test_1_selenium_view_backlog_for_scrum_board,Total:78 Passed:78 Failed:0
1634207645041,819,selenium_view_scrum_board,Success,True
.test_1_selenium_view_scrum_board,Total:79 Passed:79 Failed:0
1634207645772,729,selenium_view_kanban_board,Success,True
.test_1_selenium_view_kanban_board,Total:80 Passed:80 Failed:0
1634207646115,341,selenium_view_dashboard,Success,True
.test_1_selenium_view_dashboard,Total:81 Passed:81 Failed:0
1634207646966,849,selenium_view_issue,Success,True
.test_1_selenium_view_issue,Total:82 Passed:82 Failed:0
1634207647258,290,selenium_project_summary,Success,True
.test_1_selenium_view_project_summary,Total:83 Passed:83 Failed:0
1634207647598,338,selenium_log_out,Success,True
.test_2_selenium_z_log_out,Total:84 Passed:84 Failed:0


=============================== warnings summary ===============================
../../usr/local/lib/python3.8/dist-packages/_pytest/config/__init__.py:1114
  /usr/local/lib/python3.8/dist-packages/_pytest/config/__init__.py:1114: PytestAssertRewriteWarning: Module already imported so cannot be rewritten: apiritif
    self._mark_plugins_for_rewrite(hook)

-- Docs: https://docs.pytest.org/en/stable/warnings.html
======================== 14 passed, 1 warning in 11.27s ========================
============================= test session starts ==============================
platform linux -- Python 3.8.10, pytest-6.2.4, py-1.10.0, pluggy-0.13.1
rootdir: /dc-app-performance-toolkit/app
plugins: apiritif-0.9.8
collected 14 items

selenium_ui/jira_ui.py get driver from global
clear browser cookies
node_id:i-00e57178e78893fc7
1634207647766,109,selenium_login:open_login_page,Success,True
1634207648215,448,selenium_login:login_and_view_dashboard,Success,True
1634207648215,558,selenium_login,Success,True
.test_0_selenium_a_login,Total:85 Passed:85 Failed:0
1634207648476,241,selenium_browse_projects_list,Success,True
.test_1_selenium_browse_projects_list,Total:86 Passed:86 Failed:0
1634207648709,232,selenium_browse_boards_list,Success,True
.test_1_selenium_browse_boards_list,Total:87 Passed:87 Failed:0
1634207649584,858,selenium_create_issue:open_quick_create,Success,True
1634207650826,603,selenium_create_issue:fill_and_submit_issue_form:submit_issue_form,Success,True
1634207650826,1242,selenium_create_issue:fill_and_submit_issue_form,Success,True
1634207650826,2101,selenium_create_issue,Success,True
.test_1_selenium_create_issue,Total:88 Passed:88 Failed:0
1634207651444,595,selenium_edit_issue:open_edit_issue_form,Success,True
1634207652210,490,selenium_edit_issue:save_edit_issue_form,Success,True
1634207652210,1361,selenium_edit_issue,Success,True
.test_1_selenium_edit_issue,Total:89 Passed:89 Failed:0
1634207652561,350,selenium_save_comment:open_comment_form,Success,True
1634207653700,979,selenium_save_comment:submit_form,Success,True
1634207653700,1488,selenium_save_comment,Success,True
.test_1_selenium_save_comment,Total:90 Passed:90 Failed:0
1634207654915,1214,selenium_search_jql,Success,True
.test_1_selenium_search_jql,Total:91 Passed:91 Failed:0
1634207655840,924,selenium_view_scrum_board_backlog,Success,True
.test_1_selenium_view_backlog_for_scrum_board,Total:92 Passed:92 Failed:0
1634207656692,850,selenium_view_scrum_board,Success,True
.test_1_selenium_view_scrum_board,Total:93 Passed:93 Failed:0
1634207657701,1007,selenium_view_kanban_board,Success,True
.test_1_selenium_view_kanban_board,Total:94 Passed:94 Failed:0
1634207658036,332,selenium_view_dashboard,Success,True
.test_1_selenium_view_dashboard,Total:95 Passed:95 Failed:0
1634207658828,790,selenium_view_issue,Success,True
.test_1_selenium_view_issue,Total:96 Passed:96 Failed:0
1634207659260,430,selenium_project_summary,Success,True
.test_1_selenium_view_project_summary,Total:97 Passed:97 Failed:0
1634207659583,322,selenium_log_out,Success,True
.test_2_selenium_z_log_out,Total:98 Passed:98 Failed:0


=============================== warnings summary ===============================
../../usr/local/lib/python3.8/dist-packages/_pytest/config/__init__.py:1114
  /usr/local/lib/python3.8/dist-packages/_pytest/config/__init__.py:1114: PytestAssertRewriteWarning: Module already imported so cannot be rewritten: apiritif
    self._mark_plugins_for_rewrite(hook)

-- Docs: https://docs.pytest.org/en/stable/warnings.html
======================== 14 passed, 1 warning in 11.95s ========================
============================= test session starts ==============================
platform linux -- Python 3.8.10, pytest-6.2.4, py-1.10.0, pluggy-0.13.1
rootdir: /dc-app-performance-toolkit/app
plugins: apiritif-0.9.8
collected 14 items

selenium_ui/jira_ui.py get driver from global
clear browser cookies
node_id:i-00e57178e78893fc7
1634207659758,114,selenium_login:open_login_page,Success,True
1634207660195,436,selenium_login:login_and_view_dashboard,Success,True
1634207660195,552,selenium_login,Success,True
.test_0_selenium_a_login,Total:99 Passed:99 Failed:0
1634207660453,239,selenium_browse_projects_list,Success,True
.test_1_selenium_browse_projects_list,Total:100 Passed:100 Failed:0
1634207660685,230,selenium_browse_boards_list,Success,True
.test_1_selenium_browse_boards_list,Total:101 Passed:101 Failed:0
1634207661446,744,selenium_create_issue:open_quick_create,Success,True
1634207662501,600,selenium_create_issue:fill_and_submit_issue_form:submit_issue_form,Success,True
1634207662501,1054,selenium_create_issue:fill_and_submit_issue_form,Success,True
1634207662501,1799,selenium_create_issue,Success,True
.test_1_selenium_create_issue,Total:102 Passed:102 Failed:0
1634207663105,587,selenium_edit_issue:open_edit_issue_form,Success,True
1634207663918,531,selenium_edit_issue:save_edit_issue_form,Success,True
1634207663918,1400,selenium_edit_issue,Success,True
.test_1_selenium_edit_issue,Total:103 Passed:103 Failed:0
1634207664250,330,selenium_save_comment:open_comment_form,Success,True
1634207665409,1005,selenium_save_comment:submit_form,Success,True
1634207665409,1489,selenium_save_comment,Success,True
.test_1_selenium_save_comment,Total:104 Passed:104 Failed:0
1634207666664,1253,selenium_search_jql,Success,True
.test_1_selenium_search_jql,Total:105 Passed:105 Failed:0
1634207667428,762,selenium_view_scrum_board_backlog,Success,True
.test_1_selenium_view_backlog_for_scrum_board,Total:106 Passed:106 Failed:0
1634207668178,748,selenium_view_scrum_board,Success,True
.test_1_selenium_view_scrum_board,Total:107 Passed:107 Failed:0
1634207668563,383,selenium_view_kanban_board,Success,True
.test_1_selenium_view_kanban_board,Total:108 Passed:108 Failed:0
1634207668988,423,selenium_view_dashboard,Success,True
.test_1_selenium_view_dashboard,Total:109 Passed:109 Failed:0
1634207669711,721,selenium_view_issue,Success,True
.test_1_selenium_view_issue,Total:110 Passed:110 Failed:0
1634207670045,333,selenium_project_summary,Success,True
.test_1_selenium_view_project_summary,Total:111 Passed:111 Failed:0
1634207670332,285,selenium_log_out,Success,True
.test_2_selenium_z_log_out,Total:112 Passed:112 Failed:0


=============================== warnings summary ===============================
../../usr/local/lib/python3.8/dist-packages/_pytest/config/__init__.py:1114
  /usr/local/lib/python3.8/dist-packages/_pytest/config/__init__.py:1114: PytestAssertRewriteWarning: Module already imported so cannot be rewritten: apiritif
    self._mark_plugins_for_rewrite(hook)

-- Docs: https://docs.pytest.org/en/stable/warnings.html
======================== 14 passed, 1 warning in 10.71s ========================
============================= test session starts ==============================
platform linux -- Python 3.8.10, pytest-6.2.4, py-1.10.0, pluggy-0.13.1
rootdir: /dc-app-performance-toolkit/app
plugins: apiritif-0.9.8
collected 14 items

selenium_ui/jira_ui.py get driver from global
clear browser cookies
node_id:i-00e57178e78893fc7
1634207670499,107,selenium_login:open_login_page,Success,True
1634207670919,420,selenium_login:login_and_view_dashboard,Success,True
1634207670919,528,selenium_login,Success,True
.test_0_selenium_a_login,Total:113 Passed:113 Failed:0
1634207671187,247,selenium_browse_projects_list,Success,True
.test_1_selenium_browse_projects_list,Total:114 Passed:114 Failed:0
1634207671424,235,selenium_browse_boards_list,Success,True
.test_1_selenium_browse_boards_list,Total:115 Passed:115 Failed:0
1634207672150,708,selenium_create_issue:open_quick_create,Success,True
1634207673288,605,selenium_create_issue:fill_and_submit_issue_form:submit_issue_form,Success,True
1634207673288,1138,selenium_create_issue:fill_and_submit_issue_form,Success,True
1634207673288,1846,selenium_create_issue,Success,True
.test_1_selenium_create_issue,Total:116 Passed:116 Failed:0
1634207673761,452,selenium_edit_issue:open_edit_issue_form,Success,True
1634207674747,532,selenium_edit_issue:save_edit_issue_form,Success,True
1634207674747,1438,selenium_edit_issue,Success,True
.test_1_selenium_edit_issue,Total:117 Passed:117 Failed:0
1634207675094,344,selenium_save_comment:open_comment_form,Success,True
1634207676237,990,selenium_save_comment:submit_form,Success,True
1634207676237,1488,selenium_save_comment,Success,True
.test_1_selenium_save_comment,Total:118 Passed:118 Failed:0
1634207677498,1260,selenium_search_jql,Success,True
.test_1_selenium_search_jql,Total:119 Passed:119 Failed:0
1634207678274,774,selenium_view_scrum_board_backlog,Success,True
.test_1_selenium_view_backlog_for_scrum_board,Total:120 Passed:120 Failed:0
1634207679092,816,selenium_view_scrum_board,Success,True
.test_1_selenium_view_scrum_board,Total:121 Passed:121 Failed:0
1634207679996,901,selenium_view_kanban_board,Success,True
.test_1_selenium_view_kanban_board,Total:122 Passed:122 Failed:0
1634207680301,303,selenium_view_dashboard,Success,True
.test_1_selenium_view_dashboard,Total:123 Passed:123 Failed:0
1634207681165,862,selenium_view_issue,Success,True
.test_1_selenium_view_issue,Total:124 Passed:124 Failed:0
1634207681507,341,selenium_project_summary,Success,True
.test_1_selenium_view_project_summary,Total:125 Passed:125 Failed:0
1634207681879,370,selenium_log_out,Success,True
.test_2_selenium_z_log_out,Total:126 Passed:126 Failed:0


=============================== warnings summary ===============================
../../usr/local/lib/python3.8/dist-packages/_pytest/config/__init__.py:1114
  /usr/local/lib/python3.8/dist-packages/_pytest/config/__init__.py:1114: PytestAssertRewriteWarning: Module already imported so cannot be rewritten: apiritif
    self._mark_plugins_for_rewrite(hook)

-- Docs: https://docs.pytest.org/en/stable/warnings.html
======================== 14 passed, 1 warning in 11.51s ========================
============================= test session starts ==============================
platform linux -- Python 3.8.10, pytest-6.2.4, py-1.10.0, pluggy-0.13.1
rootdir: /dc-app-performance-toolkit/app
plugins: apiritif-0.9.8
collected 14 items

selenium_ui/jira_ui.py get driver from global
clear browser cookies
node_id:i-00e57178e78893fc7
1634207682079,121,selenium_login:open_login_page,Success,True
1634207682525,445,selenium_login:login_and_view_dashboard,Success,True
1634207682525,568,selenium_login,Success,True
.test_0_selenium_a_login,Total:127 Passed:127 Failed:0
1634207682789,245,selenium_browse_projects_list,Success,True
.test_1_selenium_browse_projects_list,Total:128 Passed:128 Failed:0
1634207683024,233,selenium_browse_boards_list,Success,True
.test_1_selenium_browse_boards_list,Total:129 Passed:129 Failed:0
1634207683704,662,selenium_create_issue:open_quick_create,Success,True
1634207684800,600,selenium_create_issue:fill_and_submit_issue_form:submit_issue_form,Success,True
1634207684800,1095,selenium_create_issue:fill_and_submit_issue_form,Success,True
1634207684800,1759,selenium_create_issue,Success,True
.test_1_selenium_create_issue,Total:130 Passed:130 Failed:0
1634207685224,406,selenium_edit_issue:open_edit_issue_form,Success,True
1634207686263,597,selenium_edit_issue:save_edit_issue_form,Success,True
1634207686263,1445,selenium_edit_issue,Success,True
.test_1_selenium_edit_issue,Total:131 Passed:131 Failed:0
1634207686587,322,selenium_save_comment:open_comment_form,Success,True
1634207687626,950,selenium_save_comment:submit_form,Success,True
1634207687626,1362,selenium_save_comment,Success,True
.test_1_selenium_save_comment,Total:132 Passed:132 Failed:0
1634207688796,1168,selenium_search_jql,Success,True
.test_1_selenium_search_jql,Total:133 Passed:133 Failed:0
1634207689658,860,selenium_view_scrum_board_backlog,Success,True
.test_1_selenium_view_backlog_for_scrum_board,Total:134 Passed:134 Failed:0
1634207690406,746,selenium_view_scrum_board,Success,True
.test_1_selenium_view_scrum_board,Total:135 Passed:135 Failed:0
1634207691243,836,selenium_view_kanban_board,Success,True
.test_1_selenium_view_kanban_board,Total:136 Passed:136 Failed:0
1634207691594,348,selenium_view_dashboard,Success,True
.test_1_selenium_view_dashboard,Total:137 Passed:137 Failed:0
1634207692463,868,selenium_view_issue,Success,True
.test_1_selenium_view_issue,Total:138 Passed:138 Failed:0
1634207692768,303,selenium_project_summary,Success,True
.test_1_selenium_view_project_summary,Total:139 Passed:139 Failed:0
1634207693127,357,selenium_log_out,Success,True
.test_2_selenium_z_log_out,Total:140 Passed:140 Failed:0


=============================== warnings summary ===============================
../../usr/local/lib/python3.8/dist-packages/_pytest/config/__init__.py:1114
  /usr/local/lib/python3.8/dist-packages/_pytest/config/__init__.py:1114: PytestAssertRewriteWarning: Module already imported so cannot be rewritten: apiritif
    self._mark_plugins_for_rewrite(hook)

-- Docs: https://docs.pytest.org/en/stable/warnings.html
======================== 14 passed, 1 warning in 11.19s ========================
============================= test session starts ==============================
platform linux -- Python 3.8.10, pytest-6.2.4, py-1.10.0, pluggy-0.13.1
rootdir: /dc-app-performance-toolkit/app
plugins: apiritif-0.9.8
collected 14 items

selenium_ui/jira_ui.py get driver from global
clear browser cookies
node_id:i-00e57178e78893fc7
1634207693316,108,selenium_login:open_login_page,Success,True
1634207693741,424,selenium_login:login_and_view_dashboard,Success,True
1634207693741,533,selenium_login,Success,True
.test_0_selenium_a_login,Total:141 Passed:141 Failed:0
1634207694002,241,selenium_browse_projects_list,Success,True
.test_1_selenium_browse_projects_list,Total:142 Passed:142 Failed:0
1634207694238,234,selenium_browse_boards_list,Success,True
.test_1_selenium_browse_boards_list,Total:143 Passed:143 Failed:0
1634207694900,641,selenium_create_issue:open_quick_create,Success,True
1634207695946,598,selenium_create_issue:fill_and_submit_issue_form:submit_issue_form,Success,True
1634207695946,1045,selenium_create_issue:fill_and_submit_issue_form,Success,True
1634207695946,1688,selenium_create_issue,Success,True
.test_1_selenium_create_issue,Total:144 Passed:144 Failed:0
1634207696464,501,selenium_edit_issue:open_edit_issue_form,Success,True
1634207697351,502,selenium_edit_issue:save_edit_issue_form,Success,True
1634207697352,1388,selenium_edit_issue,Success,True
.test_1_selenium_edit_issue,Total:145 Passed:145 Failed:0
1634207697637,283,selenium_save_comment:open_comment_form,Success,True
1634207698770,987,selenium_save_comment:submit_form,Success,True
1634207698770,1416,selenium_save_comment,Success,True
.test_1_selenium_save_comment,Total:146 Passed:146 Failed:0
1634207699938,1167,selenium_search_jql,Success,True
.test_1_selenium_search_jql,Total:147 Passed:147 Failed:0
1634207701165,1225,selenium_view_scrum_board_backlog,Success,True
.test_1_selenium_view_backlog_for_scrum_board,Total:148 Passed:148 Failed:0
1634207701971,804,selenium_view_scrum_board,Success,True
.test_1_selenium_view_scrum_board,Total:149 Passed:149 Failed:0
1634207702503,531,selenium_view_kanban_board,Success,True
.test_1_selenium_view_kanban_board,Total:150 Passed:150 Failed:0
1634207702861,356,selenium_view_dashboard,Success,True
.test_1_selenium_view_dashboard,Total:151 Passed:151 Failed:0
1634207703596,733,selenium_view_issue,Success,True
.test_1_selenium_view_issue,Total:152 Passed:152 Failed:0
1634207703892,294,selenium_project_summary,Success,True
.test_1_selenium_view_project_summary,Total:153 Passed:153 Failed:0
1634207704212,319,selenium_log_out,Success,True
.test_2_selenium_z_log_out,Total:154 Passed:154 Failed:0


=============================== warnings summary ===============================
../../usr/local/lib/python3.8/dist-packages/_pytest/config/__init__.py:1114
  /usr/local/lib/python3.8/dist-packages/_pytest/config/__init__.py:1114: PytestAssertRewriteWarning: Module already imported so cannot be rewritten: apiritif
    self._mark_plugins_for_rewrite(hook)

-- Docs: https://docs.pytest.org/en/stable/warnings.html
======================== 14 passed, 1 warning in 11.03s ========================
============================= test session starts ==============================
platform linux -- Python 3.8.10, pytest-6.2.4, py-1.10.0, pluggy-0.13.1
rootdir: /dc-app-performance-toolkit/app
plugins: apiritif-0.9.8
collected 14 items

selenium_ui/jira_ui.py get driver from global
clear browser cookies
node_id:i-00e57178e78893fc7
1634207704377,108,selenium_login:open_login_page,Success,True
1634207704851,474,selenium_login:login_and_view_dashboard,Success,True
1634207704851,582,selenium_login,Success,True
.test_0_selenium_a_login,Total:155 Passed:155 Failed:0
1634207705208,315,selenium_browse_projects_list,Success,True
.test_1_selenium_browse_projects_list,Total:156 Passed:156 Failed:0
1634207706099,889,selenium_browse_boards_list,Success,True
.test_1_selenium_browse_boards_list,Total:157 Passed:157 Failed:0
1634207706831,713,selenium_create_issue:open_quick_create,Success,True
1634207707968,601,selenium_create_issue:fill_and_submit_issue_form:submit_issue_form,Success,True
1634207707968,1136,selenium_create_issue:fill_and_submit_issue_form,Success,True
1634207707968,1850,selenium_create_issue,Success,True
.test_1_selenium_create_issue,Total:158 Passed:158 Failed:0
1634207708475,484,selenium_edit_issue:open_edit_issue_form,Success,True
1634207709458,542,selenium_edit_issue:save_edit_issue_form,Success,True
1634207709459,1467,selenium_edit_issue,Success,True
.test_1_selenium_edit_issue,Total:159 Passed:159 Failed:0
1634207709736,276,selenium_save_comment:open_comment_form,Success,True
1634207710887,1001,selenium_save_comment:submit_form,Success,True
1634207710887,1427,selenium_save_comment,Success,True
.test_1_selenium_save_comment,Total:160 Passed:160 Failed:0
1634207712081,1191,selenium_search_jql,Success,True
.test_1_selenium_search_jql,Total:161 Passed:161 Failed:0
1634207712871,789,selenium_view_scrum_board_backlog,Success,True
.test_1_selenium_view_backlog_for_scrum_board,Total:162 Passed:162 Failed:0
1634207713716,843,selenium_view_scrum_board,Success,True
.test_1_selenium_view_scrum_board,Total:163 Passed:163 Failed:0
1634207714451,734,selenium_view_kanban_board,Success,True
.test_1_selenium_view_kanban_board,Total:164 Passed:164 Failed:0
1634207714724,271,selenium_view_dashboard,Success,True
.test_1_selenium_view_dashboard,Total:165 Passed:165 Failed:0
1634207715539,813,selenium_view_issue,Success,True
.test_1_selenium_view_issue,Total:166 Passed:166 Failed:0
1634207715865,325,selenium_project_summary,Success,True
.test_1_selenium_view_project_summary,Total:167 Passed:167 Failed:0
1634207716255,388,selenium_log_out,Success,True
.test_2_selenium_z_log_out,Total:168 Passed:168 Failed:0


=============================== warnings summary ===============================
../../usr/local/lib/python3.8/dist-packages/_pytest/config/__init__.py:1114
  /usr/local/lib/python3.8/dist-packages/_pytest/config/__init__.py:1114: PytestAssertRewriteWarning: Module already imported so cannot be rewritten: apiritif
    self._mark_plugins_for_rewrite(hook)

-- Docs: https://docs.pytest.org/en/stable/warnings.html
======================== 14 passed, 1 warning in 12.01s ========================
============================= test session starts ==============================
platform linux -- Python 3.8.10, pytest-6.2.4, py-1.10.0, pluggy-0.13.1
rootdir: /dc-app-performance-toolkit/app
plugins: apiritif-0.9.8
collected 14 items

selenium_ui/jira_ui.py get driver from global
clear browser cookies
node_id:i-00e57178e78893fc7
1634207716419,107,selenium_login:open_login_page,Success,True
1634207716854,434,selenium_login:login_and_view_dashboard,Success,True
1634207716854,542,selenium_login,Success,True
.test_0_selenium_a_login,Total:169 Passed:169 Failed:0
1634207717120,245,selenium_browse_projects_list,Success,True
.test_1_selenium_browse_projects_list,Total:170 Passed:170 Failed:0
1634207717351,228,selenium_browse_boards_list,Success,True
.test_1_selenium_browse_boards_list,Total:171 Passed:171 Failed:0
1634207718004,635,selenium_create_issue:open_quick_create,Success,True
1634207719151,595,selenium_create_issue:fill_and_submit_issue_form:submit_issue_form,Success,True
1634207719152,1147,selenium_create_issue:fill_and_submit_issue_form,Success,True
1634207719152,1783,selenium_create_issue,Success,True
.test_1_selenium_create_issue,Total:172 Passed:172 Failed:0
1634207719557,387,selenium_edit_issue:open_edit_issue_form,Success,True
1634207720665,663,selenium_edit_issue:save_edit_issue_form,Success,True
1634207720665,1495,selenium_edit_issue,Success,True
.test_1_selenium_edit_issue,Total:173 Passed:173 Failed:0
1634207720933,266,selenium_save_comment:open_comment_form,Success,True
1634207721886,862,selenium_save_comment:submit_form,Success,True
1634207721886,1220,selenium_save_comment,Success,True
.test_1_selenium_save_comment,Total:174 Passed:174 Failed:0
1634207723158,1270,selenium_search_jql,Success,True
.test_1_selenium_search_jql,Total:175 Passed:175 Failed:0
1634207723977,817,selenium_view_scrum_board_backlog,Success,True
.test_1_selenium_view_backlog_for_scrum_board,Total:176 Passed:176 Failed:0
1634207724828,849,selenium_view_scrum_board,Success,True
.test_1_selenium_view_scrum_board,Total:177 Passed:177 Failed:0
1634207725724,894,selenium_view_kanban_board,Success,True
.test_1_selenium_view_kanban_board,Total:178 Passed:178 Failed:0
1634207726090,364,selenium_view_dashboard,Success,True
.test_1_selenium_view_dashboard,Total:179 Passed:179 Failed:0
1634207726828,736,selenium_view_issue,Success,True
.test_1_selenium_view_issue,Total:180 Passed:180 Failed:0
1634207727164,335,selenium_project_summary,Success,True
.test_1_selenium_view_project_summary,Total:181 Passed:181 Failed:0
1634207727501,335,selenium_log_out,Success,True
.test_2_selenium_z_log_out,Total:182 Passed:182 Failed:0


=============================== warnings summary ===============================
../../usr/local/lib/python3.8/dist-packages/_pytest/config/__init__.py:1114
  /usr/local/lib/python3.8/dist-packages/_pytest/config/__init__.py:1114: PytestAssertRewriteWarning: Module already imported so cannot be rewritten: apiritif
    self._mark_plugins_for_rewrite(hook)

-- Docs: https://docs.pytest.org/en/stable/warnings.html
======================== 14 passed, 1 warning in 11.21s ========================
============================= test session starts ==============================
platform linux -- Python 3.8.10, pytest-6.2.4, py-1.10.0, pluggy-0.13.1
rootdir: /dc-app-performance-toolkit/app
plugins: apiritif-0.9.8
collected 14 items

selenium_ui/jira_ui.py get driver from global
clear browser cookies
node_id:i-00e57178e78893fc7
1634207727668,109,selenium_login:open_login_page,Success,True
1634207728082,414,selenium_login:login_and_view_dashboard,Success,True
1634207728082,523,selenium_login,Success,True
.test_0_selenium_a_login,Total:183 Passed:183 Failed:0
1634207728351,248,selenium_browse_projects_list,Success,True
.test_1_selenium_browse_projects_list,Total:184 Passed:184 Failed:0
1634207728587,235,selenium_browse_boards_list,Success,True
.test_1_selenium_browse_boards_list,Total:185 Passed:185 Failed:0
1634207729298,692,selenium_create_issue:open_quick_create,Success,True
1634207730365,604,selenium_create_issue:fill_and_submit_issue_form:submit_issue_form,Success,True
1634207730365,1067,selenium_create_issue:fill_and_submit_issue_form,Success,True
1634207730365,1760,selenium_create_issue,Success,True
.test_1_selenium_create_issue,Total:186 Passed:186 Failed:0
1634207730849,465,selenium_edit_issue:open_edit_issue_form,Success,True
1634207731805,528,selenium_edit_issue:save_edit_issue_form,Success,True
1634207731806,1422,selenium_edit_issue,Success,True
.test_1_selenium_edit_issue,Total:187 Passed:187 Failed:0
1634207732065,257,selenium_save_comment:open_comment_form,Success,True
1634207733365,1126,selenium_save_comment:submit_form,Success,True
1634207733365,1558,selenium_save_comment,Success,True
.test_1_selenium_save_comment,Total:188 Passed:188 Failed:0
1634207734535,1168,selenium_search_jql,Success,True
.test_1_selenium_search_jql,Total:189 Passed:189 Failed:0
1634207735822,1285,selenium_view_scrum_board_backlog,Success,True
.test_1_selenium_view_backlog_for_scrum_board,Total:190 Passed:190 Failed:0
1634207736568,745,selenium_view_scrum_board,Success,True
.test_1_selenium_view_scrum_board,Total:191 Passed:191 Failed:0
1634207737267,697,selenium_view_kanban_board,Success,True
.test_1_selenium_view_kanban_board,Total:192 Passed:192 Failed:0
1634207737652,383,selenium_view_dashboard,Success,True
.test_1_selenium_view_dashboard,Total:193 Passed:193 Failed:0
1634207738582,928,selenium_view_issue,Success,True
.test_1_selenium_view_issue,Total:194 Passed:194 Failed:0
1634207738873,290,selenium_project_summary,Success,True
.test_1_selenium_view_project_summary,Total:195 Passed:195 Failed:0
1634207739189,314,selenium_log_out,Success,True
.test_2_selenium_z_log_out,Total:196 Passed:196 Failed:0


=============================== warnings summary ===============================
../../usr/local/lib/python3.8/dist-packages/_pytest/config/__init__.py:1114
  /usr/local/lib/python3.8/dist-packages/_pytest/config/__init__.py:1114: PytestAssertRewriteWarning: Module already imported so cannot be rewritten: apiritif
    self._mark_plugins_for_rewrite(hook)

-- Docs: https://docs.pytest.org/en/stable/warnings.html
======================== 14 passed, 1 warning in 11.65s ========================
============================= test session starts ==============================
platform linux -- Python 3.8.10, pytest-6.2.4, py-1.10.0, pluggy-0.13.1
rootdir: /dc-app-performance-toolkit/app
plugins: apiritif-0.9.8
collected 14 items

selenium_ui/jira_ui.py get driver from global
clear browser cookies
node_id:i-00e57178e78893fc7
1634207739365,118,selenium_login:open_login_page,Success,True
1634207739818,452,selenium_login:login_and_view_dashboard,Success,True
1634207739818,571,selenium_login,Success,True
.test_0_selenium_a_login,Total:197 Passed:197 Failed:0
1634207740093,254,selenium_browse_projects_list,Success,True
.test_1_selenium_browse_projects_list,Total:198 Passed:198 Failed:0
1634207740322,228,selenium_browse_boards_list,Success,True
.test_1_selenium_browse_boards_list,Total:199 Passed:199 Failed:0
1634207740980,638,selenium_create_issue:open_quick_create,Success,True
1634207742056,597,selenium_create_issue:fill_and_submit_issue_form:submit_issue_form,Success,True
1634207742057,1076,selenium_create_issue:fill_and_submit_issue_form,Success,True
1634207742057,1715,selenium_create_issue,Success,True
.test_1_selenium_create_issue,Total:200 Passed:200 Failed:0
1634207742455,380,selenium_edit_issue:open_edit_issue_form,Success,True
1634207743428,532,selenium_edit_issue:save_edit_issue_form,Success,True
1634207743428,1352,selenium_edit_issue,Success,True
.test_1_selenium_edit_issue,Total:201 Passed:201 Failed:0
1634207743771,342,selenium_save_comment:open_comment_form,Success,True
1634207744907,991,selenium_save_comment:submit_form,Success,True
1634207744907,1478,selenium_save_comment,Success,True
.test_1_selenium_save_comment,Total:202 Passed:202 Failed:0
1634207746070,1161,selenium_search_jql,Success,True
.test_1_selenium_search_jql,Total:203 Passed:203 Failed:0
1634207746937,865,selenium_view_scrum_board_backlog,Success,True
.test_1_selenium_view_backlog_for_scrum_board,Total:204 Passed:204 Failed:0
1634207747823,884,selenium_view_scrum_board,Success,True
.test_1_selenium_view_scrum_board,Total:205 Passed:205 Failed:0
1634207748554,729,selenium_view_kanban_board,Success,True
.test_1_selenium_view_kanban_board,Total:206 Passed:206 Failed:0
1634207749247,690,selenium_view_dashboard,Success,True
.test_1_selenium_view_dashboard,Total:207 Passed:207 Failed:0
1634207750054,805,selenium_view_issue,Success,True
.test_1_selenium_view_issue,Total:208 Passed:208 Failed:0
1634207750398,342,selenium_project_summary,Success,True
.test_1_selenium_view_project_summary,Total:209 Passed:209 Failed:0
1634207750709,309,selenium_log_out,Success,True
.test_2_selenium_z_log_out,Total:210 Passed:210 Failed:0


=============================== warnings summary ===============================
../../usr/local/lib/python3.8/dist-packages/_pytest/config/__init__.py:1114
  /usr/local/lib/python3.8/dist-packages/_pytest/config/__init__.py:1114: PytestAssertRewriteWarning: Module already imported so cannot be rewritten: apiritif
    self._mark_plugins_for_rewrite(hook)

-- Docs: https://docs.pytest.org/en/stable/warnings.html
======================== 14 passed, 1 warning in 11.49s ========================
============================= test session starts ==============================
platform linux -- Python 3.8.10, pytest-6.2.4, py-1.10.0, pluggy-0.13.1
rootdir: /dc-app-performance-toolkit/app
plugins: apiritif-0.9.8
collected 14 items

selenium_ui/jira_ui.py get driver from global
clear browser cookies
node_id:i-00e57178e78893fc7
1634207750880,114,selenium_login:open_login_page,Success,True
1634207751300,420,selenium_login:login_and_view_dashboard,Success,True
1634207751300,534,selenium_login,Success,True
.test_0_selenium_a_login,Total:211 Passed:211 Failed:0
1634207751558,237,selenium_browse_projects_list,Success,True
.test_1_selenium_browse_projects_list,Total:212 Passed:212 Failed:0
1634207751806,247,selenium_browse_boards_list,Success,True
.test_1_selenium_browse_boards_list,Total:213 Passed:213 Failed:0
1634207752441,615,selenium_create_issue:open_quick_create,Success,True
1634207753558,650,selenium_create_issue:fill_and_submit_issue_form:submit_issue_form,Success,True
1634207753558,1117,selenium_create_issue:fill_and_submit_issue_form,Success,True
1634207753558,1733,selenium_create_issue,Success,True
.test_1_selenium_create_issue,Total:214 Passed:214 Failed:0
1634207753969,388,selenium_edit_issue:open_edit_issue_form,Success,True
1634207755011,606,selenium_edit_issue:save_edit_issue_form,Success,True
1634207755011,1431,selenium_edit_issue,Success,True
.test_1_selenium_edit_issue,Total:215 Passed:215 Failed:0
1634207755353,340,selenium_save_comment:open_comment_form,Success,True
1634207756378,932,selenium_save_comment:submit_form,Success,True
1634207756378,1365,selenium_save_comment,Success,True
.test_1_selenium_save_comment,Total:216 Passed:216 Failed:0
1634207757593,1213,selenium_search_jql,Success,True
.test_1_selenium_search_jql,Total:217 Passed:217 Failed:0
1634207758466,871,selenium_view_scrum_board_backlog,Success,True
.test_1_selenium_view_backlog_for_scrum_board,Total:218 Passed:218 Failed:0
1634207759225,758,selenium_view_scrum_board,Success,True
.test_1_selenium_view_scrum_board,Total:219 Passed:219 Failed:0
1634207760223,996,selenium_view_kanban_board,Success,True
.test_1_selenium_view_kanban_board,Total:220 Passed:220 Failed:0
1634207760584,359,selenium_view_dashboard,Success,True
.test_1_selenium_view_dashboard,Total:221 Passed:221 Failed:0
1634207761266,681,selenium_view_issue,Success,True
.test_1_selenium_view_issue,Total:222 Passed:222 Failed:0
1634207761712,444,selenium_project_summary,Success,True
.test_1_selenium_view_project_summary,Total:223 Passed:223 Failed:0
1634207762027,312,selenium_log_out,Success,True
.test_2_selenium_z_log_out,Total:224 Passed:224 Failed:0


=============================== warnings summary ===============================
../../usr/local/lib/python3.8/dist-packages/_pytest/config/__init__.py:1114
  /usr/local/lib/python3.8/dist-packages/_pytest/config/__init__.py:1114: PytestAssertRewriteWarning: Module already imported so cannot be rewritten: apiritif
    self._mark_plugins_for_rewrite(hook)

-- Docs: https://docs.pytest.org/en/stable/warnings.html
======================== 14 passed, 1 warning in 11.28s ========================
============================= test session starts ==============================
platform linux -- Python 3.8.10, pytest-6.2.4, py-1.10.0, pluggy-0.13.1
rootdir: /dc-app-performance-toolkit/app
plugins: apiritif-0.9.8
collected 14 items

selenium_ui/jira_ui.py get driver from global
clear browser cookies
node_id:i-00e57178e78893fc7
1634207762190,105,selenium_login:open_login_page,Success,True
1634207762599,409,selenium_login:login_and_view_dashboard,Success,True
1634207762599,515,selenium_login,Success,True
.test_0_selenium_a_login,Total:225 Passed:225 Failed:0
1634207762863,242,selenium_browse_projects_list,Success,True
.test_1_selenium_browse_projects_list,Total:226 Passed:226 Failed:0
1634207763106,241,selenium_browse_boards_list,Success,True
.test_1_selenium_browse_boards_list,Total:227 Passed:227 Failed:0
1634207763788,663,selenium_create_issue:open_quick_create,Success,True
1634207764931,616,selenium_create_issue:fill_and_submit_issue_form:submit_issue_form,Success,True
1634207764931,1142,selenium_create_issue:fill_and_submit_issue_form,Success,True
1634207764931,1805,selenium_create_issue,Success,True
.test_1_selenium_create_issue,Total:228 Passed:228 Failed:0
1634207765352,402,selenium_edit_issue:open_edit_issue_form,Success,True
1634207766336,539,selenium_edit_issue:save_edit_issue_form,Success,True
1634207766337,1386,selenium_edit_issue,Success,True
.test_1_selenium_edit_issue,Total:229 Passed:229 Failed:0
1634207766689,351,selenium_save_comment:open_comment_form,Success,True
1634207767853,1017,selenium_save_comment:submit_form,Success,True
1634207767853,1515,selenium_save_comment,Success,True
.test_1_selenium_save_comment,Total:230 Passed:230 Failed:0
1634207769125,1270,selenium_search_jql,Success,True
.test_1_selenium_search_jql,Total:231 Passed:231 Failed:0
1634207769953,826,selenium_view_scrum_board_backlog,Success,True
.test_1_selenium_view_backlog_for_scrum_board,Total:232 Passed:232 Failed:0
1634207770808,853,selenium_view_scrum_board,Success,True
.test_1_selenium_view_scrum_board,Total:233 Passed:233 Failed:0
1634207771375,566,selenium_view_kanban_board,Success,True
.test_1_selenium_view_kanban_board,Total:234 Passed:234 Failed:0
1634207771830,453,selenium_view_dashboard,Success,True
.test_1_selenium_view_dashboard,Total:235 Passed:235 Failed:0
1634207772654,822,selenium_view_issue,Success,True
.test_1_selenium_view_issue,Total:236 Passed:236 Failed:0
1634207772934,278,selenium_project_summary,Success,True
.test_1_selenium_view_project_summary,Total:237 Passed:237 Failed:0
1634207773256,321,selenium_log_out,Success,True
.test_2_selenium_z_log_out,Total:238 Passed:238 Failed:0


=============================== warnings summary ===============================
../../usr/local/lib/python3.8/dist-packages/_pytest/config/__init__.py:1114
  /usr/local/lib/python3.8/dist-packages/_pytest/config/__init__.py:1114: PytestAssertRewriteWarning: Module already imported so cannot be rewritten: apiritif
    self._mark_plugins_for_rewrite(hook)

-- Docs: https://docs.pytest.org/en/stable/warnings.html
======================== 14 passed, 1 warning in 11.20s ========================
============================= test session starts ==============================
platform linux -- Python 3.8.10, pytest-6.2.4, py-1.10.0, pluggy-0.13.1
rootdir: /dc-app-performance-toolkit/app
plugins: apiritif-0.9.8
collected 14 items

selenium_ui/jira_ui.py get driver from global
clear browser cookies
node_id:i-00e57178e78893fc7
1634207773424,109,selenium_login:open_login_page,Success,True
1634207773843,418,selenium_login:login_and_view_dashboard,Success,True
1634207773843,528,selenium_login,Success,True
.test_0_selenium_a_login,Total:239 Passed:239 Failed:0
1634207774114,242,selenium_browse_projects_list,Success,True
.test_1_selenium_browse_projects_list,Total:240 Passed:240 Failed:0
1634207774342,225,selenium_browse_boards_list,Success,True
.test_1_selenium_browse_boards_list,Total:241 Passed:241 Failed:0
1634207775012,651,selenium_create_issue:open_quick_create,Success,True
1634207776087,600,selenium_create_issue:fill_and_submit_issue_form:submit_issue_form,Success,True
1634207776087,1075,selenium_create_issue:fill_and_submit_issue_form,Success,True
1634207776088,1727,selenium_create_issue,Success,True
.test_1_selenium_create_issue,Total:242 Passed:242 Failed:0
1634207776521,414,selenium_edit_issue:open_edit_issue_form,Success,True
1634207777491,525,selenium_edit_issue:save_edit_issue_form,Success,True
1634207777491,1384,selenium_edit_issue,Success,True
.test_1_selenium_edit_issue,Total:243 Passed:243 Failed:0
1634207777781,287,selenium_save_comment:open_comment_form,Success,True
1634207779176,1240,selenium_save_comment:submit_form,Success,True
1634207779176,1683,selenium_save_comment,Success,True
.test_1_selenium_save_comment,Total:244 Passed:244 Failed:0
1634207780470,1292,selenium_search_jql,Success,True
.test_1_selenium_search_jql,Total:245 Passed:245 Failed:0
1634207781722,1250,selenium_view_scrum_board_backlog,Success,True
.test_1_selenium_view_backlog_for_scrum_board,Total:246 Passed:246 Failed:0
1634207782497,773,selenium_view_scrum_board,Success,True
.test_1_selenium_view_scrum_board,Total:247 Passed:247 Failed:0
1634207783041,543,selenium_view_kanban_board,Success,True
.test_1_selenium_view_kanban_board,Total:248 Passed:248 Failed:0
1634207783489,446,selenium_view_dashboard,Success,True
.test_1_selenium_view_dashboard,Total:249 Passed:249 Failed:0
1634207784334,843,selenium_view_issue,Success,True
.test_1_selenium_view_issue,Total:250 Passed:250 Failed:0
1634207784653,317,selenium_project_summary,Success,True
.test_1_selenium_view_project_summary,Total:251 Passed:251 Failed:0
1634207784965,310,selenium_log_out,Success,True
.test_2_selenium_z_log_out,Total:252 Passed:252 Failed:0


=============================== warnings summary ===============================
../../usr/local/lib/python3.8/dist-packages/_pytest/config/__init__.py:1114
  /usr/local/lib/python3.8/dist-packages/_pytest/config/__init__.py:1114: PytestAssertRewriteWarning: Module already imported so cannot be rewritten: apiritif
    self._mark_plugins_for_rewrite(hook)

-- Docs: https://docs.pytest.org/en/stable/warnings.html
======================== 14 passed, 1 warning in 11.67s ========================
============================= test session starts ==============================
platform linux -- Python 3.8.10, pytest-6.2.4, py-1.10.0, pluggy-0.13.1
rootdir: /dc-app-performance-toolkit/app
plugins: apiritif-0.9.8
collected 14 items

selenium_ui/jira_ui.py get driver from global
clear browser cookies
node_id:i-00e57178e78893fc7
1634207785182,157,selenium_login:open_login_page,Success,True
1634207785614,432,selenium_login:login_and_view_dashboard,Success,True
1634207785614,590,selenium_login,Success,True
.test_0_selenium_a_login,Total:253 Passed:253 Failed:0
1634207785869,232,selenium_browse_projects_list,Success,True
.test_1_selenium_browse_projects_list,Total:254 Passed:254 Failed:0
1634207786114,244,selenium_browse_boards_list,Success,True
.test_1_selenium_browse_boards_list,Total:255 Passed:255 Failed:0
1634207786826,691,selenium_create_issue:open_quick_create,Success,True
1634207787884,600,selenium_create_issue:fill_and_submit_issue_form:submit_issue_form,Success,True
1634207787884,1058,selenium_create_issue:fill_and_submit_issue_form,Success,True
1634207787885,1750,selenium_create_issue,Success,True
.test_1_selenium_create_issue,Total:256 Passed:256 Failed:0
1634207788341,431,selenium_edit_issue:open_edit_issue_form,Success,True
1634207789288,507,selenium_edit_issue:save_edit_issue_form,Success,True
1634207789289,1379,selenium_edit_issue,Success,True
.test_1_selenium_edit_issue,Total:257 Passed:257 Failed:0
1634207789576,285,selenium_save_comment:open_comment_form,Success,True
1634207790745,1027,selenium_save_comment:submit_form,Success,True
1634207790745,1454,selenium_save_comment,Success,True
.test_1_selenium_save_comment,Total:258 Passed:258 Failed:0
1634207791914,1168,selenium_search_jql,Success,True
.test_1_selenium_search_jql,Total:259 Passed:259 Failed:0
1634207792751,835,selenium_view_scrum_board_backlog,Success,True
.test_1_selenium_view_backlog_for_scrum_board,Total:260 Passed:260 Failed:0
1634207793597,844,selenium_view_scrum_board,Success,True
.test_1_selenium_view_scrum_board,Total:261 Passed:261 Failed:0
1634207794208,608,selenium_view_kanban_board,Success,True
.test_1_selenium_view_kanban_board,Total:262 Passed:262 Failed:0
1634207794541,331,selenium_view_dashboard,Success,True
.test_1_selenium_view_dashboard,Total:263 Passed:263 Failed:0
1634207795396,852,selenium_view_issue,Success,True
.test_1_selenium_view_issue,Total:264 Passed:264 Failed:0
1634207795802,404,selenium_project_summary,Success,True
.test_1_selenium_view_project_summary,Total:265 Passed:265 Failed:0
1634207796094,291,selenium_log_out,Success,True
.test_2_selenium_z_log_out,Total:266 Passed:266 Failed:0


=============================== warnings summary ===============================
../../usr/local/lib/python3.8/dist-packages/_pytest/config/__init__.py:1114
  /usr/local/lib/python3.8/dist-packages/_pytest/config/__init__.py:1114: PytestAssertRewriteWarning: Module already imported so cannot be rewritten: apiritif
    self._mark_plugins_for_rewrite(hook)

-- Docs: https://docs.pytest.org/en/stable/warnings.html
======================== 14 passed, 1 warning in 11.09s ========================
============================= test session starts ==============================
platform linux -- Python 3.8.10, pytest-6.2.4, py-1.10.0, pluggy-0.13.1
rootdir: /dc-app-performance-toolkit/app
plugins: apiritif-0.9.8
collected 14 items

selenium_ui/jira_ui.py get driver from global
clear browser cookies
node_id:i-00e57178e78893fc7
1634207796336,183,selenium_login:open_login_page,Success,True
1634207796786,449,selenium_login:login_and_view_dashboard,Success,True
1634207796786,633,selenium_login,Success,True
.test_0_selenium_a_login,Total:267 Passed:267 Failed:0
1634207797045,236,selenium_browse_projects_list,Success,True
.test_1_selenium_browse_projects_list,Total:268 Passed:268 Failed:0
1634207797276,229,selenium_browse_boards_list,Success,True
.test_1_selenium_browse_boards_list,Total:269 Passed:269 Failed:0
1634207797995,698,selenium_create_issue:open_quick_create,Success,True
1634207799116,616,selenium_create_issue:fill_and_submit_issue_form:submit_issue_form,Success,True
1634207799116,1121,selenium_create_issue:fill_and_submit_issue_form,Success,True
1634207799116,1820,selenium_create_issue,Success,True
.test_1_selenium_create_issue,Total:270 Passed:270 Failed:0
1634207799674,537,selenium_edit_issue:open_edit_issue_form,Success,True
1634207800549,535,selenium_edit_issue:save_edit_issue_form,Success,True
1634207800549,1412,selenium_edit_issue,Success,True
.test_1_selenium_edit_issue,Total:271 Passed:271 Failed:0
1634207800862,311,selenium_save_comment:open_comment_form,Success,True
1634207801918,928,selenium_save_comment:submit_form,Success,True
1634207801918,1368,selenium_save_comment,Success,True
.test_1_selenium_save_comment,Total:272 Passed:272 Failed:0
1634207803190,1270,selenium_search_jql,Success,True
.test_1_selenium_search_jql,Total:273 Passed:273 Failed:0
1634207804355,1163,selenium_view_scrum_board_backlog,Success,True
.test_1_selenium_view_backlog_for_scrum_board,Total:274 Passed:274 Failed:0
1634207805137,781,selenium_view_scrum_board,Success,True
.test_1_selenium_view_scrum_board,Total:275 Passed:275 Failed:0
1634207805938,799,selenium_view_kanban_board,Success,True
.test_1_selenium_view_kanban_board,Total:276 Passed:276 Failed:0
1634207806391,451,selenium_view_dashboard,Success,True
.test_1_selenium_view_dashboard,Total:277 Passed:277 Failed:0
1634207807247,854,selenium_view_issue,Success,True
.test_1_selenium_view_issue,Total:278 Passed:278 Failed:0
1634207807627,378,selenium_project_summary,Success,True
.test_1_selenium_view_project_summary,Total:279 Passed:279 Failed:0
1634207808015,386,selenium_log_out,Success,True
.test_2_selenium_z_log_out,Total:280 Passed:280 Failed:0


=============================== warnings summary ===============================
../../usr/local/lib/python3.8/dist-packages/_pytest/config/__init__.py:1114
  /usr/local/lib/python3.8/dist-packages/_pytest/config/__init__.py:1114: PytestAssertRewriteWarning: Module already imported so cannot be rewritten: apiritif
    self._mark_plugins_for_rewrite(hook)

-- Docs: https://docs.pytest.org/en/stable/warnings.html
======================== 14 passed, 1 warning in 11.89s ========================
============================= test session starts ==============================
platform linux -- Python 3.8.10, pytest-6.2.4, py-1.10.0, pluggy-0.13.1
rootdir: /dc-app-performance-toolkit/app
plugins: apiritif-0.9.8
collected 14 items

selenium_ui/jira_ui.py get driver from global
clear browser cookies
node_id:i-00e57178e78893fc7
1634207808181,107,selenium_login:open_login_page,Success,True
1634207808625,444,selenium_login:login_and_view_dashboard,Success,True
1634207808625,552,selenium_login,Success,True
.test_0_selenium_a_login,Total:281 Passed:281 Failed:0
1634207808900,250,selenium_browse_projects_list,Success,True
.test_1_selenium_browse_projects_list,Total:282 Passed:282 Failed:0
1634207809127,225,selenium_browse_boards_list,Success,True
.test_1_selenium_browse_boards_list,Total:283 Passed:283 Failed:0
1634207809811,663,selenium_create_issue:open_quick_create,Success,True
1634207810879,600,selenium_create_issue:fill_and_submit_issue_form:submit_issue_form,Success,True
1634207810879,1067,selenium_create_issue:fill_and_submit_issue_form,Success,True
1634207810879,1731,selenium_create_issue,Success,True
.test_1_selenium_create_issue,Total:284 Passed:284 Failed:0
1634207811298,395,selenium_edit_issue:open_edit_issue_form,Success,True
1634207812343,591,selenium_edit_issue:save_edit_issue_form,Success,True
1634207812343,1440,selenium_edit_issue,Success,True
.test_1_selenium_edit_issue,Total:285 Passed:285 Failed:0
1634207812670,325,selenium_save_comment:open_comment_form,Success,True
1634207813708,943,selenium_save_comment:submit_form,Success,True
1634207813708,1364,selenium_save_comment,Success,True
.test_1_selenium_save_comment,Total:286 Passed:286 Failed:0
1634207814972,1262,selenium_search_jql,Success,True
.test_1_selenium_search_jql,Total:287 Passed:287 Failed:0
1634207816120,1146,selenium_view_scrum_board_backlog,Success,True
.test_1_selenium_view_backlog_for_scrum_board,Total:288 Passed:288 Failed:0
1634207816889,767,selenium_view_scrum_board,Success,True
.test_1_selenium_view_scrum_board,Total:289 Passed:289 Failed:0
1634207817572,681,selenium_view_kanban_board,Success,True
.test_1_selenium_view_kanban_board,Total:290 Passed:290 Failed:0
1634207817840,266,selenium_view_dashboard,Success,True
.test_1_selenium_view_dashboard,Total:291 Passed:291 Failed:0
1634207818596,753,selenium_view_issue,Success,True
.test_1_selenium_view_issue,Total:292 Passed:292 Failed:0
1634207819005,408,selenium_project_summary,Success,True
.test_1_selenium_view_project_summary,Total:293 Passed:293 Failed:0
1634207819313,306,selenium_log_out,Success,True
.test_2_selenium_z_log_out,Total:294 Passed:294 Failed:0


=============================== warnings summary ===============================
../../usr/local/lib/python3.8/dist-packages/_pytest/config/__init__.py:1114
  /usr/local/lib/python3.8/dist-packages/_pytest/config/__init__.py:1114: PytestAssertRewriteWarning: Module already imported so cannot be rewritten: apiritif
    self._mark_plugins_for_rewrite(hook)

-- Docs: https://docs.pytest.org/en/stable/warnings.html
======================== 14 passed, 1 warning in 11.26s ========================
============================= test session starts ==============================
platform linux -- Python 3.8.10, pytest-6.2.4, py-1.10.0, pluggy-0.13.1
rootdir: /dc-app-performance-toolkit/app
plugins: apiritif-0.9.8
collected 14 items

selenium_ui/jira_ui.py get driver from global
clear browser cookies
node_id:i-00e57178e78893fc7
1634207819477,105,selenium_login:open_login_page,Success,True
1634207819898,421,selenium_login:login_and_view_dashboard,Success,True
1634207819898,527,selenium_login,Success,True
.test_0_selenium_a_login,Total:295 Passed:295 Failed:0
1634207820160,239,selenium_browse_projects_list,Success,True
.test_1_selenium_browse_projects_list,Total:296 Passed:296 Failed:0
1634207820392,230,selenium_browse_boards_list,Success,True
.test_1_selenium_browse_boards_list,Total:297 Passed:297 Failed:0
1634207821137,724,selenium_create_issue:open_quick_create,Success,True
1634207822204,605,selenium_create_issue:fill_and_submit_issue_form:submit_issue_form,Success,True
1634207822204,1067,selenium_create_issue:fill_and_submit_issue_form,Success,True
1634207822204,1792,selenium_create_issue,Success,True
.test_1_selenium_create_issue,Total:298 Passed:298 Failed:0
1634207822603,378,selenium_edit_issue:open_edit_issue_form,Success,True
1634207823545,476,selenium_edit_issue:save_edit_issue_form,Success,True
1634207823545,1320,selenium_edit_issue,Success,True
.test_1_selenium_edit_issue,Total:299 Passed:299 Failed:0
1634207823876,329,selenium_save_comment:open_comment_form,Success,True
1634207825044,1023,selenium_save_comment:submit_form,Success,True
1634207825044,1497,selenium_save_comment,Success,True
.test_1_selenium_save_comment,Total:300 Passed:300 Failed:0
1634207826309,1263,selenium_search_jql,Success,True
.test_1_selenium_search_jql,Total:301 Passed:301 Failed:0
1634207827241,930,selenium_view_scrum_board_backlog,Success,True
.test_1_selenium_view_backlog_for_scrum_board,Total:302 Passed:302 Failed:0
1634207828080,837,selenium_view_scrum_board,Success,True
.test_1_selenium_view_scrum_board,Total:303 Passed:303 Failed:0
1634207829124,1043,selenium_view_kanban_board,Success,True
.test_1_selenium_view_kanban_board,Total:304 Passed:304 Failed:0
1634207829354,228,selenium_view_dashboard,Success,True
.test_1_selenium_view_dashboard,Total:305 Passed:305 Failed:0
1634207830172,816,selenium_view_issue,Success,True
.test_1_selenium_view_issue,Total:306 Passed:306 Failed:0
1634207830556,382,selenium_project_summary,Success,True
.test_1_selenium_view_project_summary,Total:307 Passed:307 Failed:0
1634207830883,325,selenium_log_out,Success,True
.test_2_selenium_z_log_out,Total:308 Passed:308 Failed:0


=============================== warnings summary ===============================
../../usr/local/lib/python3.8/dist-packages/_pytest/config/__init__.py:1114
  /usr/local/lib/python3.8/dist-packages/_pytest/config/__init__.py:1114: PytestAssertRewriteWarning: Module already imported so cannot be rewritten: apiritif
    self._mark_plugins_for_rewrite(hook)

-- Docs: https://docs.pytest.org/en/stable/warnings.html
======================== 14 passed, 1 warning in 11.53s ========================
============================= test session starts ==============================
platform linux -- Python 3.8.10, pytest-6.2.4, py-1.10.0, pluggy-0.13.1
rootdir: /dc-app-performance-toolkit/app
plugins: apiritif-0.9.8
collected 14 items

selenium_ui/jira_ui.py get driver from global
clear browser cookies
node_id:i-00e57178e78893fc7
1634207831090,123,selenium_login:open_login_page,Success,True
1634207831513,423,selenium_login:login_and_view_dashboard,Success,True
1634207831513,547,selenium_login,Success,True
.test_0_selenium_a_login,Total:309 Passed:309 Failed:0
1634207831764,229,selenium_browse_projects_list,Success,True
.test_1_selenium_browse_projects_list,Total:310 Passed:310 Failed:0
1634207831996,230,selenium_browse_boards_list,Success,True
.test_1_selenium_browse_boards_list,Total:311 Passed:311 Failed:0
1634207832733,715,selenium_create_issue:open_quick_create,Success,True
1634207833816,599,selenium_create_issue:fill_and_submit_issue_form:submit_issue_form,Success,True
1634207833817,1083,selenium_create_issue:fill_and_submit_issue_form,Success,True
1634207833817,1799,selenium_create_issue,Success,True
.test_1_selenium_create_issue,Total:312 Passed:312 Failed:0
1634207834246,409,selenium_edit_issue:open_edit_issue_form,Success,True
1634207835259,567,selenium_edit_issue:save_edit_issue_form,Success,True
1634207835259,1421,selenium_edit_issue,Success,True
.test_1_selenium_edit_issue,Total:313 Passed:313 Failed:0
1634207835556,295,selenium_save_comment:open_comment_form,Success,True
1634207836716,987,selenium_save_comment:submit_form,Success,True
1634207836717,1456,selenium_save_comment,Success,True
.test_1_selenium_save_comment,Total:314 Passed:314 Failed:0
1634207837860,1141,selenium_search_jql,Success,True
.test_1_selenium_search_jql,Total:315 Passed:315 Failed:0
1634207838842,981,selenium_view_scrum_board_backlog,Success,True
.test_1_selenium_view_backlog_for_scrum_board,Total:316 Passed:316 Failed:0
1634207839693,848,selenium_view_scrum_board,Success,True
.test_1_selenium_view_scrum_board,Total:317 Passed:317 Failed:0
1634207840272,577,selenium_view_kanban_board,Success,True
.test_1_selenium_view_kanban_board,Total:318 Passed:318 Failed:0
1634207840690,415,selenium_view_dashboard,Success,True
.test_1_selenium_view_dashboard,Total:319 Passed:319 Failed:0
1634207841571,879,selenium_view_issue,Success,True
.test_1_selenium_view_issue,Total:320 Passed:320 Failed:0
1634207841891,319,selenium_project_summary,Success,True
.test_1_selenium_view_project_summary,Total:321 Passed:321 Failed:0
1634207842168,275,selenium_log_out,Success,True
.test_2_selenium_z_log_out,Total:322 Passed:322 Failed:0


=============================== warnings summary ===============================
../../usr/local/lib/python3.8/dist-packages/_pytest/config/__init__.py:1114
  /usr/local/lib/python3.8/dist-packages/_pytest/config/__init__.py:1114: PytestAssertRewriteWarning: Module already imported so cannot be rewritten: apiritif
    self._mark_plugins_for_rewrite(hook)

-- Docs: https://docs.pytest.org/en/stable/warnings.html
======================== 14 passed, 1 warning in 11.25s ========================
============================= test session starts ==============================
platform linux -- Python 3.8.10, pytest-6.2.4, py-1.10.0, pluggy-0.13.1
rootdir: /dc-app-performance-toolkit/app
plugins: apiritif-0.9.8
collected 14 items

selenium_ui/jira_ui.py get driver from global
clear browser cookies
node_id:i-00e57178e78893fc7
1634207842333,107,selenium_login:open_login_page,Success,True
1634207842759,425,selenium_login:login_and_view_dashboard,Success,True
1634207842759,533,selenium_login,Success,True
.test_0_selenium_a_login,Total:323 Passed:323 Failed:0
1634207843037,256,selenium_browse_projects_list,Success,True
.test_1_selenium_browse_projects_list,Total:324 Passed:324 Failed:0
1634207843272,233,selenium_browse_boards_list,Success,True
.test_1_selenium_browse_boards_list,Total:325 Passed:325 Failed:0
1634207844005,712,selenium_create_issue:open_quick_create,Success,True
1634207845115,599,selenium_create_issue:fill_and_submit_issue_form:submit_issue_form,Success,True
1634207845115,1110,selenium_create_issue:fill_and_submit_issue_form,Success,True
1634207845115,1822,selenium_create_issue,Success,True
.test_1_selenium_create_issue,Total:326 Passed:326 Failed:0
1634207845596,454,selenium_edit_issue:open_edit_issue_form,Success,True
1634207846581,531,selenium_edit_issue:save_edit_issue_form,Success,True
1634207846581,1439,selenium_edit_issue,Success,True
.test_1_selenium_edit_issue,Total:327 Passed:327 Failed:0
1634207846923,340,selenium_save_comment:open_comment_form,Success,True
1634207848058,994,selenium_save_comment:submit_form,Success,True
1634207848058,1475,selenium_save_comment,Success,True
.test_1_selenium_save_comment,Total:328 Passed:328 Failed:0
1634207849446,1386,selenium_search_jql,Success,True
.test_1_selenium_search_jql,Total:329 Passed:329 Failed:0
1634207850406,958,selenium_view_scrum_board_backlog,Success,True
.test_1_selenium_view_backlog_for_scrum_board,Total:330 Passed:330 Failed:0
1634207851244,836,selenium_view_scrum_board,Success,True
.test_1_selenium_view_scrum_board,Total:331 Passed:331 Failed:0
1634207852393,1147,selenium_view_kanban_board,Success,True
.test_1_selenium_view_kanban_board,Total:332 Passed:332 Failed:0
1634207852798,403,selenium_view_dashboard,Success,True
.test_1_selenium_view_dashboard,Total:333 Passed:333 Failed:0
1634207853590,791,selenium_view_issue,Success,True
.test_1_selenium_view_issue,Total:334 Passed:334 Failed:0
1634207853994,402,selenium_project_summary,Success,True
.test_1_selenium_view_project_summary,Total:335 Passed:335 Failed:0
1634207854290,294,selenium_log_out,Success,True
.test_2_selenium_z_log_out,Total:336 Passed:336 Failed:0


=============================== warnings summary ===============================
../../usr/local/lib/python3.8/dist-packages/_pytest/config/__init__.py:1114
  /usr/local/lib/python3.8/dist-packages/_pytest/config/__init__.py:1114: PytestAssertRewriteWarning: Module already imported so cannot be rewritten: apiritif
    self._mark_plugins_for_rewrite(hook)

-- Docs: https://docs.pytest.org/en/stable/warnings.html
======================== 14 passed, 1 warning in 12.09s ========================
============================= test session starts ==============================
platform linux -- Python 3.8.10, pytest-6.2.4, py-1.10.0, pluggy-0.13.1
rootdir: /dc-app-performance-toolkit/app
plugins: apiritif-0.9.8
collected 14 items

selenium_ui/jira_ui.py get driver from global
clear browser cookies
node_id:i-00e57178e78893fc7
1634207854482,114,selenium_login:open_login_page,Success,True
1634207854931,448,selenium_login:login_and_view_dashboard,Success,True
1634207854931,563,selenium_login,Success,True
.test_0_selenium_a_login,Total:337 Passed:337 Failed:0
1634207855189,235,selenium_browse_projects_list,Success,True
.test_1_selenium_browse_projects_list,Total:338 Passed:338 Failed:0
1634207855421,230,selenium_browse_boards_list,Success,True
.test_1_selenium_browse_boards_list,Total:339 Passed:339 Failed:0
1634207856131,689,selenium_create_issue:open_quick_create,Success,True
1634207857177,601,selenium_create_issue:fill_and_submit_issue_form:submit_issue_form,Success,True
1634207857177,1046,selenium_create_issue:fill_and_submit_issue_form,Success,True
1634207857177,1735,selenium_create_issue,Success,True
.test_1_selenium_create_issue,Total:340 Passed:340 Failed:0
1634207857823,624,selenium_edit_issue:open_edit_issue_form,Success,True
1634207858732,671,selenium_edit_issue:save_edit_issue_form,Success,True
1634207858732,1534,selenium_edit_issue,Success,True
.test_1_selenium_edit_issue,Total:341 Passed:341 Failed:0
1634207859026,292,selenium_save_comment:open_comment_form,Success,True
1634207860086,922,selenium_save_comment:submit_form,Success,True
1634207860086,1352,selenium_save_comment,Success,True
.test_1_selenium_save_comment,Total:342 Passed:342 Failed:0
1634207861291,1203,selenium_search_jql,Success,True
.test_1_selenium_search_jql,Total:343 Passed:343 Failed:0
1634207862169,876,selenium_view_scrum_board_backlog,Success,True
.test_1_selenium_view_backlog_for_scrum_board,Total:344 Passed:344 Failed:0
1634207863008,837,selenium_view_scrum_board,Success,True
.test_1_selenium_view_scrum_board,Total:345 Passed:345 Failed:0
1634207863367,357,selenium_view_kanban_board,Success,True
.test_1_selenium_view_kanban_board,Total:346 Passed:346 Failed:0
1634207863714,346,selenium_view_dashboard,Success,True
.test_1_selenium_view_dashboard,Total:347 Passed:347 Failed:0
1634207864561,845,selenium_view_issue,Success,True
.test_1_selenium_view_issue,Total:348 Passed:348 Failed:0
1634207864900,337,selenium_project_summary,Success,True
.test_1_selenium_view_project_summary,Total:349 Passed:349 Failed:0
1634207865190,288,selenium_log_out,Success,True
.test_2_selenium_z_log_out,Total:350 Passed:350 Failed:0


=============================== warnings summary ===============================
../../usr/local/lib/python3.8/dist-packages/_pytest/config/__init__.py:1114
  /usr/local/lib/python3.8/dist-packages/_pytest/config/__init__.py:1114: PytestAssertRewriteWarning: Module already imported so cannot be rewritten: apiritif
    self._mark_plugins_for_rewrite(hook)

-- Docs: https://docs.pytest.org/en/stable/warnings.html
======================== 14 passed, 1 warning in 10.87s ========================
============================= test session starts ==============================
platform linux -- Python 3.8.10, pytest-6.2.4, py-1.10.0, pluggy-0.13.1
rootdir: /dc-app-performance-toolkit/app
plugins: apiritif-0.9.8
collected 14 items

selenium_ui/jira_ui.py get driver from global
clear browser cookies
node_id:i-00e57178e78893fc7
1634207865363,115,selenium_login:open_login_page,Success,True
1634207865814,451,selenium_login:login_and_view_dashboard,Success,True
1634207865814,566,selenium_login,Success,True
.test_0_selenium_a_login,Total:351 Passed:351 Failed:0
1634207866083,238,selenium_browse_projects_list,Success,True
.test_1_selenium_browse_projects_list,Total:352 Passed:352 Failed:0
1634207866354,270,selenium_browse_boards_list,Success,True
.test_1_selenium_browse_boards_list,Total:353 Passed:353 Failed:0
1634207867074,698,selenium_create_issue:open_quick_create,Success,True
1634207868164,604,selenium_create_issue:fill_and_submit_issue_form:submit_issue_form,Success,True
1634207868164,1089,selenium_create_issue:fill_and_submit_issue_form,Success,True
1634207868164,1788,selenium_create_issue,Success,True
.test_1_selenium_create_issue,Total:354 Passed:354 Failed:0
1634207868560,375,selenium_edit_issue:open_edit_issue_form,Success,True
1634207869502,511,selenium_edit_issue:save_edit_issue_form,Success,True
1634207869502,1317,selenium_edit_issue,Success,True
.test_1_selenium_edit_issue,Total:355 Passed:355 Failed:0
1634207869810,305,selenium_save_comment:open_comment_form,Success,True
1634207870933,979,selenium_save_comment:submit_form,Success,True
1634207870934,1429,selenium_save_comment,Success,True
.test_1_selenium_save_comment,Total:356 Passed:356 Failed:0
1634207872070,1134,selenium_search_jql,Success,True
[...]
1634210199709,429,selenium_view_dashboard,Success,True
.test_1_selenium_view_dashboard,Total:3147 Passed:3147 Failed:0
1634210200495,784,selenium_view_issue,Success,True
.test_1_selenium_view_issue,Total:3148 Passed:3148 Failed:0
1634210200990,493,selenium_project_summary,Success,True
.test_1_selenium_view_project_summary,Total:3149 Passed:3149 Failed:0
1634210201257,264,selenium_log_out,Success,True
.test_2_selenium_z_log_out,Total:3150 Passed:3150 Failed:0


=============================== warnings summary ===============================
../../usr/local/lib/python3.8/dist-packages/_pytest/config/__init__.py:1114
  /usr/local/lib/python3.8/dist-packages/_pytest/config/__init__.py:1114: PytestAssertRewriteWarning: Module already imported so cannot be rewritten: apiritif
    self._mark_plugins_for_rewrite(hook)

-- Docs: https://docs.pytest.org/en/stable/warnings.html
======================== 14 passed, 1 warning in 12.07s ========================
============================= test session starts ==============================
platform linux -- Python 3.8.10, pytest-6.2.4, py-1.10.0, pluggy-0.13.1
rootdir: /dc-app-performance-toolkit/app
plugins: apiritif-0.9.8
collected 14 items

selenium_ui/jira_ui.py get driver from global
clear browser cookies
node_id:i-00e57178e78893fc7
1634210201414,106,selenium_login:open_login_page,Success,True
1634210201849,434,selenium_login:login_and_view_dashboard,Success,True
1634210201849,541,selenium_login,Success,True
.test_0_selenium_a_login,Total:3151 Passed:3151 Failed:0
1634210202150,234,selenium_browse_projects_list,Success,True
.test_1_selenium_browse_projects_list,Total:3152 Passed:3152 Failed:0
1634210202896,744,selenium_browse_boards_list,Success,True
.test_1_selenium_browse_boards_list,Total:3153 Passed:3153 Failed:0
1634210203612,648,selenium_create_issue:open_quick_create,Success,True
1634210204731,615,selenium_create_issue:fill_and_submit_issue_form:submit_issue_form,Success,True
1634210204731,1118,selenium_create_issue:fill_and_submit_issue_form,Success,True
1634210204731,1768,selenium_create_issue,Success,True
.test_1_selenium_create_issue,Total:3154 Passed:3154 Failed:0
1634210205206,400,selenium_edit_issue:open_edit_issue_form,Success,True
1634210206329,687,selenium_edit_issue:save_edit_issue_form,Success,True
1634210206330,1524,selenium_edit_issue,Success,True
.test_1_selenium_edit_issue,Total:3155 Passed:3155 Failed:0
1634210206598,266,selenium_save_comment:open_comment_form,Success,True
1634210207722,1031,selenium_save_comment:submit_form,Success,True
1634210207722,1391,selenium_save_comment,Success,True
.test_1_selenium_save_comment,Total:3156 Passed:3156 Failed:0
1634210209050,1326,selenium_search_jql,Success,True
.test_1_selenium_search_jql,Total:3157 Passed:3157 Failed:0
1634210210001,949,selenium_view_scrum_board_backlog,Success,True
.test_1_selenium_view_backlog_for_scrum_board,Total:3158 Passed:3158 Failed:0
1634210210902,900,selenium_view_scrum_board,Success,True
.test_1_selenium_view_scrum_board,Total:3159 Passed:3159 Failed:0
1634210211477,573,selenium_view_kanban_board,Success,True
.test_1_selenium_view_kanban_board,Total:3160 Passed:3160 Failed:0
1634210211984,505,selenium_view_dashboard,Success,True
.test_1_selenium_view_dashboard,Total:3161 Passed:3161 Failed:0
1634210212767,781,selenium_view_issue,Success,True
.test_1_selenium_view_issue,Total:3162 Passed:3162 Failed:0
1634210213091,322,selenium_project_summary,Success,True
.test_1_selenium_view_project_summary,Total:3163 Passed:3163 Failed:0
1634210213379,287,selenium_log_out,Success,True
.test_2_selenium_z_log_out,Total:3164 Passed:3164 Failed:0


=============================== warnings summary ===============================
../../usr/local/lib/python3.8/dist-packages/_pytest/config/__init__.py:1114
  /usr/local/lib/python3.8/dist-packages/_pytest/config/__init__.py:1114: PytestAssertRewriteWarning: Module already imported so cannot be rewritten: apiritif
    self._mark_plugins_for_rewrite(hook)

-- Docs: https://docs.pytest.org/en/stable/warnings.html
======================== 14 passed, 1 warning in 12.09s ========================
============================= test session starts ==============================
platform linux -- Python 3.8.10, pytest-6.2.4, py-1.10.0, pluggy-0.13.1
rootdir: /dc-app-performance-toolkit/app
plugins: apiritif-0.9.8
collected 14 items

selenium_ui/jira_ui.py get driver from global
clear browser cookies
node_id:i-00e57178e78893fc7
1634210213544,111,selenium_login:open_login_page,Success,True
1634210213949,404,selenium_login:login_and_view_dashboard,Success,True
1634210213949,516,selenium_login,Success,True
.test_0_selenium_a_login,Total:3165 Passed:3165 Failed:0
1634210214306,288,selenium_browse_projects_list,Success,True
.test_1_selenium_browse_projects_list,Total:3166 Passed:3166 Failed:0
1634210214542,234,selenium_browse_boards_list,Success,True
.test_1_selenium_browse_boards_list,Total:3167 Passed:3167 Failed:0
1634210215248,640,selenium_create_issue:open_quick_create,Success,True
1634210216331,609,selenium_create_issue:fill_and_submit_issue_form:submit_issue_form,Success,True
1634210216331,1083,selenium_create_issue:fill_and_submit_issue_form,Success,True
1634210216331,1724,selenium_create_issue,Success,True
.test_1_selenium_create_issue,Total:3168 Passed:3168 Failed:0
1634210217008,610,selenium_edit_issue:open_edit_issue_form,Success,True
1634210217765,449,selenium_edit_issue:save_edit_issue_form,Success,True
1634210217765,1367,selenium_edit_issue,Success,True
.test_1_selenium_edit_issue,Total:3169 Passed:3169 Failed:0
1634210218089,322,selenium_save_comment:open_comment_form,Success,True
1634210219249,1014,selenium_save_comment:submit_form,Success,True
1634210219250,1483,selenium_save_comment,Success,True
.test_1_selenium_save_comment,Total:3170 Passed:3170 Failed:0
1634210220542,1291,selenium_search_jql,Success,True
.test_1_selenium_search_jql,Total:3171 Passed:3171 Failed:0
1634210221733,1189,selenium_view_scrum_board_backlog,Success,True
.test_1_selenium_view_backlog_for_scrum_board,Total:3172 Passed:3172 Failed:0
1634210222504,769,selenium_view_scrum_board,Success,True
.test_1_selenium_view_scrum_board,Total:3173 Passed:3173 Failed:0
1634210223475,969,selenium_view_kanban_board,Success,True
.test_1_selenium_view_kanban_board,Total:3174 Passed:3174 Failed:0
1634210223787,311,selenium_view_dashboard,Success,True
.test_1_selenium_view_dashboard,Total:3175 Passed:3175 Failed:0
1634210224561,772,selenium_view_issue,Success,True
.test_1_selenium_view_issue,Total:3176 Passed:3176 Failed:0
1634210224905,342,selenium_project_summary,Success,True
.test_1_selenium_view_project_summary,Total:3177 Passed:3177 Failed:0
1634210225306,398,selenium_log_out,Success,True
.test_2_selenium_z_log_out,Total:3178 Passed:3178 Failed:0


=============================== warnings summary ===============================
../../usr/local/lib/python3.8/dist-packages/_pytest/config/__init__.py:1114
  /usr/local/lib/python3.8/dist-packages/_pytest/config/__init__.py:1114: PytestAssertRewriteWarning: Module already imported so cannot be rewritten: apiritif
    self._mark_plugins_for_rewrite(hook)

-- Docs: https://docs.pytest.org/en/stable/warnings.html
======================== 14 passed, 1 warning in 11.89s ========================
============================= test session starts ==============================
platform linux -- Python 3.8.10, pytest-6.2.4, py-1.10.0, pluggy-0.13.1
rootdir: /dc-app-performance-toolkit/app
plugins: apiritif-0.9.8
collected 14 items

selenium_ui/jira_ui.py get driver from global
clear browser cookies
node_id:i-00e57178e78893fc7
1634210225482,119,selenium_login:open_login_page,Success,True
1634210225937,454,selenium_login:login_and_view_dashboard,Success,True
1634210225937,573,selenium_login,Success,True
.test_0_selenium_a_login,Total:3179 Passed:3179 Failed:0
1634210226269,261,selenium_browse_projects_list,Success,True
.test_1_selenium_browse_projects_list,Total:3180 Passed:3180 Failed:0
1634210226508,237,selenium_browse_boards_list,Success,True
.test_1_selenium_browse_boards_list,Total:3181 Passed:3181 Failed:0
1634210227214,640,selenium_create_issue:open_quick_create,Success,True
1634210228282,611,selenium_create_issue:fill_and_submit_issue_form:submit_issue_form,Success,True
1634210228282,1068,selenium_create_issue:fill_and_submit_issue_form,Success,True
1634210228282,1709,selenium_create_issue,Success,True
.test_1_selenium_create_issue,Total:3182 Passed:3182 Failed:0
1634210228881,534,selenium_edit_issue:open_edit_issue_form,Success,True
1634210229744,559,selenium_edit_issue:save_edit_issue_form,Success,True
1634210229744,1396,selenium_edit_issue,Success,True
.test_1_selenium_edit_issue,Total:3183 Passed:3183 Failed:0
1634210229995,249,selenium_save_comment:open_comment_form,Success,True
1634210231109,936,selenium_save_comment:submit_form,Success,True
1634210231109,1364,selenium_save_comment,Success,True
.test_1_selenium_save_comment,Total:3184 Passed:3184 Failed:0
1634210232332,1220,selenium_search_jql,Success,True
.test_1_selenium_search_jql,Total:3185 Passed:3185 Failed:0
1634210233356,1023,selenium_view_scrum_board_backlog,Success,True
.test_1_selenium_view_backlog_for_scrum_board,Total:3186 Passed:3186 Failed:0
1634210234218,860,selenium_view_scrum_board,Success,True
.test_1_selenium_view_scrum_board,Total:3187 Passed:3187 Failed:0
1634210234856,637,selenium_view_kanban_board,Success,True
.test_1_selenium_view_kanban_board,Total:3188 Passed:3188 Failed:0
1634210235240,381,selenium_view_dashboard,Success,True
.test_1_selenium_view_dashboard,Total:3189 Passed:3189 Failed:0
1634210236027,785,selenium_view_issue,Success,True
.test_1_selenium_view_issue,Total:3190 Passed:3190 Failed:0
1634210236363,334,selenium_project_summary,Success,True
.test_1_selenium_view_project_summary,Total:3191 Passed:3191 Failed:0
1634210236688,323,selenium_log_out,Success,True
.test_2_selenium_z_log_out,Total:3192 Passed:3192 Failed:0


=============================== warnings summary ===============================
../../usr/local/lib/python3.8/dist-packages/_pytest/config/__init__.py:1114
  /usr/local/lib/python3.8/dist-packages/_pytest/config/__init__.py:1114: PytestAssertRewriteWarning: Module already imported so cannot be rewritten: apiritif
    self._mark_plugins_for_rewrite(hook)

-- Docs: https://docs.pytest.org/en/stable/warnings.html
======================== 14 passed, 1 warning in 11.35s ========================
============================= test session starts ==============================
platform linux -- Python 3.8.10, pytest-6.2.4, py-1.10.0, pluggy-0.13.1
rootdir: /dc-app-performance-toolkit/app
plugins: apiritif-0.9.8
collected 14 items

selenium_ui/jira_ui.py get driver from global
clear browser cookies
node_id:i-00e57178e78893fc7
1634210236858,111,selenium_login:open_login_page,Success,True
1634210237317,458,selenium_login:login_and_view_dashboard,Success,True
1634210237317,570,selenium_login,Success,True
.test_0_selenium_a_login,Total:3193 Passed:3193 Failed:0
1634210237655,258,selenium_browse_projects_list,Success,True
.test_1_selenium_browse_projects_list,Total:3194 Passed:3194 Failed:0
1634210237896,239,selenium_browse_boards_list,Success,True
.test_1_selenium_browse_boards_list,Total:3195 Passed:3195 Failed:0
1634210238608,646,selenium_create_issue:open_quick_create,Success,True
1634210239672,611,selenium_create_issue:fill_and_submit_issue_form:submit_issue_form,Success,True
1634210239672,1064,selenium_create_issue:fill_and_submit_issue_form,Success,True
1634210239672,1711,selenium_create_issue,Success,True
.test_1_selenium_create_issue,Total:3196 Passed:3196 Failed:0
1634210240133,396,selenium_edit_issue:open_edit_issue_form,Success,True
1634210241174,599,selenium_edit_issue:save_edit_issue_form,Success,True
1634210241174,1437,selenium_edit_issue,Success,True
.test_1_selenium_edit_issue,Total:3197 Passed:3197 Failed:0
1634210241507,331,selenium_save_comment:open_comment_form,Success,True
1634210242486,888,selenium_save_comment:submit_form,Success,True
1634210242486,1310,selenium_save_comment,Success,True
.test_1_selenium_save_comment,Total:3198 Passed:3198 Failed:0
1634210244001,1513,selenium_search_jql,Success,True
.test_1_selenium_search_jql,Total:3199 Passed:3199 Failed:0
1634210244943,940,selenium_view_scrum_board_backlog,Success,True
.test_1_selenium_view_backlog_for_scrum_board,Total:3200 Passed:3200 Failed:0
1634210246000,1055,selenium_view_scrum_board,Success,True
.test_1_selenium_view_scrum_board,Total:3201 Passed:3201 Failed:0
1634210247119,1118,selenium_view_kanban_board,Success,True
.test_1_selenium_view_kanban_board,Total:3202 Passed:3202 Failed:0
1634210247329,208,selenium_view_dashboard,Success,True
.test_1_selenium_view_dashboard,Total:3203 Passed:3203 Failed:0
1634210248172,841,selenium_view_issue,Success,True
.test_1_selenium_view_issue,Total:3204 Passed:3204 Failed:0
1634210248511,337,selenium_project_summary,Success,True
.test_1_selenium_view_project_summary,Total:3205 Passed:3205 Failed:0
1634210248836,323,selenium_log_out,Success,True
.test_2_selenium_z_log_out,Total:3206 Passed:3206 Failed:0


=============================== warnings summary ===============================
../../usr/local/lib/python3.8/dist-packages/_pytest/config/__init__.py:1114
  /usr/local/lib/python3.8/dist-packages/_pytest/config/__init__.py:1114: PytestAssertRewriteWarning: Module already imported so cannot be rewritten: apiritif
    self._mark_plugins_for_rewrite(hook)

-- Docs: https://docs.pytest.org/en/stable/warnings.html
======================== 14 passed, 1 warning in 12.11s ========================
============================= test session starts ==============================
platform linux -- Python 3.8.10, pytest-6.2.4, py-1.10.0, pluggy-0.13.1
rootdir: /dc-app-performance-toolkit/app
plugins: apiritif-0.9.8
collected 14 items

selenium_ui/jira_ui.py get driver from global
clear browser cookies
node_id:i-00e57178e78893fc7
1634210249007,113,selenium_login:open_login_page,Success,True
1634210249443,435,selenium_login:login_and_view_dashboard,Success,True
1634210249443,548,selenium_login,Success,True
.test_0_selenium_a_login,Total:3207 Passed:3207 Failed:0
1634210249777,266,selenium_browse_projects_list,Success,True
.test_1_selenium_browse_projects_list,Total:3208 Passed:3208 Failed:0
1634210250031,252,selenium_browse_boards_list,Success,True
.test_1_selenium_browse_boards_list,Total:3209 Passed:3209 Failed:0
1634210250786,688,selenium_create_issue:open_quick_create,Success,True
1634210251846,612,selenium_create_issue:fill_and_submit_issue_form:submit_issue_form,Success,True
1634210251847,1060,selenium_create_issue:fill_and_submit_issue_form,Success,True
1634210251847,1749,selenium_create_issue,Success,True
.test_1_selenium_create_issue,Total:3210 Passed:3210 Failed:0
1634210252323,410,selenium_edit_issue:open_edit_issue_form,Success,True
1634210253281,512,selenium_edit_issue:save_edit_issue_form,Success,True
1634210253281,1368,selenium_edit_issue,Success,True
.test_1_selenium_edit_issue,Total:3211 Passed:3211 Failed:0
1634210253536,253,selenium_save_comment:open_comment_form,Success,True
1634210254616,906,selenium_save_comment:submit_form,Success,True
1634210254616,1333,selenium_save_comment,Success,True
.test_1_selenium_save_comment,Total:3212 Passed:3212 Failed:0
1634210255879,1261,selenium_search_jql,Success,True
.test_1_selenium_search_jql,Total:3213 Passed:3213 Failed:0
1634210256729,849,selenium_view_scrum_board_backlog,Success,True
.test_1_selenium_view_backlog_for_scrum_board,Total:3214 Passed:3214 Failed:0
1634210257587,856,selenium_view_scrum_board,Success,True
.test_1_selenium_view_scrum_board,Total:3215 Passed:3215 Failed:0
1634210258572,983,selenium_view_kanban_board,Success,True
.test_1_selenium_view_kanban_board,Total:3216 Passed:3216 Failed:0
1634210259030,457,selenium_view_dashboard,Success,True
.test_1_selenium_view_dashboard,Total:3217 Passed:3217 Failed:0
1634210259778,746,selenium_view_issue,Success,True
.test_1_selenium_view_issue,Total:3218 Passed:3218 Failed:0
1634210260056,276,selenium_project_summary,Success,True
.test_1_selenium_view_project_summary,Total:3219 Passed:3219 Failed:0
1634210260380,322,selenium_log_out,Success,True
.test_2_selenium_z_log_out,Total:3220 Passed:3220 Failed:0


=============================== warnings summary ===============================
../../usr/local/lib/python3.8/dist-packages/_pytest/config/__init__.py:1114
  /usr/local/lib/python3.8/dist-packages/_pytest/config/__init__.py:1114: PytestAssertRewriteWarning: Module already imported so cannot be rewritten: apiritif
    self._mark_plugins_for_rewrite(hook)

-- Docs: https://docs.pytest.org/en/stable/warnings.html
======================== 14 passed, 1 warning in 11.51s ========================
============================= test session starts ==============================
platform linux -- Python 3.8.10, pytest-6.2.4, py-1.10.0, pluggy-0.13.1
rootdir: /dc-app-performance-toolkit/app
plugins: apiritif-0.9.8
collected 14 items

selenium_ui/jira_ui.py get driver from global
clear browser cookies
node_id:i-00e57178e78893fc7
1634210260551,114,selenium_login:open_login_page,Success,True
1634210260986,435,selenium_login:login_and_view_dashboard,Success,True
1634210260987,550,selenium_login,Success,True
.test_0_selenium_a_login,Total:3221 Passed:3221 Failed:0
1634210261318,253,selenium_browse_projects_list,Success,True
.test_1_selenium_browse_projects_list,Total:3222 Passed:3222 Failed:0
1634210261555,236,selenium_browse_boards_list,Success,True
.test_1_selenium_browse_boards_list,Total:3223 Passed:3223 Failed:0
1634210262312,688,selenium_create_issue:open_quick_create,Success,True
1634210263412,614,selenium_create_issue:fill_and_submit_issue_form:submit_issue_form,Success,True
1634210263412,1099,selenium_create_issue:fill_and_submit_issue_form,Success,True
1634210263412,1788,selenium_create_issue,Success,True
.test_1_selenium_create_issue,Total:3224 Passed:3224 Failed:0
1634210264016,537,selenium_edit_issue:open_edit_issue_form,Success,True
1634210264827,495,selenium_edit_issue:save_edit_issue_form,Success,True
1634210264827,1349,selenium_edit_issue,Success,True
.test_1_selenium_edit_issue,Total:3225 Passed:3225 Failed:0
1634210265043,214,selenium_save_comment:open_comment_form,Success,True
1634210266167,948,selenium_save_comment:submit_form,Success,True
1634210266167,1338,selenium_save_comment,Success,True
.test_1_selenium_save_comment,Total:3226 Passed:3226 Failed:0
1634210267349,1180,selenium_search_jql,Success,True
.test_1_selenium_search_jql,Total:3227 Passed:3227 Failed:0
1634210268555,1204,selenium_view_scrum_board_backlog,Success,True
.test_1_selenium_view_backlog_for_scrum_board,Total:3228 Passed:3228 Failed:0
1634210269336,779,selenium_view_scrum_board,Success,True
.test_1_selenium_view_scrum_board,Total:3229 Passed:3229 Failed:0
1634210269791,453,selenium_view_kanban_board,Success,True
.test_1_selenium_view_kanban_board,Total:3230 Passed:3230 Failed:0
1634210270197,404,selenium_view_dashboard,Success,True
.test_1_selenium_view_dashboard,Total:3231 Passed:3231 Failed:0
1634210270903,704,selenium_view_issue,Success,True
.test_1_selenium_view_issue,Total:3232 Passed:3232 Failed:0
1634210271288,384,selenium_project_summary,Success,True
.test_1_selenium_view_project_summary,Total:3233 Passed:3233 Failed:0
1634210271569,279,selenium_log_out,Success,True
.test_2_selenium_z_log_out,Total:3234 Passed:3234 Failed:0


=============================== warnings summary ===============================
../../usr/local/lib/python3.8/dist-packages/_pytest/config/__init__.py:1114
  /usr/local/lib/python3.8/dist-packages/_pytest/config/__init__.py:1114: PytestAssertRewriteWarning: Module already imported so cannot be rewritten: apiritif
    self._mark_plugins_for_rewrite(hook)

-- Docs: https://docs.pytest.org/en/stable/warnings.html
======================== 14 passed, 1 warning in 11.15s ========================
